 0.703621E-01 0.196848E-01 0.212003E-01 0.337986E+00
 0.823398E-01 0.206195E-01 0.251381E-01 0.397070E+00
 0.961930E-01 0.242089E-01 0.217747E-01 0.460090E+00
 0.846018E-01 0.239262E-01 0.293824E-01 0.406987E+00
 0.102479E+00 0.247302E-01 0.250274E-01 0.490493E+00
 0.956344E-01 0.256256E-01 0.255254E-01 0.459993E+00
 0.918388E-01 0.236892E-01 0.253377E-01 0.437770E+00
 0.986606E-01 0.253072E-01 0.225767E-01 0.470039E+00
 0.838508E-01 0.246007E-01 0.283291E-01 0.404815E+00
 0.946360E-01 0.242634E-01 0.212910E-01 0.444665E+00
 0.839270E-01 0.236095E-01 0.272104E-01 0.398096E+00
 0.921952E-01 0.242767E-01 0.212979E-01 0.435003E+00
 0.868358E-01 0.234951E-01 0.242899E-01 0.410913E+00
 0.862063E-01 0.243648E-01 0.225333E-01 0.409098E+00
 0.837222E-01 0.234830E-01 0.245466E-01 0.397262E+00
 0.864902E-01 0.236476E-01 0.217954E-01 0.412474E+00
 0.806108E-01 0.234330E-01 0.232946E-01 0.388774E+00
 0.816053E-01 0.234358E-01 0.211622E-01 0.389160E+00
 0.770386E-01 0.230963E-01 0.217744E-01 0.371171E+00
 0.756303E-01 0.221357E-01 0.187370E-01 0.365333E+00
 0.680353E-01 0.209606E-01 0.197377E-01 0.330080E+00
 0.697325E-01 0.198115E-01 0.166615E-01 0.333768E+00
 0.609754E-01 0.182594E-01 0.174292E-01 0.293660E+00
 0.591544E-01 0.168601E-01 0.147631E-01 0.285825E+00
 0.522327E-01 0.154354E-01 0.150917E-01 0.254658E+00
 0.509217E-01 0.141369E-01 0.124603E-01 0.245082E+00
 0.444746E-01 0.126633E-01 0.128074E-01 0.215191E+00
 0.434610E-01 0.116035E-01 0.105635E-01 0.209929E+00
 0.374799E-01 0.105974E-01 0.111298E-01 0.183534E+00
 0.377494E-01 0.963108E-02 0.947498E-02 0.181825E+00
 0.335464E-01 0.885362E-02 0.104134E-01 0.160755E+00
 0.338395E-01 0.815013E-02 0.882152E-02 0.161310E+00
 0.294043E-01 0.777879E-02 0.960204E-02 0.141826E+00
 0.314091E-01 0.719124E-02 0.762972E-02 0.148698E+00
 0.265640E-01 0.688218E-02 0.868907E-02 0.125458E+00
 0.290991E-01 0.653295E-02 0.651064E-02 0.137110E+00
 0.229803E-01 0.626014E-02 0.764575E-02 0.110487E+00
 0.255667E-01 0.585459E-02 0.568478E-02 0.121123E+00
 0.200247E-01 0.555194E-02 0.694544E-02 0.948819E-01
 0.222059E-01 0.534479E-02 0.520257E-02 0.104434E+00
 0.172436E-01 0.494001E-02 0.602356E-02 0.821084E-01
 0.188920E-01 0.464463E-02 0.457216E-02 0.895604E-01
 0.155092E-01 0.430518E-02 0.499164E-02 0.736533E-01
 0.166851E-01 0.413787E-02 0.399768E-02 0.782137E-01
 0.137816E-01 0.372864E-02 0.401409E-02 0.655177E-01
 0.134601E-01 0.349070E-02 0.355989E-02 0.637651E-01
 0.120243E-01 0.319850E-02 0.330501E-02 0.565696E-01
 0.107600E-01 0.298161E-02 0.326551E-02 0.498862E-01
 0.102800E-01 0.268459E-02 0.268416E-02 0.479422E-01
 0.867540E-02 0.248478E-02 0.282826E-02 0.401649E-01
 0.927922E-02 0.229149E-02 0.212771E-02 0.422305E-01
 0.771426E-02 0.207815E-02 0.231037E-02 0.346263E-01
 0.811310E-02 0.192254E-02 0.168456E-02 0.371441E-01
 0.665575E-02 0.168721E-02 0.186784E-02 0.305405E-01
 0.700286E-02 0.155522E-02 0.146348E-02 0.317212E-01
 0.588274E-02 0.137951E-02 0.155948E-02 0.263090E-01
 0.559178E-02 0.127712E-02 0.131383E-02 0.256227E-01
 0.484281E-02 0.112501E-02 0.131991E-02 0.224253E-01
 0.471474E-02 0.106391E-02 0.116921E-02 0.210548E-01
 0.431199E-02 0.958712E-03 0.111334E-02 0.191807E-01
 0.389081E-02 0.889665E-03 0.100028E-02 0.177889E-01
 0.372902E-02 0.829167E-03 0.883898E-03 0.167201E-01
 0.344498E-02 0.757156E-03 0.817840E-03 0.152744E-01
 0.336750E-02 0.730142E-03 0.702025E-03 0.147593E-01
 0.299602E-02 0.671394E-03 0.669135E-03 0.132353E-01
 0.289840E-02 0.646133E-03 0.592798E-03 0.125434E-01
 0.266681E-02 0.588731E-03 0.592023E-03 0.112742E-01
 0.245823E-02 0.585862E-03 0.527516E-03 0.105288E-01
 0.219621E-02 0.555708E-03 0.518930E-03 0.938876E-02
 0.208357E-02 0.509109E-03 0.440521E-03 0.881182E-02
 0.191525E-02 0.499308E-03 0.414296E-03 0.814969E-02
 0.178070E-02 0.479584E-03 0.343945E-03 0.789197E-02
 0.160197E-02 0.447040E-03 0.329734E-03 0.726415E-02
 0.156072E-02 0.425891E-03 0.295086E-03 0.682546E-02
 0.136890E-02 0.422796E-03 0.325077E-03 0.603459E-02
 0.125110E-02 0.404838E-03 0.323515E-03 0.557696E-02
 0.118045E-02 0.380997E-03 0.337772E-03 0.508787E-02
 0.118518E-02 0.357779E-03 0.331004E-03 0.487094E-02
 0.121030E-02 0.358671E-03 0.319294E-03 0.485528E-02
 0.127186E-02 0.365774E-03 0.289164E-03 0.499751E-02
 0.125241E-02 0.358330E-03 0.246866E-03 0.493833E-02
 0.126028E-02 0.358546E-03 0.208799E-03 0.482950E-02
 0.120446E-02 0.365078E-03 0.178720E-03 0.467605E-02
 0.111377E-02 0.363436E-03 0.186808E-03 0.426172E-02
 0.104846E-02 0.338173E-03 0.175938E-03 0.391939E-02
 0.913766E-03 0.320784E-03 0.182348E-03 0.351170E-02
 0.874482E-03 0.306058E-03 0.168297E-03 0.356327E-02
 0.890768E-03 0.278449E-03 0.159054E-03 0.370356E-02
 0.946407E-03 0.250519E-03 0.134210E-03 0.404094E-02
 0.950554E-03 0.231048E-03 0.112911E-03 0.411198E-02
 0.995586E-03 0.216602E-03 0.958090E-04 0.430051E-02
 0.987499E-03 0.200199E-03 0.993744E-04 0.428074E-02
 0.952316E-03 0.188668E-03 0.113480E-03 0.422919E-02
 0.971970E-03 0.183652E-03 0.127518E-03 0.421333E-02
 0.101099E-02 0.182738E-03 0.140877E-03 0.428414E-02
 0.101945E-02 0.183184E-03 0.140109E-03 0.430572E-02
 0.106046E-02 0.181797E-03 0.136937E-03 0.433445E-02
 0.111060E-02 0.182186E-03 0.123121E-03 0.442455E-02
 0.112636E-02 0.181828E-03 0.103532E-03 0.444303E-02
 0.112585E-02 0.174217E-03 0.810211E-04 0.441564E-02
 0.111769E-02 0.166808E-03 0.716256E-04 0.430651E-02
 0.108685E-02 0.160092E-03 0.668808E-04 0.416750E-02
 0.103487E-02 0.149152E-03 0.677154E-04 0.391765E-02
 0.972426E-03 0.137802E-03 0.676769E-04 0.367371E-02
 0.924108E-03 0.130756E-03 0.632588E-04 0.351563E-02
 0.884003E-03 0.125376E-03 0.608541E-04 0.344814E-02
 0.862504E-03 0.122038E-03 0.547227E-04 0.343278E-02
 0.856793E-03 0.123955E-03 0.480363E-04 0.338166E-02
 0.849320E-03 0.130263E-03 0.457742E-04 0.330538E-02
 0.833742E-03 0.136427E-03 0.478424E-04 0.316439E-02
 0.803595E-03 0.144342E-03 0.531043E-04 0.298791E-02
 0.766957E-03 0.154343E-03 0.618806E-04 0.276168E-02
 0.738947E-03 0.163219E-03 0.671656E-04 0.259155E-02
 0.711294E-03 0.172963E-03 0.688987E-04 0.241304E-02
 0.697012E-03 0.182265E-03 0.664042E-04 0.229459E-02
 0.680557E-03 0.188959E-03 0.607715E-04 0.222502E-02
 0.669846E-03 0.195383E-03 0.506646E-04 0.218389E-02
 0.646266E-03 0.199988E-03 0.394915E-04 0.210632E-02
 0.619081E-03 0.201647E-03 0.295308E-04 0.200249E-02
 0.584850E-03 0.202015E-03 0.253716E-04 0.185329E-02
 0.547576E-03 0.201422E-03 0.252846E-04 0.168918E-02
 0.523012E-03 0.199313E-03 0.262965E-04 0.159404E-02
 0.506255E-03 0.196505E-03 0.259255E-04 0.154779E-02
 0.487699E-03 0.194215E-03 0.256115E-04 0.151525E-02
 0.472899E-03 0.191919E-03 0.248865E-04 0.152445E-02
 0.458576E-03 0.190208E-03 0.239640E-04 0.153945E-02
 0.449200E-03 0.190007E-03 0.244688E-04 0.156696E-02
 0.443719E-03 0.190757E-03 0.254422E-04 0.160517E-02
 0.439080E-03 0.191302E-03 0.288423E-04 0.164323E-02
 0.437018E-03 0.191932E-03 0.325625E-04 0.168412E-02
 0.438045E-03 0.192809E-03 0.351679E-04 0.173127E-02
 0.438621E-03 0.193409E-03 0.368213E-04 0.177408E-02
 0.440707E-03 0.193843E-03 0.365442E-04 0.181281E-02
 0.441735E-03 0.194594E-03 0.341954E-04 0.185210E-02
 0.441259E-03 0.195267E-03 0.302757E-04 0.188225E-02
 0.437511E-03 0.195433E-03 0.252252E-04 0.190464E-02
 0.431438E-03 0.195155E-03 0.196960E-04 0.192035E-02
 0.423293E-03 0.194295E-03 0.159056E-04 0.192601E-02
 0.413870E-03 0.192768E-03 0.149708E-04 0.191978E-02
 0.403852E-03 0.190567E-03 0.143843E-04 0.190352E-02
 0.392286E-03 0.187668E-03 0.138319E-04 0.187523E-02
 0.379024E-03 0.184009E-03 0.128788E-04 0.183437E-02
 0.365022E-03 0.179657E-03 0.117008E-04 0.178355E-02
 0.349300E-03 0.174647E-03 0.111887E-04 0.172184E-02
 0.332269E-03 0.169028E-03 0.113462E-04 0.164952E-02
 0.314884E-03 0.162884E-03 0.128128E-04 0.156900E-02
 0.297193E-03 0.156354E-03 0.146513E-04 0.148089E-02
 0.279563E-03 0.149500E-03 0.166569E-04 0.138675E-02
 0.262639E-03 0.142419E-03 0.185274E-04 0.128651E-02
 0.246809E-03 0.135233E-03 0.195645E-04 0.118286E-02
 0.232139E-03 0.128010E-03 0.197654E-04 0.107661E-02
 0.218532E-03 0.120791E-03 0.189818E-04 0.969665E-03
 0.206012E-03 0.113641E-03 0.174315E-04 0.876634E-03
 0.194298E-03 0.106606E-03 0.154125E-04 0.792229E-03
 0.183746E-03 0.100001E-03 0.131310E-04 0.711249E-03
 0.174804E-03 0.957056E-04 0.111308E-04 0.640266E-03
 0.167326E-03 0.931356E-04 0.994497E-05 0.574515E-03
 0.161335E-03 0.908495E-04 0.930938E-05 0.520126E-03
 0.157195E-03 0.883383E-04 0.859167E-05 0.480998E-03
 0.155192E-03 0.855785E-04 0.777520E-05 0.466639E-03
 0.157434E-03 0.825315E-04 0.696534E-05 0.479669E-03
 0.163884E-03 0.791953E-04 0.638794E-05 0.507878E-03
 0.171796E-03 0.755838E-04 0.650898E-05 0.541623E-03
 0.180588E-03 0.717272E-04 0.713843E-05 0.581545E-03
 0.190123E-03 0.676905E-04 0.805019E-05 0.626730E-03
 0.199801E-03 0.636675E-04 0.905079E-05 0.675232E-03
 0.209544E-03 0.600162E-04 0.100257E-04 0.725584E-03
 0.219158E-03 0.566496E-04 0.106001E-04 0.776461E-03
 0.228198E-03 0.535149E-04 0.107095E-04 0.824987E-03
 0.236381E-03 0.505555E-04 0.104287E-04 0.869667E-03
 0.243659E-03 0.477807E-04 0.978387E-05 0.909876E-03
 0.249728E-03 0.451978E-04 0.889125E-05 0.944651E-03
 0.254518E-03 0.427657E-04 0.787045E-05 0.973832E-03
 0.258219E-03 0.405839E-04 0.684628E-05 0.997775E-03
 0.260921E-03 0.387029E-04 0.602923E-05 0.101604E-02
 0.262674E-03 0.370331E-04 0.543405E-05 0.102899E-02
 0.263563E-03 0.355146E-04 0.506074E-05 0.103720E-02
 0.263516E-03 0.342934E-04 0.488780E-05 0.103999E-02
 0.262844E-03 0.335120E-04 0.485990E-05 0.103828E-02
 0.261491E-03 0.332254E-04 0.506340E-05 0.103190E-02
 0.259439E-03 0.335044E-04 0.537530E-05 0.102118E-02
 0.256995E-03 0.344354E-04 0.570644E-05 0.100654E-02
 0.254217E-03 0.363012E-04 0.612212E-05 0.988472E-03
 0.250411E-03 0.384611E-04 0.654260E-05 0.965352E-03
 0.245798E-03 0.406425E-04 0.686735E-05 0.937576E-03
 0.240489E-03 0.427605E-04 0.710177E-05 0.906673E-03
 0.234271E-03 0.448015E-04 0.719513E-05 0.871960E-03
 0.227367E-03 0.467862E-04 0.709264E-05 0.833888E-03
 0.219863E-03 0.486041E-04 0.679492E-05 0.793543E-03
 0.211813E-03 0.502496E-04 0.639526E-05 0.750928E-03
 0.203396E-03 0.517552E-04 0.598446E-05 0.706755E-03
 0.194982E-03 0.531008E-04 0.558090E-05 0.662493E-03
 0.186803E-03 0.542374E-04 0.524509E-05 0.618733E-03
