 0.596439E-02 0.288650E-02 0.643590E-04 0.269915E-01
 0.815937E-02 0.308469E-02 0.157438E-03 0.370260E-01
 0.995604E-02 0.330663E-02 0.276227E-03 0.457590E-01
 0.113895E-01 0.356178E-02 0.411192E-03 0.533117E-01
 0.126688E-01 0.387393E-02 0.557416E-03 0.599874E-01
 0.142544E-01 0.421962E-02 0.710309E-03 0.661138E-01
 0.160237E-01 0.460855E-02 0.864726E-03 0.720156E-01
 0.179123E-01 0.503980E-02 0.102157E-02 0.779776E-01
 0.199683E-01 0.552952E-02 0.118389E-02 0.843520E-01
 0.222057E-01 0.609870E-02 0.135755E-02 0.917549E-01
 0.246469E-01 0.677356E-02 0.155010E-02 0.100649E+00
 0.273543E-01 0.759699E-02 0.177282E-02 0.111425E+00
 0.304211E-01 0.863272E-02 0.205278E-02 0.124837E+00
 0.339664E-01 0.995602E-02 0.243777E-02 0.141946E+00
 0.381485E-01 0.116694E-01 0.295153E-02 0.164226E+00
 0.432212E-01 0.139354E-01 0.364745E-02 0.194032E+00
 0.495232E-01 0.170199E-01 0.462154E-02 0.235225E+00
 0.576818E-01 0.213781E-01 0.605535E-02 0.294526E+00
 0.686395E-01 0.278651E-01 0.833998E-02 0.385195E+00
 0.842316E-01 0.384689E-01 0.126445E-01 0.542412E+00
 0.111493E+00 0.716803E-01 0.422147E-01 0.194830E+01
          NaN          NaN          NaN          NaN
          NaN          NaN          NaN          NaN
          NaN          NaN          NaN          NaN
          NaN          NaN          NaN          NaN
          NaN          NaN          NaN          NaN
          NaN          NaN          NaN          NaN
          NaN          NaN          NaN          NaN
          NaN          NaN          NaN          NaN
          NaN          NaN          NaN          NaN
          NaN          NaN          NaN          NaN
          NaN          NaN          NaN          NaN
          NaN          NaN          NaN          NaN
          NaN          NaN          NaN          NaN
          NaN          NaN          NaN          NaN
          NaN          NaN          NaN          NaN
          NaN          NaN          NaN          NaN
          NaN          NaN          NaN          NaN
          NaN          NaN          NaN          NaN
          NaN          NaN          NaN          NaN
          NaN          NaN          NaN          NaN
          NaN          NaN          NaN          NaN
          NaN          NaN          NaN          NaN
          NaN          NaN          NaN          NaN
          NaN          NaN          NaN          NaN
          NaN          NaN          NaN          NaN
          NaN          NaN          NaN          NaN
          NaN          NaN          NaN          NaN
          NaN          NaN          NaN          NaN
          NaN          NaN          NaN          NaN
          NaN          NaN          NaN          NaN
          NaN          NaN          NaN          NaN
          NaN          NaN          NaN          NaN
          NaN          NaN          NaN          NaN
          NaN          NaN          NaN          NaN
          NaN          NaN          NaN          NaN
          NaN          NaN          NaN          NaN
          NaN          NaN          NaN          NaN
          NaN          NaN          NaN          NaN
          NaN          NaN          NaN          NaN
          NaN          NaN          NaN          NaN
          NaN          NaN          NaN          NaN
          NaN          NaN          NaN          NaN
          NaN          NaN          NaN          NaN
          NaN          NaN          NaN          NaN
          NaN          NaN          NaN          NaN
          NaN          NaN          NaN          NaN
          NaN          NaN          NaN          NaN
          NaN          NaN          NaN          NaN
          NaN          NaN          NaN          NaN
          NaN          NaN          NaN          NaN
          NaN          NaN          NaN          NaN
          NaN          NaN          NaN          NaN
          NaN          NaN          NaN          NaN
          NaN          NaN          NaN          NaN
          NaN          NaN          NaN          NaN
          NaN          NaN          NaN          NaN
          NaN          NaN          NaN          NaN
          NaN          NaN          NaN          NaN
          NaN          NaN          NaN          NaN
          NaN          NaN          NaN          NaN
          NaN          NaN          NaN          NaN
          NaN          NaN          NaN          NaN
          NaN          NaN          NaN          NaN
          NaN          NaN          NaN          NaN
          NaN          NaN          NaN          NaN
          NaN          NaN          NaN          NaN
          NaN          NaN          NaN          NaN
          NaN          NaN          NaN          NaN
          NaN          NaN          NaN          NaN
          NaN          NaN          NaN          NaN
          NaN          NaN          NaN          NaN
          NaN          NaN          NaN          NaN
          NaN          NaN          NaN          NaN
          NaN          NaN          NaN          NaN
          NaN          NaN          NaN          NaN
          NaN          NaN          NaN          NaN
          NaN          NaN          NaN          NaN
          NaN          NaN          NaN          NaN
          NaN          NaN          NaN          NaN
          NaN          NaN          NaN          NaN
          NaN          NaN          NaN          NaN
          NaN          NaN          NaN          NaN
          NaN          NaN          NaN          NaN
          NaN          NaN          NaN          NaN
          NaN          NaN          NaN          NaN
          NaN          NaN          NaN          NaN
          NaN          NaN          NaN          NaN
          NaN          NaN          NaN          NaN
          NaN          NaN          NaN          NaN
          NaN          NaN          NaN          NaN
          NaN          NaN          NaN          NaN
          NaN          NaN          NaN          NaN
          NaN          NaN          NaN          NaN
          NaN          NaN          NaN          NaN
          NaN          NaN          NaN          NaN
          NaN          NaN          NaN          NaN
          NaN          NaN          NaN          NaN
          NaN          NaN          NaN          NaN
          NaN          NaN          NaN          NaN
          NaN          NaN          NaN          NaN
          NaN          NaN          NaN          NaN
          NaN          NaN          NaN          NaN
          NaN          NaN          NaN          NaN
          NaN          NaN          NaN          NaN
          NaN          NaN          NaN          NaN
          NaN          NaN          NaN          NaN
          NaN          NaN          NaN          NaN
          NaN          NaN          NaN          NaN
          NaN          NaN          NaN          NaN
          NaN          NaN          NaN          NaN
          NaN          NaN          NaN          NaN
          NaN          NaN          NaN          NaN
          NaN          NaN          NaN          NaN
          NaN          NaN          NaN          NaN
          NaN          NaN          NaN          NaN
          NaN          NaN          NaN          NaN
          NaN          NaN          NaN          NaN
          NaN          NaN          NaN          NaN
          NaN          NaN          NaN          NaN
          NaN          NaN          NaN          NaN
          NaN          NaN          NaN          NaN
          NaN          NaN          NaN          NaN
          NaN          NaN          NaN          NaN
          NaN          NaN          NaN          NaN
          NaN          NaN          NaN          NaN
          NaN          NaN          NaN          NaN
          NaN          NaN          NaN          NaN
          NaN          NaN          NaN          NaN
          NaN          NaN          NaN          NaN
          NaN          NaN          NaN          NaN
          NaN          NaN          NaN          NaN
          NaN          NaN          NaN          NaN
          NaN          NaN          NaN          NaN
          NaN          NaN          NaN          NaN
          NaN          NaN          NaN          NaN
          NaN          NaN          NaN          NaN
          NaN          NaN          NaN          NaN
          NaN          NaN          NaN          NaN
          NaN          NaN          NaN          NaN
          NaN          NaN          NaN          NaN
          NaN          NaN          NaN          NaN
          NaN          NaN          NaN          NaN
          NaN          NaN          NaN          NaN
          NaN          NaN          NaN          NaN
          NaN          NaN          NaN          NaN
          NaN          NaN          NaN          NaN
          NaN          NaN          NaN          NaN
          NaN          NaN          NaN          NaN
          NaN          NaN          NaN          NaN
          NaN          NaN          NaN          NaN
          NaN          NaN          NaN          NaN
          NaN          NaN          NaN          NaN
          NaN          NaN          NaN          NaN
          NaN          NaN          NaN          NaN
          NaN          NaN          NaN          NaN
          NaN          NaN          NaN          NaN
          NaN          NaN          NaN          NaN
          NaN          NaN          NaN          NaN
          NaN          NaN          NaN          NaN
          NaN          NaN          NaN          NaN
          NaN          NaN          NaN          NaN
          NaN          NaN          NaN          NaN
          NaN          NaN          NaN          NaN
          NaN          NaN          NaN          NaN
          NaN          NaN          NaN          NaN
          NaN          NaN          NaN          NaN
          NaN          NaN          NaN          NaN
          NaN          NaN          NaN          NaN
          NaN          NaN          NaN          NaN
          NaN          NaN          NaN          NaN
          NaN          NaN          NaN          NaN
          NaN          NaN          NaN          NaN
          NaN          NaN          NaN          NaN
          NaN          NaN          NaN          NaN
          NaN          NaN          NaN          NaN
          NaN          NaN          NaN          NaN
          NaN          NaN          NaN          NaN
          NaN          NaN          NaN          NaN
          NaN          NaN          NaN          NaN
          NaN          NaN          NaN          NaN
          NaN          NaN          NaN          NaN
          NaN          NaN          NaN          NaN
          NaN          NaN          NaN          NaN
          NaN          NaN          NaN          NaN
          NaN          NaN          NaN          NaN
          NaN          NaN          NaN          NaN
          NaN          NaN          NaN          NaN
          NaN          NaN          NaN          NaN
          NaN          NaN          NaN          NaN
          NaN          NaN          NaN          NaN
          NaN          NaN          NaN          NaN
          NaN          NaN          NaN          NaN
          NaN          NaN          NaN          NaN
          NaN          NaN          NaN          NaN
          NaN          NaN          NaN          NaN
          NaN          NaN          NaN          NaN
          NaN          NaN          NaN          NaN
          NaN          NaN          NaN          NaN
          NaN          NaN          NaN          NaN
          NaN          NaN          NaN          NaN
          NaN          NaN          NaN          NaN
          NaN          NaN          NaN          NaN
          NaN          NaN          NaN          NaN
          NaN          NaN          NaN          NaN
          NaN          NaN          NaN          NaN
          NaN          NaN          NaN          NaN
          NaN          NaN          NaN          NaN
          NaN          NaN          NaN          NaN
          NaN          NaN          NaN          NaN
          NaN          NaN          NaN          NaN
          NaN          NaN          NaN          NaN
          NaN          NaN          NaN          NaN
          NaN          NaN          NaN          NaN
          NaN          NaN          NaN          NaN
          NaN          NaN          NaN          NaN
          NaN          NaN          NaN          NaN
          NaN          NaN          NaN          NaN
          NaN          NaN          NaN          NaN
          NaN          NaN          NaN          NaN
          NaN          NaN          NaN          NaN
          NaN          NaN          NaN          NaN
          NaN          NaN          NaN          NaN
          NaN          NaN          NaN          NaN
          NaN          NaN          NaN          NaN
          NaN          NaN          NaN          NaN
          NaN          NaN          NaN          NaN
          NaN          NaN          NaN          NaN
          NaN          NaN          NaN          NaN
          NaN          NaN          NaN          NaN
          NaN          NaN          NaN          NaN
          NaN          NaN          NaN          NaN
          NaN          NaN          NaN          NaN
          NaN          NaN          NaN          NaN
          NaN          NaN          NaN          NaN
          NaN          NaN          NaN          NaN
          NaN          NaN          NaN          NaN
          NaN          NaN          NaN          NaN
          NaN          NaN          NaN          NaN
          NaN          NaN          NaN          NaN
          NaN          NaN          NaN          NaN
          NaN          NaN          NaN          NaN
          NaN          NaN          NaN          NaN
          NaN          NaN          NaN          NaN
          NaN          NaN          NaN          NaN
          NaN          NaN          NaN          NaN
          NaN          NaN          NaN          NaN
          NaN          NaN          NaN          NaN
          NaN          NaN          NaN          NaN
          NaN          NaN          NaN          NaN
          NaN          NaN          NaN          NaN
          NaN          NaN          NaN          NaN
          NaN          NaN          NaN          NaN
          NaN          NaN          NaN          NaN
          NaN          NaN          NaN          NaN
          NaN          NaN          NaN          NaN
          NaN          NaN          NaN          NaN
          NaN          NaN          NaN          NaN
          NaN          NaN          NaN          NaN
          NaN          NaN          NaN          NaN
          NaN          NaN          NaN          NaN
          NaN          NaN          NaN          NaN
          NaN          NaN          NaN          NaN
          NaN          NaN          NaN          NaN
          NaN          NaN          NaN          NaN
          NaN          NaN          NaN          NaN
          NaN          NaN          NaN          NaN
          NaN          NaN          NaN          NaN
          NaN          NaN          NaN          NaN
          NaN          NaN          NaN          NaN
          NaN          NaN          NaN          NaN
          NaN          NaN          NaN          NaN
          NaN          NaN          NaN          NaN
          NaN          NaN          NaN          NaN
          NaN          NaN          NaN          NaN
          NaN          NaN          NaN          NaN
          NaN          NaN          NaN          NaN
          NaN          NaN          NaN          NaN
          NaN          NaN          NaN          NaN
          NaN          NaN          NaN          NaN
          NaN          NaN          NaN          NaN
          NaN          NaN          NaN          NaN
          NaN          NaN          NaN          NaN
          NaN          NaN          NaN          NaN
          NaN          NaN          NaN          NaN
          NaN          NaN          NaN          NaN
          NaN          NaN          NaN          NaN
          NaN          NaN          NaN          NaN
          NaN          NaN          NaN          NaN
          NaN          NaN          NaN          NaN
          NaN          NaN          NaN          NaN
          NaN          NaN          NaN          NaN
          NaN          NaN          NaN          NaN
          NaN          NaN          NaN          NaN
          NaN          NaN          NaN          NaN
          NaN          NaN          NaN          NaN
          NaN          NaN          NaN          NaN
          NaN          NaN          NaN          NaN
          NaN          NaN          NaN          NaN
          NaN          NaN          NaN          NaN
          NaN          NaN          NaN          NaN
          NaN          NaN          NaN          NaN
          NaN          NaN          NaN          NaN
          NaN          NaN          NaN          NaN
          NaN          NaN          NaN          NaN
          NaN          NaN          NaN          NaN
          NaN          NaN          NaN          NaN
          NaN          NaN          NaN          NaN
          NaN          NaN          NaN          NaN
          NaN          NaN          NaN          NaN
          NaN          NaN          NaN          NaN
          NaN          NaN          NaN          NaN
          NaN          NaN          NaN          NaN
          NaN          NaN          NaN          NaN
          NaN          NaN          NaN          NaN
          NaN          NaN          NaN          NaN
          NaN          NaN          NaN          NaN
          NaN          NaN          NaN          NaN
          NaN          NaN          NaN          NaN
          NaN          NaN          NaN          NaN
          NaN          NaN          NaN          NaN
          NaN          NaN          NaN          NaN
          NaN          NaN          NaN          NaN
          NaN          NaN          NaN          NaN
          NaN          NaN          NaN          NaN
          NaN          NaN          NaN          NaN
          NaN          NaN          NaN          NaN
          NaN          NaN          NaN          NaN
          NaN          NaN          NaN          NaN
          NaN          NaN          NaN          NaN
          NaN          NaN          NaN          NaN
          NaN          NaN          NaN          NaN
          NaN          NaN          NaN          NaN
          NaN          NaN          NaN          NaN
          NaN          NaN          NaN          NaN
          NaN          NaN          NaN          NaN
          NaN          NaN          NaN          NaN
          NaN          NaN          NaN          NaN
          NaN          NaN          NaN          NaN
          NaN          NaN          NaN          NaN
          NaN          NaN          NaN          NaN
          NaN          NaN          NaN          NaN
          NaN          NaN          NaN          NaN
          NaN          NaN          NaN          NaN
          NaN          NaN          NaN          NaN
          NaN          NaN          NaN          NaN
          NaN          NaN          NaN          NaN
          NaN          NaN          NaN          NaN
          NaN          NaN          NaN          NaN
          NaN          NaN          NaN          NaN
          NaN          NaN          NaN          NaN
          NaN          NaN          NaN          NaN
          NaN          NaN          NaN          NaN
          NaN          NaN          NaN          NaN
          NaN          NaN          NaN          NaN
          NaN          NaN          NaN          NaN
          NaN          NaN          NaN          NaN
          NaN          NaN          NaN          NaN
          NaN          NaN          NaN          NaN
          NaN          NaN          NaN          NaN
          NaN          NaN          NaN          NaN
          NaN          NaN          NaN          NaN
          NaN          NaN          NaN          NaN
          NaN          NaN          NaN          NaN
          NaN          NaN          NaN          NaN
          NaN          NaN          NaN          NaN
          NaN          NaN          NaN          NaN
          NaN          NaN          NaN          NaN
          NaN          NaN          NaN          NaN
          NaN          NaN          NaN          NaN
          NaN          NaN          NaN          NaN
          NaN          NaN          NaN          NaN
          NaN          NaN          NaN          NaN
          NaN          NaN          NaN          NaN
          NaN          NaN          NaN          NaN
          NaN          NaN          NaN          NaN
          NaN          NaN          NaN          NaN
          NaN          NaN          NaN          NaN
          NaN          NaN          NaN          NaN
          NaN          NaN          NaN          NaN
          NaN          NaN          NaN          NaN
          NaN          NaN          NaN          NaN
          NaN          NaN          NaN          NaN
          NaN          NaN          NaN          NaN
          NaN          NaN          NaN          NaN
          NaN          NaN          NaN          NaN
          NaN          NaN          NaN          NaN
          NaN          NaN          NaN          NaN
          NaN          NaN          NaN          NaN
          NaN          NaN          NaN          NaN
          NaN          NaN          NaN          NaN
          NaN          NaN          NaN          NaN
          NaN          NaN          NaN          NaN
          NaN          NaN          NaN          NaN
          NaN          NaN          NaN          NaN
          NaN          NaN          NaN          NaN
          NaN          NaN          NaN          NaN
          NaN          NaN          NaN          NaN
          NaN          NaN          NaN          NaN
          NaN          NaN          NaN          NaN
          NaN          NaN          NaN          NaN
          NaN          NaN          NaN          NaN
          NaN          NaN          NaN          NaN
          NaN          NaN          NaN          NaN
          NaN          NaN          NaN          NaN
          NaN          NaN          NaN          NaN
          NaN          NaN          NaN          NaN
          NaN          NaN          NaN          NaN
          NaN          NaN          NaN          NaN
          NaN          NaN          NaN          NaN
          NaN          NaN          NaN          NaN
          NaN          NaN          NaN          NaN
          NaN          NaN          NaN          NaN
          NaN          NaN          NaN          NaN
          NaN          NaN          NaN          NaN
          NaN          NaN          NaN          NaN
          NaN          NaN          NaN          NaN
          NaN          NaN          NaN          NaN
          NaN          NaN          NaN          NaN
          NaN          NaN          NaN          NaN
          NaN          NaN          NaN          NaN
          NaN          NaN          NaN          NaN
          NaN          NaN          NaN          NaN
          NaN          NaN          NaN          NaN
          NaN          NaN          NaN          NaN
          NaN          NaN          NaN          NaN
          NaN          NaN          NaN          NaN
          NaN          NaN          NaN          NaN
          NaN          NaN          NaN          NaN
          NaN          NaN          NaN          NaN
          NaN          NaN          NaN          NaN
          NaN          NaN          NaN          NaN
          NaN          NaN          NaN          NaN
          NaN          NaN          NaN          NaN
          NaN          NaN          NaN          NaN
          NaN          NaN          NaN          NaN
          NaN          NaN          NaN          NaN
          NaN          NaN          NaN          NaN
          NaN          NaN          NaN          NaN
          NaN          NaN          NaN          NaN
          NaN          NaN          NaN          NaN
          NaN          NaN          NaN          NaN
          NaN          NaN          NaN          NaN
          NaN          NaN          NaN          NaN
          NaN          NaN          NaN          NaN
          NaN          NaN          NaN          NaN
          NaN          NaN          NaN          NaN
          NaN          NaN          NaN          NaN
          NaN          NaN          NaN          NaN
          NaN          NaN          NaN          NaN
          NaN          NaN          NaN          NaN
          NaN          NaN          NaN          NaN
          NaN          NaN          NaN          NaN
          NaN          NaN          NaN          NaN
          NaN          NaN          NaN          NaN
          NaN          NaN          NaN          NaN
          NaN          NaN          NaN          NaN
          NaN          NaN          NaN          NaN
          NaN          NaN          NaN          NaN
          NaN          NaN          NaN          NaN
          NaN          NaN          NaN          NaN
          NaN          NaN          NaN          NaN
          NaN          NaN          NaN          NaN
          NaN          NaN          NaN          NaN
          NaN          NaN          NaN          NaN
          NaN          NaN          NaN          NaN
          NaN          NaN          NaN          NaN
          NaN          NaN          NaN          NaN
          NaN          NaN          NaN          NaN
          NaN          NaN          NaN          NaN
          NaN          NaN          NaN          NaN
          NaN          NaN          NaN          NaN
          NaN          NaN          NaN          NaN
          NaN          NaN          NaN          NaN
          NaN          NaN          NaN          NaN
          NaN          NaN          NaN          NaN
          NaN          NaN          NaN          NaN
          NaN          NaN          NaN          NaN
          NaN          NaN          NaN          NaN
          NaN          NaN          NaN          NaN
          NaN          NaN          NaN          NaN
          NaN          NaN          NaN          NaN
          NaN          NaN          NaN          NaN
          NaN          NaN          NaN          NaN
          NaN          NaN          NaN          NaN
          NaN          NaN          NaN          NaN
          NaN          NaN          NaN          NaN
          NaN          NaN          NaN          NaN
          NaN          NaN          NaN          NaN
          NaN          NaN          NaN          NaN
          NaN          NaN          NaN          NaN
          NaN          NaN          NaN          NaN
          NaN          NaN          NaN          NaN
          NaN          NaN          NaN          NaN
          NaN          NaN          NaN          NaN
          NaN          NaN          NaN          NaN
          NaN          NaN          NaN          NaN
          NaN          NaN          NaN          NaN
          NaN          NaN          NaN          NaN
          NaN          NaN          NaN          NaN
          NaN          NaN          NaN          NaN
          NaN          NaN          NaN          NaN
          NaN          NaN          NaN          NaN
          NaN          NaN          NaN          NaN
          NaN          NaN          NaN          NaN
          NaN          NaN          NaN          NaN
          NaN          NaN          NaN          NaN
          NaN          NaN          NaN          NaN
          NaN          NaN          NaN          NaN
          NaN          NaN          NaN          NaN
          NaN          NaN          NaN          NaN
          NaN          NaN          NaN          NaN
          NaN          NaN          NaN          NaN
          NaN          NaN          NaN          NaN
          NaN          NaN          NaN          NaN
          NaN          NaN          NaN          NaN
          NaN          NaN          NaN          NaN
          NaN          NaN          NaN          NaN
          NaN          NaN          NaN          NaN
          NaN          NaN          NaN          NaN
          NaN          NaN          NaN          NaN
          NaN          NaN          NaN          NaN
          NaN          NaN          NaN          NaN
          NaN          NaN          NaN          NaN
          NaN          NaN          NaN          NaN
          NaN          NaN          NaN          NaN
          NaN          NaN          NaN          NaN
          NaN          NaN          NaN          NaN
          NaN          NaN          NaN          NaN
          NaN          NaN          NaN          NaN
          NaN          NaN          NaN          NaN
          NaN          NaN          NaN          NaN
          NaN          NaN          NaN          NaN
          NaN          NaN          NaN          NaN
          NaN          NaN          NaN          NaN
          NaN          NaN          NaN          NaN
          NaN          NaN          NaN          NaN
          NaN          NaN          NaN          NaN
          NaN          NaN          NaN          NaN
          NaN          NaN          NaN          NaN
          NaN          NaN          NaN          NaN
          NaN          NaN          NaN          NaN
          NaN          NaN          NaN          NaN
          NaN          NaN          NaN          NaN
          NaN          NaN          NaN          NaN
          NaN          NaN          NaN          NaN
          NaN          NaN          NaN          NaN
          NaN          NaN          NaN          NaN
          NaN          NaN          NaN          NaN
          NaN          NaN          NaN          NaN
          NaN          NaN          NaN          NaN
          NaN          NaN          NaN          NaN
          NaN          NaN          NaN          NaN
          NaN          NaN          NaN          NaN
          NaN          NaN          NaN          NaN
          NaN          NaN          NaN          NaN
          NaN          NaN          NaN          NaN
          NaN          NaN          NaN          NaN
          NaN          NaN          NaN          NaN
          NaN          NaN          NaN          NaN
          NaN          NaN          NaN          NaN
          NaN          NaN          NaN          NaN
          NaN          NaN          NaN          NaN
          NaN          NaN          NaN          NaN
          NaN          NaN          NaN          NaN
          NaN          NaN          NaN          NaN
          NaN          NaN          NaN          NaN
          NaN          NaN          NaN          NaN
          NaN          NaN          NaN          NaN
          NaN          NaN          NaN          NaN
          NaN          NaN          NaN          NaN
          NaN          NaN          NaN          NaN
          NaN          NaN          NaN          NaN
          NaN          NaN          NaN          NaN
          NaN          NaN          NaN          NaN
          NaN          NaN          NaN          NaN
          NaN          NaN          NaN          NaN
          NaN          NaN          NaN          NaN
          NaN          NaN          NaN          NaN
