 0.523473E-01 0.116671E-01 0.164323E-01 0.247114E+00
 0.583930E-01 0.140297E-01 0.197163E-01 0.275489E+00
 0.680300E-01 0.149906E-01 0.170038E-01 0.321357E+00
 0.611400E-01 0.159392E-01 0.236263E-01 0.293502E+00
 0.794124E-01 0.163790E-01 0.197923E-01 0.375650E+00
 0.731559E-01 0.175860E-01 0.251910E-01 0.348667E+00
 0.841271E-01 0.179712E-01 0.232986E-01 0.399328E+00
 0.816693E-01 0.193198E-01 0.258423E-01 0.389386E+00
 0.874424E-01 0.190496E-01 0.257792E-01 0.415299E+00
 0.885246E-01 0.203365E-01 0.252997E-01 0.421473E+00
 0.876351E-01 0.200273E-01 0.273807E-01 0.418398E+00
 0.923600E-01 0.214164E-01 0.248947E-01 0.441257E+00
 0.867335E-01 0.211379E-01 0.278487E-01 0.417571E+00
 0.942101E-01 0.217350E-01 0.246521E-01 0.448698E+00
 0.888063E-01 0.217481E-01 0.269154E-01 0.425521E+00
 0.937838E-01 0.221856E-01 0.239693E-01 0.448714E+00
 0.882003E-01 0.219785E-01 0.252710E-01 0.424398E+00
 0.815686E-01 0.208866E-01 0.259624E-01 0.392990E+00
 0.869435E-01 0.213131E-01 0.237633E-01 0.416865E+00
 0.879831E-01 0.216368E-01 0.234160E-01 0.422731E+00
 0.837945E-01 0.208369E-01 0.240217E-01 0.402737E+00
 0.829415E-01 0.214258E-01 0.245345E-01 0.402068E+00
 0.876363E-01 0.219030E-01 0.226574E-01 0.422587E+00
 0.835815E-01 0.216556E-01 0.247848E-01 0.404548E+00
 0.855570E-01 0.223288E-01 0.238939E-01 0.413671E+00
 0.881526E-01 0.224149E-01 0.236513E-01 0.425633E+00
 0.856715E-01 0.226529E-01 0.249085E-01 0.416161E+00
 0.886317E-01 0.226719E-01 0.242014E-01 0.428768E+00
 0.885431E-01 0.234944E-01 0.247466E-01 0.429045E+00
 0.877603E-01 0.230043E-01 0.248990E-01 0.425175E+00
 0.882482E-01 0.230615E-01 0.249559E-01 0.426432E+00
 0.904277E-01 0.227301E-01 0.245776E-01 0.436961E+00
 0.893489E-01 0.228700E-01 0.244405E-01 0.432682E+00
 0.906573E-01 0.231846E-01 0.240862E-01 0.438990E+00
 0.879280E-01 0.225551E-01 0.240918E-01 0.425564E+00
 0.867100E-01 0.221849E-01 0.251108E-01 0.420172E+00
 0.881416E-01 0.223217E-01 0.238882E-01 0.426935E+00
 0.855767E-01 0.217401E-01 0.250521E-01 0.412726E+00
 0.891370E-01 0.219081E-01 0.229910E-01 0.429875E+00
 0.814240E-01 0.218058E-01 0.255093E-01 0.395685E+00
 0.845551E-01 0.215485E-01 0.238100E-01 0.409919E+00
 0.841740E-01 0.212497E-01 0.241551E-01 0.406438E+00
 0.833501E-01 0.212938E-01 0.234355E-01 0.402852E+00
 0.809252E-01 0.214609E-01 0.237636E-01 0.392056E+00
 0.807077E-01 0.211451E-01 0.233666E-01 0.390713E+00
 0.807662E-01 0.210289E-01 0.229464E-01 0.389732E+00
 0.798770E-01 0.204360E-01 0.233668E-01 0.385517E+00
 0.822171E-01 0.212066E-01 0.223198E-01 0.396213E+00
 0.815359E-01 0.206960E-01 0.230665E-01 0.393769E+00
 0.829822E-01 0.211038E-01 0.221285E-01 0.400564E+00
 0.811375E-01 0.205795E-01 0.225760E-01 0.391334E+00
 0.805251E-01 0.205433E-01 0.230098E-01 0.387971E+00
 0.833106E-01 0.205741E-01 0.228059E-01 0.401518E+00
 0.822249E-01 0.210215E-01 0.232005E-01 0.397857E+00
 0.812255E-01 0.211314E-01 0.236846E-01 0.394360E+00
 0.847851E-01 0.209435E-01 0.227773E-01 0.407987E+00
 0.832865E-01 0.211526E-01 0.232532E-01 0.401573E+00
 0.814616E-01 0.208667E-01 0.234657E-01 0.392400E+00
 0.803514E-01 0.203868E-01 0.238131E-01 0.386973E+00
 0.804650E-01 0.208172E-01 0.233602E-01 0.387117E+00
 0.810998E-01 0.210234E-01 0.230490E-01 0.389320E+00
 0.808009E-01 0.209144E-01 0.233445E-01 0.389267E+00
 0.809915E-01 0.215418E-01 0.238763E-01 0.391731E+00
 0.829869E-01 0.218180E-01 0.229773E-01 0.400579E+00
 0.838038E-01 0.215117E-01 0.234771E-01 0.403177E+00
 0.834998E-01 0.215566E-01 0.232193E-01 0.401680E+00
 0.821046E-01 0.214633E-01 0.231154E-01 0.395014E+00
 0.832554E-01 0.212109E-01 0.225480E-01 0.399887E+00
 0.823903E-01 0.205690E-01 0.228069E-01 0.394751E+00
 0.796783E-01 0.204438E-01 0.225740E-01 0.382869E+00
 0.799788E-01 0.201074E-01 0.219955E-01 0.384329E+00
 0.775016E-01 0.199535E-01 0.223725E-01 0.373730E+00
 0.777076E-01 0.195082E-01 0.217941E-01 0.373982E+00
 0.755371E-01 0.194919E-01 0.219702E-01 0.363883E+00
 0.736958E-01 0.190818E-01 0.219542E-01 0.355256E+00
 0.732032E-01 0.188586E-01 0.217376E-01 0.352044E+00
 0.721305E-01 0.185217E-01 0.216540E-01 0.346858E+00
 0.712930E-01 0.181181E-01 0.212541E-01 0.341725E+00
 0.697465E-01 0.176671E-01 0.211779E-01 0.333896E+00
 0.684032E-01 0.174362E-01 0.207840E-01 0.326866E+00
 0.699394E-01 0.171611E-01 0.197398E-01 0.334458E+00
 0.661408E-01 0.170895E-01 0.201091E-01 0.317574E+00
 0.672692E-01 0.164851E-01 0.193217E-01 0.322290E+00
 0.669448E-01 0.165465E-01 0.189500E-01 0.320506E+00
 0.643508E-01 0.160273E-01 0.189233E-01 0.308932E+00
 0.656207E-01 0.157922E-01 0.183673E-01 0.313935E+00
 0.627273E-01 0.155317E-01 0.184597E-01 0.301005E+00
 0.635195E-01 0.151373E-01 0.179375E-01 0.304187E+00
 0.605315E-01 0.147960E-01 0.182939E-01 0.289864E+00
 0.610066E-01 0.144357E-01 0.181160E-01 0.292182E+00
 0.600524E-01 0.143644E-01 0.181060E-01 0.287230E+00
 0.595264E-01 0.141042E-01 0.182699E-01 0.285036E+00
 0.596891E-01 0.141069E-01 0.181297E-01 0.284733E+00
 0.595585E-01 0.138937E-01 0.183313E-01 0.283909E+00
 0.577652E-01 0.137868E-01 0.185892E-01 0.275054E+00
 0.598523E-01 0.135945E-01 0.181237E-01 0.284247E+00
 0.586655E-01 0.136661E-01 0.183221E-01 0.278175E+00
 0.592223E-01 0.135560E-01 0.180925E-01 0.280887E+00
 0.587917E-01 0.136713E-01 0.184545E-01 0.279093E+00
 0.601692E-01 0.137459E-01 0.182713E-01 0.285627E+00
 0.605175E-01 0.139232E-01 0.184964E-01 0.287867E+00
 0.609534E-01 0.139756E-01 0.186049E-01 0.289976E+00
 0.615850E-01 0.141963E-01 0.189437E-01 0.293018E+00
 0.621104E-01 0.141937E-01 0.189781E-01 0.295497E+00
 0.630302E-01 0.143944E-01 0.191266E-01 0.300469E+00
 0.619824E-01 0.143983E-01 0.194411E-01 0.295905E+00
 0.635359E-01 0.145341E-01 0.195221E-01 0.303713E+00
 0.634772E-01 0.146548E-01 0.196044E-01 0.303533E+00
 0.640119E-01 0.147727E-01 0.198521E-01 0.306680E+00
 0.638184E-01 0.148807E-01 0.200559E-01 0.305736E+00
 0.647128E-01 0.149418E-01 0.201206E-01 0.310024E+00
 0.645066E-01 0.151049E-01 0.203377E-01 0.309114E+00
 0.649878E-01 0.151593E-01 0.204817E-01 0.311415E+00
 0.656751E-01 0.153502E-01 0.205236E-01 0.314449E+00
 0.656302E-01 0.153395E-01 0.207829E-01 0.314296E+00
 0.667547E-01 0.155109E-01 0.207728E-01 0.319374E+00
 0.667186E-01 0.155243E-01 0.209916E-01 0.319082E+00
 0.679274E-01 0.157097E-01 0.208680E-01 0.324915E+00
 0.677030E-01 0.158443E-01 0.211175E-01 0.324136E+00
 0.690152E-01 0.159709E-01 0.209465E-01 0.329964E+00
 0.686197E-01 0.161666E-01 0.211797E-01 0.328539E+00
 0.697158E-01 0.162485E-01 0.211107E-01 0.333507E+00
 0.694474E-01 0.164882E-01 0.213398E-01 0.332867E+00
 0.700224E-01 0.165015E-01 0.212864E-01 0.335668E+00
 0.700080E-01 0.167497E-01 0.215052E-01 0.336003E+00
 0.700520E-01 0.167401E-01 0.215020E-01 0.335987E+00
 0.702916E-01 0.168912E-01 0.216404E-01 0.337707E+00
 0.697322E-01 0.168462E-01 0.216238E-01 0.334873E+00
 0.702011E-01 0.169874E-01 0.216832E-01 0.337133E+00
 0.695404E-01 0.168992E-01 0.216345E-01 0.333746E+00
 0.702982E-01 0.169879E-01 0.215518E-01 0.337310E+00
 0.693784E-01 0.168989E-01 0.215500E-01 0.332961E+00
 0.702677E-01 0.169665E-01 0.214061E-01 0.337195E+00
 0.693050E-01 0.168526E-01 0.213321E-01 0.332377E+00
 0.705093E-01 0.168857E-01 0.211238E-01 0.337968E+00
 0.691348E-01 0.168110E-01 0.211619E-01 0.331792E+00
 0.702965E-01 0.168451E-01 0.208745E-01 0.337388E+00
 0.685199E-01 0.167496E-01 0.209442E-01 0.329045E+00
 0.700210E-01 0.168023E-01 0.206186E-01 0.336154E+00
 0.677872E-01 0.167882E-01 0.208251E-01 0.326313E+00
 0.695790E-01 0.167798E-01 0.204038E-01 0.334802E+00
 0.671099E-01 0.167818E-01 0.207086E-01 0.323743E+00
 0.690682E-01 0.166997E-01 0.202042E-01 0.332725E+00
 0.664670E-01 0.168469E-01 0.206637E-01 0.321416E+00
 0.685512E-01 0.167276E-01 0.200718E-01 0.330845E+00
 0.659229E-01 0.168725E-01 0.205908E-01 0.319183E+00
 0.680250E-01 0.167293E-01 0.199541E-01 0.328469E+00
 0.656371E-01 0.170049E-01 0.206141E-01 0.318056E+00
 0.678315E-01 0.169019E-01 0.199005E-01 0.328134E+00
 0.655835E-01 0.171552E-01 0.204825E-01 0.317880E+00
 0.678614E-01 0.169838E-01 0.197881E-01 0.327732E+00
 0.658043E-01 0.173322E-01 0.204788E-01 0.318980E+00
 0.682278E-01 0.171065E-01 0.196376E-01 0.329522E+00
 0.661300E-01 0.173253E-01 0.201831E-01 0.319785E+00
 0.682558E-01 0.170403E-01 0.194049E-01 0.328684E+00
 0.663889E-01 0.173745E-01 0.200391E-01 0.320585E+00
 0.684761E-01 0.170363E-01 0.191196E-01 0.329622E+00
 0.662533E-01 0.172563E-01 0.197214E-01 0.319147E+00
 0.679514E-01 0.169490E-01 0.189289E-01 0.326222E+00
 0.659816E-01 0.172604E-01 0.196300E-01 0.317816E+00
 0.675652E-01 0.168468E-01 0.187361E-01 0.324783E+00
 0.651136E-01 0.170970E-01 0.194272E-01 0.313482E+00
 0.663136E-01 0.167649E-01 0.186523E-01 0.318263E+00
 0.641867E-01 0.170056E-01 0.192648E-01 0.309402E+00
 0.653985E-01 0.165123E-01 0.183088E-01 0.314706E+00
 0.629091E-01 0.167351E-01 0.189037E-01 0.303139E+00
 0.639189E-01 0.163343E-01 0.180954E-01 0.307346E+00
 0.618315E-01 0.165885E-01 0.185965E-01 0.298692E+00
 0.630121E-01 0.160510E-01 0.176046E-01 0.303820E+00
 0.605418E-01 0.162354E-01 0.181238E-01 0.292366E+00
 0.615613E-01 0.158093E-01 0.172776E-01 0.296607E+00
 0.595687E-01 0.160255E-01 0.177173E-01 0.288264E+00
 0.607951E-01 0.154237E-01 0.167366E-01 0.293541E+00
 0.583203E-01 0.155862E-01 0.171727E-01 0.281943E+00
 0.592612E-01 0.151227E-01 0.163213E-01 0.285841E+00
 0.572736E-01 0.153542E-01 0.167624E-01 0.277549E+00
 0.583682E-01 0.147222E-01 0.158465E-01 0.282041E+00
 0.557228E-01 0.149029E-01 0.162900E-01 0.269799E+00
 0.564930E-01 0.144069E-01 0.154875E-01 0.273070E+00
 0.543474E-01 0.146924E-01 0.159406E-01 0.263994E+00
 0.554626E-01 0.141061E-01 0.150474E-01 0.268562E+00
 0.528516E-01 0.143012E-01 0.154771E-01 0.256255E+00
 0.536542E-01 0.138416E-01 0.147290E-01 0.259571E+00
 0.513314E-01 0.141585E-01 0.152467E-01 0.249989E+00
 0.523776E-01 0.135839E-01 0.143541E-01 0.254027E+00
 0.496661E-01 0.137466E-01 0.147724E-01 0.241188E+00
 0.507890E-01 0.132749E-01 0.140210E-01 0.245779E+00
 0.484825E-01 0.135976E-01 0.144894E-01 0.235817E+00
 0.498244E-01 0.130226E-01 0.135801E-01 0.241371E+00
 0.472014E-01 0.131253E-01 0.140095E-01 0.229188E+00
 0.483554E-01 0.126180E-01 0.132152E-01 0.234032E+00
 0.460172E-01 0.128934E-01 0.135758E-01 0.223779E+00
 0.474818E-01 0.123334E-01 0.126777E-01 0.229886E+00
 0.448982E-01 0.123586E-01 0.129852E-01 0.217633E+00
 0.460899E-01 0.118768E-01 0.122471E-01 0.222684E+00
 0.434784E-01 0.120895E-01 0.126159E-01 0.211334E+00
 0.447877E-01 0.116077E-01 0.118885E-01 0.216579E+00
 0.421371E-01 0.115651E-01 0.120898E-01 0.204056E+00
 0.432673E-01 0.110774E-01 0.115228E-01 0.208808E+00
 0.405889E-01 0.112737E-01 0.117732E-01 0.196853E+00
 0.416510E-01 0.108330E-01 0.112487E-01 0.200990E+00
 0.392523E-01 0.107397E-01 0.112863E-01 0.190136E+00
 0.401119E-01 0.104077E-01 0.108063E-01 0.193826E+00
 0.377299E-01 0.104003E-01 0.108877E-01 0.182840E+00
 0.385198E-01 0.101333E-01 0.105083E-01 0.186084E+00
 0.364436E-01 0.992784E-02 0.103711E-01 0.176512E+00
 0.370607E-01 0.973378E-02 0.101098E-01 0.179351E+00
 0.352894E-01 0.953001E-02 0.999247E-02 0.170957E+00
 0.353872E-01 0.936121E-02 0.984444E-02 0.171172E+00
 0.339220E-01 0.913401E-02 0.955129E-02 0.164634E+00
 0.340376E-01 0.901613E-02 0.946187E-02 0.165080E+00
 0.330055E-01 0.872758E-02 0.914463E-02 0.160201E+00
 0.325391E-01 0.867028E-02 0.913078E-02 0.157762E+00
 0.316185E-01 0.836394E-02 0.878681E-02 0.153659E+00
 0.313599E-01 0.835937E-02 0.879810E-02 0.152552E+00
 0.307846E-01 0.795795E-02 0.838490E-02 0.149644E+00
 0.299678E-01 0.800281E-02 0.845387E-02 0.145438E+00
 0.295541E-01 0.765166E-02 0.803449E-02 0.143412E+00
 0.288038E-01 0.773600E-02 0.814379E-02 0.140183E+00
 0.288112E-01 0.735913E-02 0.768101E-02 0.139940E+00
 0.275622E-01 0.739367E-02 0.782643E-02 0.133645E+00
 0.276621E-01 0.705654E-02 0.743479E-02 0.134109E+00
 0.264622E-01 0.718095E-02 0.755211E-02 0.128699E+00
 0.267252E-01 0.683854E-02 0.716093E-02 0.129613E+00
 0.254867E-01 0.686726E-02 0.722246E-02 0.123490E+00
 0.257564E-01 0.651598E-02 0.690512E-02 0.124647E+00
 0.245101E-01 0.665792E-02 0.699992E-02 0.118989E+00
 0.249583E-01 0.633635E-02 0.668441E-02 0.120678E+00
 0.236869E-01 0.631738E-02 0.669050E-02 0.114726E+00
 0.240830E-01 0.605953E-02 0.643353E-02 0.116461E+00
 0.228171E-01 0.606362E-02 0.643198E-02 0.110450E+00
 0.231856E-01 0.586206E-02 0.627388E-02 0.111943E+00
 0.220365E-01 0.574906E-02 0.616160E-02 0.106527E+00
 0.222901E-01 0.560057E-02 0.610274E-02 0.107590E+00
 0.214232E-01 0.548382E-02 0.596913E-02 0.103283E+00
 0.213937E-01 0.537115E-02 0.597003E-02 0.103023E+00
 0.207437E-01 0.523159E-02 0.573868E-02 0.999031E-01
 0.206876E-01 0.517361E-02 0.574914E-02 0.994979E-01
 0.202588E-01 0.496462E-02 0.546645E-02 0.973969E-01
 0.198022E-01 0.495243E-02 0.551903E-02 0.951230E-01
 0.194812E-01 0.472719E-02 0.521979E-02 0.934422E-01
 0.190148E-01 0.475870E-02 0.529734E-02 0.913904E-01
 0.189132E-01 0.448214E-02 0.497707E-02 0.907798E-01
 0.181168E-01 0.453032E-02 0.509047E-02 0.868203E-01
 0.181578E-01 0.428749E-02 0.479207E-02 0.869504E-01
 0.173779E-01 0.436157E-02 0.490215E-02 0.832976E-01
 0.175237E-01 0.412165E-02 0.460737E-02 0.839070E-01
 0.166101E-01 0.415912E-02 0.470289E-02 0.793687E-01
 0.167498E-01 0.394001E-02 0.446398E-02 0.800443E-01
 0.158613E-01 0.402814E-02 0.454140E-02 0.760041E-01
 0.161381E-01 0.382219E-02 0.431372E-02 0.771619E-01
 0.152385E-01 0.383736E-02 0.432589E-02 0.729001E-01
 0.155352E-01 0.365982E-02 0.414372E-02 0.742891E-01
 0.146866E-01 0.367885E-02 0.413676E-02 0.702955E-01
 0.148989E-01 0.353752E-02 0.400870E-02 0.711652E-01
 0.141292E-01 0.346951E-02 0.392420E-02 0.674895E-01
 0.142750E-01 0.338185E-02 0.385756E-02 0.681904E-01
 0.136296E-01 0.331110E-02 0.374851E-02 0.649343E-01
 0.135805E-01 0.323784E-02 0.372968E-02 0.645780E-01
 0.131284E-01 0.313140E-02 0.355631E-02 0.624071E-01
 0.130666E-01 0.309509E-02 0.357538E-02 0.620445E-01
 0.127448E-01 0.297432E-02 0.339010E-02 0.603835E-01
 0.125011E-01 0.296223E-02 0.344068E-02 0.590801E-01
 0.123139E-01 0.282924E-02 0.323557E-02 0.581630E-01
 0.120286E-01 0.284691E-02 0.330482E-02 0.567777E-01
 0.120094E-01 0.267208E-02 0.308216E-02 0.566322E-01
 0.115258E-01 0.270628E-02 0.316771E-02 0.542896E-01
 0.115683E-01 0.255185E-02 0.296817E-02 0.544871E-01
 0.110374E-01 0.260700E-02 0.306609E-02 0.520587E-01
 0.111656E-01 0.244464E-02 0.286660E-02 0.526940E-01
 0.105809E-01 0.248944E-02 0.296649E-02 0.498743E-01
 0.107181E-01 0.234076E-02 0.279546E-02 0.505133E-01
 0.101042E-01 0.238707E-02 0.287118E-02 0.476474E-01
 0.102676E-01 0.224390E-02 0.271754E-02 0.483523E-01
 0.966821E-02 0.226268E-02 0.274751E-02 0.454821E-01
 0.986127E-02 0.213062E-02 0.260771E-02 0.463554E-01
 0.928403E-02 0.214936E-02 0.260815E-02 0.435680E-01
 0.946463E-02 0.204043E-02 0.249258E-02 0.443055E-01
 0.897147E-02 0.201701E-02 0.243454E-02 0.419409E-01
 0.910778E-02 0.193453E-02 0.236155E-02 0.425230E-01
 0.871075E-02 0.189094E-02 0.229258E-02 0.405685E-01
 0.874240E-02 0.183788E-02 0.227575E-02 0.406619E-01
 0.844087E-02 0.176935E-02 0.218019E-02 0.391796E-01
 0.837757E-02 0.173409E-02 0.219773E-02 0.388780E-01
 0.813864E-02 0.166724E-02 0.208858E-02 0.376858E-01
 0.797577E-02 0.165324E-02 0.212621E-02 0.368628E-01
 0.779181E-02 0.157597E-02 0.200026E-02 0.359917E-01
 0.757621E-02 0.158378E-02 0.205034E-02 0.349699E-01
 0.750239E-02 0.148504E-02 0.191100E-02 0.346414E-01
 0.716542E-02 0.150678E-02 0.197042E-02 0.330440E-01
 0.716902E-02 0.140875E-02 0.183734E-02 0.330958E-01
 0.682291E-02 0.144008E-02 0.189401E-02 0.315215E-01
 0.688909E-02 0.134294E-02 0.175421E-02 0.318371E-01
 0.651350E-02 0.137321E-02 0.180522E-02 0.300427E-01
 0.659592E-02 0.128059E-02 0.167058E-02 0.304523E-01
 0.623596E-02 0.131303E-02 0.170841E-02 0.287190E-01
 0.634675E-02 0.121975E-02 0.157667E-02 0.292152E-01
 0.597244E-02 0.123791E-02 0.159573E-02 0.273785E-01
 0.611518E-02 0.115356E-02 0.148360E-02 0.280138E-01
 0.576856E-02 0.117345E-02 0.148756E-02 0.263487E-01
 0.589949E-02 0.110015E-02 0.139359E-02 0.269182E-01
 0.557537E-02 0.109834E-02 0.139028E-02 0.253626E-01
 0.566729E-02 0.103876E-02 0.132969E-02 0.257695E-01
 0.535506E-02 0.103552E-02 0.132703E-02 0.242614E-01
 0.540698E-02 0.992058E-03 0.129935E-02 0.244747E-01
 0.514418E-02 0.974359E-03 0.127948E-02 0.231966E-01
 0.515407E-02 0.948065E-03 0.128080E-02 0.232586E-01
 0.494351E-02 0.919757E-03 0.124979E-02 0.222677E-01
 0.487963E-02 0.905218E-03 0.126880E-02 0.219817E-01
 0.473328E-02 0.868650E-03 0.121993E-02 0.213162E-01
 0.463739E-02 0.860638E-03 0.124040E-02 0.208899E-01
 0.453542E-02 0.816934E-03 0.117402E-02 0.204139E-01
 0.441744E-02 0.812178E-03 0.119123E-02 0.198520E-01
 0.437011E-02 0.765109E-03 0.110899E-02 0.196431E-01
 0.423747E-02 0.771349E-03 0.112270E-02 0.189946E-01
 0.425931E-02 0.718011E-03 0.102979E-02 0.190949E-01
 0.409517E-02 0.730668E-03 0.104669E-02 0.182968E-01
 0.414086E-02 0.679551E-03 0.961914E-03 0.185110E-01
 0.396184E-02 0.695792E-03 0.981754E-03 0.176504E-01
 0.401964E-02 0.646637E-03 0.903824E-03 0.178876E-01
 0.381832E-02 0.661853E-03 0.926260E-03 0.169104E-01
 0.386719E-02 0.617833E-03 0.857721E-03 0.171118E-01
 0.366269E-02 0.633417E-03 0.880144E-03 0.161170E-01
 0.370626E-02 0.589439E-03 0.821769E-03 0.163106E-01
 0.349045E-02 0.603010E-03 0.842452E-03 0.152696E-01
 0.353152E-02 0.565046E-03 0.798474E-03 0.154809E-01
 0.332968E-02 0.574592E-03 0.813060E-03 0.145478E-01
 0.336475E-02 0.543521E-03 0.779602E-03 0.147271E-01
 0.318755E-02 0.544591E-03 0.786821E-03 0.139192E-01
 0.320465E-02 0.518586E-03 0.760361E-03 0.140372E-01
 0.304027E-02 0.513085E-03 0.759916E-03 0.132933E-01
 0.304581E-02 0.490295E-03 0.741645E-03 0.133544E-01
 0.291346E-02 0.478950E-03 0.727850E-03 0.127340E-01
 0.291805E-02 0.463376E-03 0.714721E-03 0.127628E-01
 0.283134E-02 0.447155E-03 0.687804E-03 0.123530E-01
 0.282323E-02 0.439187E-03 0.678246E-03 0.122963E-01
 0.276617E-02 0.420602E-03 0.641979E-03 0.120207E-01
 0.273837E-02 0.414870E-03 0.636048E-03 0.118770E-01
 0.269757E-02 0.394176E-03 0.597566E-03 0.116733E-01
 0.264527E-02 0.389990E-03 0.595810E-03 0.114157E-01
 0.261367E-02 0.367185E-03 0.558250E-03 0.112409E-01
 0.254880E-02 0.367362E-03 0.563506E-03 0.109229E-01
 0.253688E-02 0.345300E-03 0.529165E-03 0.108724E-01
 0.245985E-02 0.350259E-03 0.543492E-03 0.105101E-01
 0.246350E-02 0.328976E-03 0.516070E-03 0.105409E-01
 0.237748E-02 0.335974E-03 0.533724E-03 0.101501E-01
 0.238741E-02 0.316140E-03 0.510290E-03 0.102102E-01
 0.229086E-02 0.323966E-03 0.527345E-03 0.976588E-02
 0.229953E-02 0.306821E-03 0.504241E-03 0.981620E-02
 0.220134E-02 0.314541E-03 0.517473E-03 0.936721E-02
 0.220376E-02 0.297781E-03 0.493616E-03 0.939113E-02
 0.210747E-02 0.305796E-03 0.501538E-03 0.894133E-02
 0.211502E-02 0.293607E-03 0.478415E-03 0.899135E-02
 0.203025E-02 0.301976E-03 0.480452E-03 0.859899E-02
 0.204566E-02 0.292073E-03 0.459493E-03 0.867777E-02
 0.197314E-02 0.297103E-03 0.457633E-03 0.835150E-02
 0.198864E-02 0.289491E-03 0.439599E-03 0.842935E-02
 0.192804E-02 0.290320E-03 0.433640E-03 0.814059E-02
 0.194009E-02 0.281762E-03 0.417259E-03 0.819710E-02
 0.188659E-02 0.276998E-03 0.406799E-03 0.794638E-02
 0.189223E-02 0.267533E-03 0.393048E-03 0.797483E-02
 0.184927E-02 0.257398E-03 0.379410E-03 0.776754E-02
 0.184193E-02 0.248003E-03 0.371271E-03 0.773044E-02
 0.180793E-02 0.238195E-03 0.358558E-03 0.757086E-02
 0.178963E-02 0.234493E-03 0.356791E-03 0.748463E-02
 0.175982E-02 0.225931E-03 0.346887E-03 0.735271E-02
 0.173005E-02 0.223265E-03 0.350954E-03 0.722611E-02
 0.169807E-02 0.215416E-03 0.343772E-03 0.709342E-02
 0.165907E-02 0.215814E-03 0.351033E-03 0.693243E-02
 0.163074E-02 0.208643E-03 0.344300E-03 0.682313E-02
 0.158293E-02 0.210594E-03 0.351796E-03 0.662094E-02
 0.156326E-02 0.202950E-03 0.342766E-03 0.653812E-02
 0.151941E-02 0.204874E-03 0.347291E-03 0.634422E-02
 0.150876E-02 0.197034E-03 0.335099E-03 0.630965E-02
 0.146369E-02 0.200222E-03 0.335337E-03 0.610705E-02
 0.145771E-02 0.193475E-03 0.320598E-03 0.608555E-02
 0.141707E-02 0.195602E-03 0.318768E-03 0.589132E-02
 0.141240E-02 0.188301E-03 0.303204E-03 0.585655E-02
 0.137592E-02 0.189135E-03 0.298861E-03 0.566737E-02
 0.137895E-02 0.181944E-03 0.282557E-03 0.566909E-02
 0.134781E-02 0.180898E-03 0.276538E-03 0.551782E-02
 0.135302E-02 0.172800E-03 0.262055E-03 0.553924E-02
 0.132731E-02 0.170327E-03 0.257623E-03 0.542055E-02
 0.133193E-02 0.163065E-03 0.250125E-03 0.544774E-02
 0.130696E-02 0.159518E-03 0.250323E-03 0.534462E-02
 0.130496E-02 0.152472E-03 0.248288E-03 0.534993E-02
 0.127547E-02 0.148471E-03 0.251229E-03 0.522510E-02
 0.126036E-02 0.143361E-03 0.253103E-03 0.517345E-02
 0.122323E-02 0.139472E-03 0.256311E-03 0.501986E-02
 0.119994E-02 0.135605E-03 0.259341E-03 0.492954E-02
 0.116378E-02 0.131559E-03 0.259811E-03 0.477749E-02
 0.113896E-02 0.129395E-03 0.261149E-03 0.468064E-02
 0.111491E-02 0.126940E-03 0.258213E-03 0.458161E-02
 0.109915E-02 0.129102E-03 0.256972E-03 0.451940E-02
 0.108747E-02 0.131663E-03 0.250384E-03 0.447469E-02
 0.107987E-02 0.137207E-03 0.246910E-03 0.444548E-02
 0.107858E-02 0.139511E-03 0.238441E-03 0.443847E-02
 0.107522E-02 0.142527E-03 0.233460E-03 0.441838E-02
 0.107905E-02 0.140094E-03 0.222922E-03 0.443432E-02
 0.107282E-02 0.138444E-03 0.216574E-03 0.440381E-02
 0.107370E-02 0.131788E-03 0.205154E-03 0.440725E-02
 0.106169E-02 0.127763E-03 0.199157E-03 0.434984E-02
 0.105662E-02 0.120607E-03 0.190343E-03 0.432660E-02
 0.103663E-02 0.117589E-03 0.188461E-03 0.423109E-02
 0.102431E-02 0.113767E-03 0.185359E-03 0.417287E-02
 0.997423E-03 0.113835E-03 0.188709E-03 0.404980E-02
 0.978819E-03 0.111949E-03 0.190393E-03 0.397332E-02
 0.948807E-03 0.113565E-03 0.196139E-03 0.384813E-02
 0.933787E-03 0.113702E-03 0.198623E-03 0.379214E-02
 0.911918E-03 0.115577E-03 0.202409E-03 0.371797E-02
 0.901151E-03 0.115559E-03 0.202610E-03 0.370069E-02
 0.884386E-03 0.117834E-03 0.202445E-03 0.365745E-02
 0.878735E-03 0.120517E-03 0.199561E-03 0.366280E-02
 0.867328E-03 0.125891E-03 0.196607E-03 0.363097E-02
 0.864652E-03 0.131107E-03 0.192182E-03 0.362993E-02
 0.857366E-03 0.135492E-03 0.187483E-03 0.359939E-02
 0.855734E-03 0.137933E-03 0.182151E-03 0.358513E-02
 0.849456E-03 0.138003E-03 0.176142E-03 0.355126E-02
 0.846371E-03 0.135824E-03 0.170799E-03 0.353162E-02
 0.840280E-03 0.131213E-03 0.165378E-03 0.349976E-02
 0.833704E-03 0.125571E-03 0.163083E-03 0.347010E-02
 0.826115E-03 0.118297E-03 0.161586E-03 0.344226E-02
 0.816506E-03 0.110793E-03 0.163234E-03 0.340591E-02
 0.806034E-03 0.102591E-03 0.165216E-03 0.336483E-02
 0.793354E-03 0.983442E-04 0.169179E-03 0.331124E-02
 0.782714E-03 0.958398E-04 0.171491E-03 0.326529E-02
 0.768014E-03 0.966967E-04 0.173912E-03 0.320172E-02
 0.755699E-03 0.986331E-04 0.173055E-03 0.315325E-02
 0.741809E-03 0.103053E-03 0.172374E-03 0.309662E-02
 0.732331E-03 0.107249E-03 0.169554E-03 0.306604E-02
 0.721916E-03 0.112972E-03 0.167253E-03 0.303464E-02
 0.718080E-03 0.119175E-03 0.163195E-03 0.304113E-02
 0.713863E-03 0.125947E-03 0.159990E-03 0.304663E-02
 0.715475E-03 0.129815E-03 0.156036E-03 0.307716E-02
 0.714514E-03 0.132167E-03 0.153687E-03 0.308955E-02
 0.714278E-03 0.132102E-03 0.151575E-03 0.309883E-02
 0.708159E-03 0.130296E-03 0.151451E-03 0.306569E-02
 0.701287E-03 0.125414E-03 0.153214E-03 0.301742E-02
 0.688429E-03 0.118206E-03 0.156191E-03 0.293512E-02
 0.674888E-03 0.108263E-03 0.158885E-03 0.284807E-02
 0.657096E-03 0.965463E-04 0.162581E-03 0.274047E-02
 0.640650E-03 0.847376E-04 0.166866E-03 0.263839E-02
 0.624926E-03 0.749006E-04 0.171657E-03 0.254152E-02
 0.614597E-03 0.674762E-04 0.175821E-03 0.248059E-02
 0.610550E-03 0.616331E-04 0.177942E-03 0.246384E-02
 0.617718E-03 0.579732E-04 0.177634E-03 0.250790E-02
 0.629678E-03 0.567802E-04 0.174010E-03 0.258064E-02
 0.646009E-03 0.595679E-04 0.167201E-03 0.267836E-02
 0.664127E-03 0.658566E-04 0.156970E-03 0.279157E-02
 0.681550E-03 0.762033E-04 0.145260E-03 0.290047E-02
 0.696558E-03 0.882010E-04 0.135953E-03 0.299605E-02
 0.706799E-03 0.987072E-04 0.130915E-03 0.306815E-02
 0.711926E-03 0.106204E-03 0.129595E-03 0.311184E-02
 0.709449E-03 0.111065E-03 0.131601E-03 0.311567E-02
 0.699429E-03 0.112840E-03 0.136013E-03 0.308006E-02
 0.679095E-03 0.111787E-03 0.143752E-03 0.299365E-02
 0.650749E-03 0.107856E-03 0.151429E-03 0.286580E-02
 0.611951E-03 0.102025E-03 0.158216E-03 0.268964E-02
 0.567584E-03 0.938586E-04 0.163693E-03 0.248506E-02
 0.531616E-03 0.843830E-04 0.168812E-03 0.226861E-02
 0.511610E-03 0.743529E-04 0.173310E-03 0.213426E-02
 0.502537E-03 0.645979E-04 0.177174E-03 0.207026E-02
 0.507663E-03 0.583170E-04 0.179162E-03 0.208199E-02
 0.527118E-03 0.576649E-04 0.179080E-03 0.217092E-02
 0.553961E-03 0.595815E-04 0.176374E-03 0.230607E-02
 0.584247E-03 0.634880E-04 0.170835E-03 0.245770E-02
 0.611272E-03 0.689801E-04 0.162180E-03 0.259483E-02
 0.633527E-03 0.759749E-04 0.150946E-03 0.271120E-02
 0.650782E-03 0.829216E-04 0.138143E-03 0.280856E-02
 0.662307E-03 0.894937E-04 0.124798E-03 0.288168E-02
 0.669446E-03 0.959989E-04 0.114385E-03 0.293204E-02
 0.672075E-03 0.101023E-03 0.115159E-03 0.295857E-02
 0.668708E-03 0.103852E-03 0.121883E-03 0.295391E-02
 0.658165E-03 0.104022E-03 0.131699E-03 0.291049E-02
 0.639795E-03 0.101778E-03 0.142079E-03 0.282658E-02
 0.614720E-03 0.969675E-04 0.150833E-03 0.271111E-02
 0.584190E-03 0.899810E-04 0.158200E-03 0.257098E-02
 0.551333E-03 0.811485E-04 0.163938E-03 0.242259E-02
 0.518615E-03 0.717894E-04 0.168416E-03 0.227450E-02
 0.491304E-03 0.627367E-04 0.171622E-03 0.214821E-02
 0.480111E-03 0.543976E-04 0.173649E-03 0.205680E-02
 0.490230E-03 0.486352E-04 0.173660E-03 0.206143E-02
 0.517689E-03 0.461338E-04 0.171506E-03 0.217889E-02
 0.549373E-03 0.467644E-04 0.166834E-03 0.231866E-02
 0.578681E-03 0.501516E-04 0.159746E-03 0.245567E-02
 0.604579E-03 0.561353E-04 0.150406E-03 0.258273E-02
 0.625676E-03 0.648043E-04 0.139920E-03 0.269144E-02
 0.641333E-03 0.745412E-04 0.129996E-03 0.277958E-02
 0.650588E-03 0.840210E-04 0.123347E-03 0.284093E-02
 0.653924E-03 0.913006E-04 0.118661E-03 0.287376E-02
 0.650887E-03 0.960327E-04 0.114978E-03 0.287335E-02
 0.640661E-03 0.981574E-04 0.121624E-03 0.283763E-02
 0.622846E-03 0.977062E-04 0.132520E-03 0.276234E-02
 0.599067E-03 0.948091E-04 0.142760E-03 0.264473E-02
 0.571485E-03 0.897185E-04 0.151098E-03 0.250403E-02
 0.542473E-03 0.830537E-04 0.157316E-03 0.236708E-02
 0.513497E-03 0.753176E-04 0.161404E-03 0.223416E-02
 0.486077E-03 0.678125E-04 0.163625E-03 0.210962E-02
 0.461141E-03 0.611492E-04 0.164143E-03 0.199779E-02
 0.449482E-03 0.541868E-04 0.163344E-03 0.192106E-02
 0.465902E-03 0.476622E-04 0.160661E-03 0.198706E-02
 0.487898E-03 0.439039E-04 0.155952E-03 0.209530E-02
 0.518129E-03 0.444361E-04 0.150363E-03 0.222374E-02
 0.546310E-03 0.474051E-04 0.143802E-03 0.235193E-02
 0.568827E-03 0.518474E-04 0.136419E-03 0.245738E-02
 0.584499E-03 0.574229E-04 0.128740E-03 0.253420E-02
 0.594102E-03 0.648390E-04 0.123476E-03 0.257994E-02
 0.597962E-03 0.712390E-04 0.120399E-03 0.260388E-02
 0.596500E-03 0.758404E-04 0.118236E-03 0.260809E-02
 0.590228E-03 0.783969E-04 0.116534E-03 0.258993E-02
 0.580136E-03 0.788601E-04 0.118965E-03 0.254844E-02
 0.565931E-03 0.772444E-04 0.128030E-03 0.248038E-02
 0.547323E-03 0.738300E-04 0.137123E-03 0.239227E-02
 0.526055E-03 0.690910E-04 0.144368E-03 0.229188E-02
 0.505036E-03 0.632932E-04 0.149420E-03 0.219614E-02
 0.486457E-03 0.569258E-04 0.152124E-03 0.211351E-02
 0.472234E-03 0.521142E-04 0.152577E-03 0.205098E-02
 0.462668E-03 0.483917E-04 0.151118E-03 0.200996E-02
 0.456430E-03 0.451000E-04 0.148179E-03 0.198630E-02
 0.455662E-03 0.431862E-04 0.144000E-03 0.198486E-02
 0.468864E-03 0.434463E-04 0.139482E-03 0.203050E-02
 0.489899E-03 0.448712E-04 0.134847E-03 0.211193E-02
 0.510916E-03 0.469426E-04 0.129935E-03 0.220224E-02
 0.527769E-03 0.498830E-04 0.124893E-03 0.227963E-02
 0.538954E-03 0.537899E-04 0.121130E-03 0.233537E-02
 0.544168E-03 0.582195E-04 0.119627E-03 0.236665E-02
 0.544011E-03 0.623725E-04 0.119364E-03 0.237236E-02
 0.539181E-03 0.652779E-04 0.119087E-03 0.235524E-02
 0.530951E-03 0.665474E-04 0.118300E-03 0.231994E-02
 0.521044E-03 0.661237E-04 0.117691E-03 0.227429E-02
 0.509938E-03 0.640103E-04 0.122313E-03 0.221970E-02
 0.497956E-03 0.603854E-04 0.129290E-03 0.216176E-02
 0.485693E-03 0.556946E-04 0.134879E-03 0.210479E-02
 0.474046E-03 0.502836E-04 0.138365E-03 0.205180E-02
 0.463805E-03 0.442667E-04 0.139478E-03 0.200511E-02
 0.454766E-03 0.381600E-04 0.138267E-03 0.196543E-02
 0.446381E-03 0.335763E-04 0.134919E-03 0.192955E-02
 0.438904E-03 0.321304E-04 0.129923E-03 0.190034E-02
 0.436659E-03 0.319411E-04 0.125348E-03 0.190398E-02
 0.445320E-03 0.318368E-04 0.122565E-03 0.194621E-02
 0.458150E-03 0.328787E-04 0.119938E-03 0.200423E-02
 0.470206E-03 0.357640E-04 0.117132E-03 0.205745E-02
 0.479025E-03 0.400048E-04 0.114620E-03 0.209403E-02
 0.483569E-03 0.443115E-04 0.113166E-03 0.210643E-02
 0.483564E-03 0.479822E-04 0.113082E-03 0.209539E-02
 0.479711E-03 0.508398E-04 0.113884E-03 0.206974E-02
 0.473458E-03 0.524754E-04 0.114737E-03 0.203254E-02
 0.465974E-03 0.527413E-04 0.115154E-03 0.199230E-02
 0.457921E-03 0.516339E-04 0.115234E-03 0.195207E-02
 0.450284E-03 0.492911E-04 0.116294E-03 0.191630E-02
 0.443508E-03 0.461588E-04 0.120009E-03 0.188877E-02
 0.438078E-03 0.431044E-04 0.123725E-03 0.187005E-02
 0.434241E-03 0.404122E-04 0.125802E-03 0.185905E-02
 0.431549E-03 0.385536E-04 0.125786E-03 0.185200E-02
 0.429704E-03 0.385468E-04 0.123528E-03 0.184781E-02
 0.428309E-03 0.391276E-04 0.119068E-03 0.184478E-02
 0.427101E-03 0.393025E-04 0.113437E-03 0.184375E-02
 0.426195E-03 0.392762E-04 0.109592E-03 0.184641E-02
 0.427551E-03 0.396680E-04 0.106691E-03 0.185992E-02
 0.430569E-03 0.401741E-04 0.104566E-03 0.187751E-02
 0.434090E-03 0.405990E-04 0.102909E-03 0.189324E-02
 0.436198E-03 0.413235E-04 0.101877E-03 0.189901E-02
 0.436014E-03 0.424928E-04 0.101983E-03 0.188896E-02
 0.432844E-03 0.437392E-04 0.103382E-03 0.186383E-02
 0.427328E-03 0.445189E-04 0.105363E-03 0.182800E-02
 0.420068E-03 0.445653E-04 0.107040E-03 0.178781E-02
 0.412045E-03 0.438178E-04 0.107953E-03 0.174784E-02
 0.404494E-03 0.423232E-04 0.108077E-03 0.171428E-02
 0.398888E-03 0.403076E-04 0.107859E-03 0.169825E-02
 0.397005E-03 0.381241E-04 0.108587E-03 0.169344E-02
 0.396820E-03 0.360965E-04 0.110228E-03 0.169366E-02
 0.397505E-03 0.345641E-04 0.110982E-03 0.169792E-02
 0.398556E-03 0.333413E-04 0.110047E-03 0.170528E-02
 0.399461E-03 0.323961E-04 0.107170E-03 0.171203E-02
 0.400240E-03 0.326713E-04 0.102978E-03 0.171897E-02
 0.400307E-03 0.341022E-04 0.988657E-04 0.172362E-02
 0.399453E-03 0.354618E-04 0.958436E-04 0.172667E-02
 0.397742E-03 0.364604E-04 0.935433E-04 0.172682E-02
 0.395639E-03 0.370466E-04 0.920959E-04 0.172350E-02
 0.393355E-03 0.380408E-04 0.917598E-04 0.171320E-02
 0.390793E-03 0.389236E-04 0.921688E-04 0.169316E-02
 0.387718E-03 0.393065E-04 0.934094E-04 0.166490E-02
 0.383860E-03 0.390785E-04 0.954242E-04 0.163456E-02
 0.379440E-03 0.381919E-04 0.977558E-04 0.160482E-02
 0.374438E-03 0.366627E-04 0.997736E-04 0.157740E-02
 0.369405E-03 0.344888E-04 0.101061E-03 0.155319E-02
 0.364677E-03 0.316903E-04 0.101450E-03 0.153514E-02
 0.360886E-03 0.287810E-04 0.101043E-03 0.152551E-02
 0.358636E-03 0.264784E-04 0.100196E-03 0.152645E-02
 0.358422E-03 0.246994E-04 0.993692E-04 0.153113E-02
 0.359405E-03 0.239923E-04 0.984885E-04 0.153893E-02
 0.361076E-03 0.239872E-04 0.966098E-04 0.155046E-02
 0.363574E-03 0.243506E-04 0.932608E-04 0.156416E-02
 0.366139E-03 0.250108E-04 0.894063E-04 0.157803E-02
 0.368212E-03 0.261433E-04 0.870434E-04 0.159033E-02
 0.368951E-03 0.273340E-04 0.852418E-04 0.159852E-02
 0.367783E-03 0.283302E-04 0.836343E-04 0.159971E-02
 0.364665E-03 0.288194E-04 0.823661E-04 0.159121E-02
 0.359778E-03 0.286923E-04 0.816641E-04 0.157049E-02
 0.354393E-03 0.279604E-04 0.818021E-04 0.153587E-02
 0.349062E-03 0.266756E-04 0.830889E-04 0.149504E-02
 0.343904E-03 0.252249E-04 0.853959E-04 0.145908E-02
 0.339099E-03 0.237234E-04 0.879891E-04 0.142716E-02
 0.334951E-03 0.220791E-04 0.902577E-04 0.139988E-02
 0.331656E-03 0.204715E-04 0.917967E-04 0.137884E-02
 0.329275E-03 0.190595E-04 0.924124E-04 0.136616E-02
 0.328104E-03 0.181882E-04 0.920770E-04 0.136141E-02
 0.327903E-03 0.177682E-04 0.909179E-04 0.136395E-02
 0.328854E-03 0.178853E-04 0.891727E-04 0.137333E-02
 0.330583E-03 0.185211E-04 0.869893E-04 0.138732E-02
 0.332939E-03 0.198486E-04 0.841583E-04 0.140574E-02
 0.335904E-03 0.219385E-04 0.810704E-04 0.142613E-02
 0.338878E-03 0.240609E-04 0.785833E-04 0.144382E-02
 0.340762E-03 0.259028E-04 0.771202E-04 0.145684E-02
 0.340925E-03 0.273546E-04 0.762407E-04 0.146216E-02
 0.339068E-03 0.283151E-04 0.756855E-04 0.145902E-02
 0.335260E-03 0.287285E-04 0.753880E-04 0.144465E-02
 0.330082E-03 0.286398E-04 0.754057E-04 0.141841E-02
 0.324356E-03 0.280856E-04 0.758655E-04 0.138172E-02
 0.318973E-03 0.271119E-04 0.768638E-04 0.134740E-02
 0.314509E-03 0.257725E-04 0.783229E-04 0.131872E-02
 0.311164E-03 0.241747E-04 0.799390E-04 0.129631E-02
 0.308862E-03 0.224552E-04 0.813799E-04 0.128029E-02
 0.307549E-03 0.207566E-04 0.823463E-04 0.127074E-02
 0.307150E-03 0.193217E-04 0.826304E-04 0.126690E-02
 0.307399E-03 0.187908E-04 0.821203E-04 0.126814E-02
 0.308269E-03 0.192636E-04 0.807994E-04 0.127378E-02
 0.309591E-03 0.201319E-04 0.787599E-04 0.128253E-02
 0.311136E-03 0.212498E-04 0.760895E-04 0.129325E-02
 0.312660E-03 0.223650E-04 0.728574E-04 0.130473E-02
 0.313964E-03 0.234429E-04 0.699214E-04 0.131497E-02
 0.314582E-03 0.243986E-04 0.686906E-04 0.132240E-02
 0.314077E-03 0.252230E-04 0.682241E-04 0.132573E-02
 0.312160E-03 0.258204E-04 0.681441E-04 0.132340E-02
 0.308796E-03 0.261733E-04 0.683163E-04 0.131363E-02
 0.304257E-03 0.262169E-04 0.687020E-04 0.129661E-02
 0.299467E-03 0.258983E-04 0.692949E-04 0.127054E-02
 0.294743E-03 0.252510E-04 0.701637E-04 0.124076E-02
 0.290470E-03 0.243420E-04 0.713199E-04 0.121444E-02
 0.286921E-03 0.232305E-04 0.726700E-04 0.119342E-02
 0.284733E-03 0.219846E-04 0.739737E-04 0.117809E-02
 0.283754E-03 0.206498E-04 0.749522E-04 0.116941E-02
 0.283864E-03 0.192512E-04 0.753920E-04 0.116727E-02
 0.284886E-03 0.178919E-04 0.751423E-04 0.117161E-02
 0.286726E-03 0.169405E-04 0.741567E-04 0.118037E-02
 0.289010E-03 0.165381E-04 0.724418E-04 0.119261E-02
 0.291606E-03 0.166776E-04 0.700553E-04 0.120710E-02
 0.294043E-03 0.172087E-04 0.671035E-04 0.122153E-02
 0.296046E-03 0.180647E-04 0.640190E-04 0.123389E-02
 0.297316E-03 0.190397E-04 0.617979E-04 0.124264E-02
 0.297571E-03 0.200322E-04 0.607521E-04 0.124676E-02
 0.296388E-03 0.209549E-04 0.605764E-04 0.124479E-02
 0.293746E-03 0.217153E-04 0.608842E-04 0.123526E-02
 0.289710E-03 0.222372E-04 0.615194E-04 0.121765E-02
 0.284488E-03 0.224534E-04 0.623724E-04 0.119278E-02
 0.278653E-03 0.223154E-04 0.633783E-04 0.116361E-02
 0.272962E-03 0.218236E-04 0.645240E-04 0.113270E-02
 0.268168E-03 0.210479E-04 0.658112E-04 0.110696E-02
 0.264421E-03 0.200757E-04 0.671118E-04 0.108778E-02
 0.262136E-03 0.189490E-04 0.682423E-04 0.107514E-02
 0.261550E-03 0.178222E-04 0.689795E-04 0.107063E-02
 0.262129E-03 0.168202E-04 0.691712E-04 0.107190E-02
 0.263699E-03 0.160379E-04 0.686998E-04 0.107913E-02
 0.265970E-03 0.156584E-04 0.674998E-04 0.109024E-02
 0.268687E-03 0.156581E-04 0.655815E-04 0.110409E-02
 0.271473E-03 0.159853E-04 0.630060E-04 0.111877E-02
 0.273912E-03 0.165842E-04 0.598299E-04 0.113220E-02
 0.275832E-03 0.174195E-04 0.566058E-04 0.114353E-02
 0.276919E-03 0.182991E-04 0.549503E-04 0.115114E-02
 0.276985E-03 0.191712E-04 0.542289E-04 0.115401E-02
 0.275862E-03 0.198788E-04 0.541463E-04 0.115124E-02
 0.273472E-03 0.203929E-04 0.545303E-04 0.114209E-02
 0.269754E-03 0.206462E-04 0.552434E-04 0.112531E-02
 0.265211E-03 0.206643E-04 0.561357E-04 0.110077E-02
 0.260147E-03 0.204619E-04 0.571759E-04 0.107344E-02
 0.255186E-03 0.200260E-04 0.583473E-04 0.104884E-02
 0.250532E-03 0.193620E-04 0.596240E-04 0.102665E-02
 0.246579E-03 0.185013E-04 0.608636E-04 0.100782E-02
 0.243565E-03 0.174843E-04 0.619262E-04 0.993608E-03
 0.241712E-03 0.164903E-04 0.626108E-04 0.984875E-03
 0.241146E-03 0.157103E-04 0.627738E-04 0.981984E-03
 0.241569E-03 0.153362E-04 0.623267E-04 0.984229E-03
 0.242887E-03 0.153239E-04 0.611929E-04 0.991376E-03
 0.244839E-03 0.156981E-04 0.593562E-04 0.100214E-02
 0.247234E-03 0.163250E-04 0.568869E-04 0.101489E-02
 0.249440E-03 0.171274E-04 0.539161E-04 0.102729E-02
 0.251175E-03 0.179912E-04 0.513166E-04 0.103733E-02
 0.252105E-03 0.188234E-04 0.497130E-04 0.104373E-02
 0.252059E-03 0.195522E-04 0.488993E-04 0.104580E-02
 0.250771E-03 0.201362E-04 0.486621E-04 0.104183E-02
 0.248126E-03 0.204881E-04 0.488399E-04 0.103053E-02
 0.244736E-03 0.206564E-04 0.493360E-04 0.101257E-02
 0.240295E-03 0.206233E-04 0.500646E-04 0.990693E-03
 0.235815E-03 0.203722E-04 0.509725E-04 0.966046E-03
 0.231268E-03 0.198863E-04 0.519997E-04 0.944055E-03
 0.227059E-03 0.192081E-04 0.530826E-04 0.924366E-03
 0.223792E-03 0.184065E-04 0.541470E-04 0.909531E-03
 0.221322E-03 0.175559E-04 0.550565E-04 0.898648E-03
 0.219934E-03 0.167949E-04 0.556322E-04 0.893296E-03
 0.219611E-03 0.161137E-04 0.557771E-04 0.892775E-03
 0.220153E-03 0.156446E-04 0.553873E-04 0.896670E-03
 0.221274E-03 0.154356E-04 0.543678E-04 0.903295E-03
 0.222949E-03 0.155027E-04 0.527430E-04 0.912530E-03
 0.224902E-03 0.157386E-04 0.504994E-04 0.923122E-03
 0.226687E-03 0.161605E-04 0.478119E-04 0.933098E-03
 0.228092E-03 0.166549E-04 0.458329E-04 0.941245E-03
 0.228781E-03 0.171271E-04 0.445815E-04 0.946032E-03
 0.228713E-03 0.175444E-04 0.438517E-04 0.947127E-03
 0.227561E-03 0.178377E-04 0.435505E-04 0.942595E-03
 0.225515E-03 0.179808E-04 0.436310E-04 0.932553E-03
 0.222720E-03 0.180322E-04 0.439220E-04 0.917322E-03
 0.219316E-03 0.179458E-04 0.444086E-04 0.899135E-03
 0.215684E-03 0.177295E-04 0.450889E-04 0.880714E-03
 0.211983E-03 0.174347E-04 0.459181E-04 0.863235E-03
 0.208425E-03 0.170268E-04 0.468301E-04 0.847118E-03
 0.205301E-03 0.165556E-04 0.477424E-04 0.832870E-03
 0.202654E-03 0.160823E-04 0.485183E-04 0.821402E-03
 0.200763E-03 0.157690E-04 0.490422E-04 0.813379E-03
 0.199613E-03 0.155308E-04 0.491903E-04 0.808942E-03
 0.199220E-03 0.154264E-04 0.488936E-04 0.808158E-03
 0.199638E-03 0.155040E-04 0.480603E-04 0.811734E-03
 0.200574E-03 0.157695E-04 0.466518E-04 0.817888E-03
 0.201840E-03 0.162657E-04 0.446887E-04 0.825918E-03
 0.203174E-03 0.168987E-04 0.425393E-04 0.833969E-03
 0.204297E-03 0.175381E-04 0.409454E-04 0.840704E-03
 0.204913E-03 0.181113E-04 0.398255E-04 0.845228E-03
 0.204777E-03 0.185080E-04 0.390956E-04 0.846142E-03
 0.203860E-03 0.186943E-04 0.386988E-04 0.841922E-03
 0.202190E-03 0.186316E-04 0.385500E-04 0.832453E-03
 0.199603E-03 0.183253E-04 0.386035E-04 0.819451E-03
 0.196727E-03 0.178424E-04 0.388543E-04 0.805190E-03
 0.193386E-03 0.172484E-04 0.392948E-04 0.788367E-03
 0.190063E-03 0.165552E-04 0.399169E-04 0.772293E-03
 0.186702E-03 0.158817E-04 0.406591E-04 0.757423E-03
 0.183808E-03 0.153583E-04 0.414202E-04 0.743972E-03
 0.181345E-03 0.150971E-04 0.420989E-04 0.733141E-03
 0.179447E-03 0.150278E-04 0.426070E-04 0.724704E-03
 0.178192E-03 0.150152E-04 0.428031E-04 0.719887E-03
 0.177433E-03 0.150752E-04 0.425729E-04 0.718222E-03
 0.177150E-03 0.151668E-04 0.419351E-04 0.718464E-03
 0.177139E-03 0.152679E-04 0.407719E-04 0.720395E-03
 0.177279E-03 0.154437E-04 0.391010E-04 0.723553E-03
 0.177644E-03 0.156364E-04 0.374936E-04 0.727267E-03
 0.177900E-03 0.158969E-04 0.362710E-04 0.730519E-03
 0.177947E-03 0.162186E-04 0.353260E-04 0.732282E-03
 0.177595E-03 0.165785E-04 0.346280E-04 0.731578E-03
 0.176610E-03 0.168133E-04 0.341690E-04 0.727151E-03
 0.175047E-03 0.168498E-04 0.338848E-04 0.718958E-03
 0.173199E-03 0.166787E-04 0.337685E-04 0.707025E-03
 0.171034E-03 0.163182E-04 0.338256E-04 0.694759E-03
 0.168754E-03 0.158196E-04 0.340562E-04 0.683074E-03
 0.166065E-03 0.152027E-04 0.345027E-04 0.670928E-03
 0.163398E-03 0.145129E-04 0.350989E-04 0.659870E-03
 0.160953E-03 0.137834E-04 0.357339E-04 0.649553E-03
 0.158715E-03 0.130296E-04 0.363331E-04 0.640653E-03
 0.156774E-03 0.124819E-04 0.367794E-04 0.633083E-03
 0.155225E-03 0.121612E-04 0.369613E-04 0.627481E-03
 0.154126E-03 0.120869E-04 0.368363E-04 0.624325E-03
 0.153514E-03 0.122100E-04 0.362984E-04 0.623265E-03
 0.153238E-03 0.125051E-04 0.353227E-04 0.623833E-03
 0.153269E-03 0.129530E-04 0.339570E-04 0.626104E-03
 0.153629E-03 0.135391E-04 0.328286E-04 0.629460E-03
 0.154034E-03 0.141624E-04 0.318926E-04 0.632921E-03
 0.154362E-03 0.147126E-04 0.311252E-04 0.635751E-03
 0.154212E-03 0.150858E-04 0.305231E-04 0.636365E-03
 0.153738E-03 0.152313E-04 0.300497E-04 0.634238E-03
 0.152769E-03 0.151153E-04 0.296940E-04 0.628331E-03
 0.151473E-03 0.147836E-04 0.294731E-04 0.619162E-03
 0.149791E-03 0.143127E-04 0.293851E-04 0.609120E-03
 0.147799E-03 0.137673E-04 0.294759E-04 0.598957E-03
 0.145617E-03 0.132388E-04 0.297532E-04 0.588328E-03
 0.143427E-03 0.127037E-04 0.301674E-04 0.578245E-03
 0.141259E-03 0.121939E-04 0.306516E-04 0.568709E-03
 0.139314E-03 0.118046E-04 0.311325E-04 0.560683E-03
 0.137487E-03 0.116415E-04 0.315045E-04 0.553644E-03
 0.136107E-03 0.116815E-04 0.316612E-04 0.549015E-03
 0.135014E-03 0.118802E-04 0.315413E-04 0.546099E-03
 0.134246E-03 0.121387E-04 0.310697E-04 0.544931E-03
 0.133780E-03 0.125017E-04 0.302051E-04 0.545220E-03
 0.133576E-03 0.129996E-04 0.291327E-04 0.547051E-03
 0.133612E-03 0.136360E-04 0.281982E-04 0.549646E-03
 0.133787E-03 0.142999E-04 0.274107E-04 0.552548E-03
 0.133784E-03 0.148822E-04 0.267458E-04 0.554350E-03
 0.133453E-03 0.152630E-04 0.262160E-04 0.554007E-03
 0.132887E-03 0.154032E-04 0.257686E-04 0.550702E-03
 0.131916E-03 0.152834E-04 0.254280E-04 0.544011E-03
 0.130630E-03 0.149222E-04 0.251942E-04 0.536203E-03
 0.129037E-03 0.143197E-04 0.251006E-04 0.527524E-03
 0.127307E-03 0.135160E-04 0.251571E-04 0.518861E-03
 0.125398E-03 0.125896E-04 0.253704E-04 0.510056E-03
 0.123367E-03 0.117299E-04 0.257216E-04 0.500821E-03
 0.121349E-03 0.111473E-04 0.261575E-04 0.492303E-03
 0.119611E-03 0.109292E-04 0.265888E-04 0.484738E-03
 0.117967E-03 0.109900E-04 0.269298E-04 0.477872E-03
 0.116556E-03 0.112021E-04 0.270763E-04 0.472282E-03
 0.115284E-03 0.115239E-04 0.269467E-04 0.468023E-03
 0.114358E-03 0.119324E-04 0.265051E-04 0.465279E-03
 0.113696E-03 0.123704E-04 0.257434E-04 0.464286E-03
 0.113246E-03 0.127712E-04 0.250523E-04 0.464625E-03
 0.113052E-03 0.131485E-04 0.243946E-04 0.465846E-03
 0.112994E-03 0.134961E-04 0.237846E-04 0.467654E-03
 0.112992E-03 0.137474E-04 0.232537E-04 0.469177E-03
 0.112833E-03 0.138497E-04 0.227799E-04 0.469847E-03
 0.112561E-03 0.137571E-04 0.223907E-04 0.467723E-03
 0.111822E-03 0.134405E-04 0.221058E-04 0.462100E-03
 0.110789E-03 0.129089E-04 0.219268E-04 0.454841E-03
 0.109636E-03 0.122510E-04 0.218479E-04 0.447727E-03
 0.108279E-03 0.114379E-04 0.218843E-04 0.440361E-03
 0.106681E-03 0.105502E-04 0.220511E-04 0.432126E-03
 0.105001E-03 0.972771E-05 0.223281E-04 0.424389E-03
 0.103371E-03 0.898919E-05 0.226696E-04 0.417040E-03
 0.101839E-03 0.837861E-05 0.230028E-04 0.410307E-03
 0.100489E-03 0.798700E-05 0.232489E-04 0.405114E-03
 0.994082E-04 0.788028E-05 0.233094E-04 0.401473E-03
 0.985102E-04 0.807395E-05 0.231035E-04 0.399164E-03
 0.978254E-04 0.858444E-05 0.226064E-04 0.398422E-03
 0.973912E-04 0.931690E-05 0.220087E-04 0.399160E-03
 0.971303E-04 0.100708E-04 0.214669E-04 0.400796E-03
 0.970269E-04 0.108896E-04 0.209293E-04 0.402788E-03
 0.970081E-04 0.117029E-04 0.204398E-04 0.404393E-03
 0.969664E-04 0.124025E-04 0.200288E-04 0.405506E-03
 0.967033E-04 0.128261E-04 0.197105E-04 0.404690E-03
 0.963164E-04 0.129433E-04 0.194820E-04 0.401195E-03
 0.956448E-04 0.127681E-04 0.193372E-04 0.395520E-03
 0.946927E-04 0.122941E-04 0.192696E-04 0.388833E-03
 0.935388E-04 0.115583E-04 0.192783E-04 0.381787E-03
 0.921130E-04 0.106339E-04 0.193637E-04 0.374413E-03
 0.906022E-04 0.962947E-05 0.195342E-04 0.367101E-03
 0.891844E-04 0.873114E-05 0.197837E-04 0.360366E-03
 0.877516E-04 0.813738E-05 0.200876E-04 0.353845E-03
 0.864909E-04 0.790389E-05 0.203618E-04 0.348660E-03
 0.854689E-04 0.805628E-05 0.205254E-04 0.344900E-03
 0.845867E-04 0.836239E-05 0.204518E-04 0.342504E-03
 0.840025E-04 0.878023E-05 0.200752E-04 0.341957E-03
 0.835778E-04 0.929899E-05 0.194526E-04 0.342540E-03
 0.833050E-04 0.982529E-05 0.189107E-04 0.344512E-03
 0.831790E-04 0.104208E-04 0.183702E-04 0.347073E-03
 0.831192E-04 0.109831E-04 0.178643E-04 0.349826E-03
 0.830915E-04 0.114187E-04 0.174394E-04 0.352191E-03
 0.829902E-04 0.117700E-04 0.171317E-04 0.352941E-03
 0.827191E-04 0.119564E-04 0.169490E-04 0.351573E-03
 0.822928E-04 0.118858E-04 0.168814E-04 0.347416E-03
 0.815219E-04 0.115339E-04 0.169284E-04 0.341479E-03
 0.805524E-04 0.109357E-04 0.170505E-04 0.334982E-03
 0.793199E-04 0.101140E-04 0.172129E-04 0.327924E-03
 0.780517E-04 0.920502E-05 0.174422E-04 0.321330E-03
 0.768907E-04 0.829674E-05 0.178075E-04 0.315485E-03
 0.758744E-04 0.745827E-05 0.184209E-04 0.310159E-03
 0.749697E-04 0.681815E-05 0.190365E-04 0.305982E-03
 0.742776E-04 0.656663E-05 0.193859E-04 0.302687E-03
 0.737657E-04 0.670703E-05 0.193900E-04 0.300658E-03
 0.734925E-04 0.700136E-05 0.190163E-04 0.300156E-03
 0.733460E-04 0.746090E-05 0.182743E-04 0.301023E-03
 0.734037E-04 0.802423E-05 0.174784E-04 0.303334E-03
 0.734557E-04 0.867888E-05 0.168195E-04 0.306133E-03
 0.735579E-04 0.936194E-05 0.162250E-04 0.309813E-03
 0.737332E-04 0.100373E-04 0.157043E-04 0.313688E-03
 0.739344E-04 0.106963E-04 0.153193E-04 0.316743E-03
 0.738803E-04 0.111540E-04 0.151309E-04 0.318142E-03
 0.736157E-04 0.113315E-04 0.151135E-04 0.317330E-03
 0.730846E-04 0.112351E-04 0.152165E-04 0.313145E-03
 0.721899E-04 0.108857E-04 0.154111E-04 0.306595E-03
 0.709606E-04 0.102651E-04 0.156638E-04 0.299054E-03
 0.695199E-04 0.949563E-05 0.160149E-04 0.291018E-03
 0.680960E-04 0.863037E-05 0.166385E-04 0.283099E-03
 0.667904E-04 0.766911E-05 0.173997E-04 0.275994E-03
 0.656562E-04 0.672077E-05 0.179791E-04 0.270120E-03
 0.648140E-04 0.599858E-05 0.183705E-04 0.265865E-03
 0.643634E-04 0.570243E-05 0.185054E-04 0.263722E-03
 0.641699E-04 0.583268E-05 0.183180E-04 0.263006E-03
 0.642129E-04 0.612555E-05 0.177479E-04 0.264251E-03
 0.644494E-04 0.655771E-05 0.170544E-04 0.266955E-03
 0.648745E-04 0.708615E-05 0.163428E-04 0.271622E-03
 0.655341E-04 0.767610E-05 0.155578E-04 0.278649E-03
 0.665401E-04 0.830232E-05 0.146927E-04 0.287326E-03
 0.675151E-04 0.899296E-05 0.140557E-04 0.293534E-03
 0.680438E-04 0.959206E-05 0.136793E-04 0.296864E-03
 0.680186E-04 0.995497E-05 0.135521E-04 0.297874E-03
 0.677378E-04 0.100683E-04 0.136309E-04 0.296408E-03
 0.668644E-04 0.993122E-05 0.138345E-04 0.291277E-03
 0.654835E-04 0.952826E-05 0.141225E-04 0.283896E-03
 0.636313E-04 0.894427E-05 0.145504E-04 0.274723E-03
 0.616171E-04 0.820908E-05 0.153484E-04 0.264524E-03
 0.595498E-04 0.743107E-05 0.161433E-04 0.253654E-03
 0.580050E-04 0.666601E-05 0.167320E-04 0.244137E-03
 0.569896E-04 0.597094E-05 0.171525E-04 0.237761E-03
 0.563085E-04 0.555906E-05 0.173933E-04 0.233724E-03
 0.560117E-04 0.550437E-05 0.173540E-04 0.231899E-03
 0.560859E-04 0.560841E-05 0.169939E-04 0.232266E-03
 0.563763E-04 0.585644E-05 0.164376E-04 0.234777E-03
 0.569204E-04 0.622290E-05 0.159117E-04 0.238930E-03
 0.577076E-04 0.665376E-05 0.153302E-04 0.245214E-03
 0.589714E-04 0.715593E-05 0.146815E-04 0.255351E-03
 0.607057E-04 0.773302E-05 0.139934E-04 0.265622E-03
 0.619791E-04 0.829946E-05 0.133380E-04 0.272423E-03
 0.627107E-04 0.873899E-05 0.127895E-04 0.275866E-03
 0.629346E-04 0.896652E-05 0.126154E-04 0.276750E-03
 0.626800E-04 0.895993E-05 0.126656E-04 0.274433E-03
 0.619153E-04 0.871787E-05 0.128373E-04 0.269962E-03
 0.606664E-04 0.827856E-05 0.131497E-04 0.263593E-03
 0.591393E-04 0.764747E-05 0.137847E-04 0.256314E-03
 0.573580E-04 0.687781E-05 0.146595E-04 0.248063E-03
 0.555559E-04 0.603251E-05 0.153064E-04 0.239649E-03
 0.538739E-04 0.524284E-05 0.157487E-04 0.230983E-03
 0.525206E-04 0.463269E-05 0.160118E-04 0.224083E-03
 0.515032E-04 0.427432E-05 0.160762E-04 0.218682E-03
 0.509551E-04 0.427275E-05 0.159012E-04 0.214691E-03
 0.507042E-04 0.443653E-05 0.154729E-04 0.213221E-03
 0.508354E-04 0.473325E-05 0.150810E-04 0.214426E-03
 0.513472E-04 0.513795E-05 0.146743E-04 0.218711E-03
 0.525733E-04 0.562514E-05 0.142217E-04 0.227846E-03
 0.543208E-04 0.616787E-05 0.137315E-04 0.236895E-03
 0.558935E-04 0.672988E-05 0.132504E-04 0.244602E-03
 0.569577E-04 0.727535E-05 0.128224E-04 0.249211E-03
 0.574907E-04 0.765181E-05 0.124896E-04 0.251369E-03
 0.576355E-04 0.783500E-05 0.121977E-04 0.250888E-03
 0.573718E-04 0.780214E-05 0.120302E-04 0.248465E-03
 0.567465E-04 0.758683E-05 0.120881E-04 0.245304E-03
 0.557498E-04 0.719421E-05 0.123238E-04 0.240448E-03
 0.546040E-04 0.666228E-05 0.130285E-04 0.235468E-03
 0.534730E-04 0.610499E-05 0.137526E-04 0.230538E-03
 0.522327E-04 0.555784E-05 0.142598E-04 0.225137E-03
 0.508472E-04 0.505057E-05 0.145530E-04 0.219309E-03
 0.495345E-04 0.468611E-05 0.146489E-04 0.213418E-03
 0.483045E-04 0.458928E-05 0.145571E-04 0.207480E-03
 0.472600E-04 0.460209E-05 0.142486E-04 0.202369E-03
 0.465826E-04 0.467098E-05 0.139316E-04 0.198400E-03
 0.463751E-04 0.486981E-05 0.136652E-04 0.197631E-03
 0.466597E-04 0.512947E-05 0.133747E-04 0.200442E-03
 0.478735E-04 0.549595E-05 0.130449E-04 0.208422E-03
 0.492685E-04 0.589491E-05 0.127028E-04 0.215795E-03
 0.505258E-04 0.626173E-05 0.123857E-04 0.221887E-03
 0.513386E-04 0.661415E-05 0.121593E-04 0.225334E-03
 0.516498E-04 0.684120E-05 0.120057E-04 0.226680E-03
 0.518158E-04 0.689235E-05 0.118476E-04 0.226130E-03
 0.517086E-04 0.674868E-05 0.116344E-04 0.224769E-03
 0.513082E-04 0.648385E-05 0.113867E-04 0.221994E-03
 0.507042E-04 0.608551E-05 0.113955E-04 0.218688E-03
 0.500028E-04 0.560144E-05 0.119343E-04 0.215394E-03
 0.492791E-04 0.515038E-05 0.125321E-04 0.212478E-03
 0.485428E-04 0.466013E-05 0.129198E-04 0.209229E-03
 0.477092E-04 0.421747E-05 0.131028E-04 0.205530E-03
 0.468610E-04 0.392529E-05 0.131220E-04 0.202047E-03
 0.458957E-04 0.388723E-05 0.129715E-04 0.197814E-03
 0.447942E-04 0.400299E-05 0.127014E-04 0.193282E-03
 0.435788E-04 0.412937E-05 0.125368E-04 0.188220E-03
 0.427659E-04 0.427668E-05 0.123838E-04 0.184090E-03
 0.424717E-04 0.447325E-05 0.122050E-04 0.183663E-03
 0.427166E-04 0.470025E-05 0.120068E-04 0.186222E-03
 0.437450E-04 0.501200E-05 0.118264E-04 0.192279E-03
 0.450021E-04 0.538267E-05 0.116908E-04 0.197731E-03
 0.458080E-04 0.564816E-05 0.116157E-04 0.200871E-03
 0.463790E-04 0.576557E-05 0.115598E-04 0.202227E-03
 0.465727E-04 0.573812E-05 0.114937E-04 0.202236E-03
 0.465833E-04 0.558191E-05 0.113681E-04 0.201545E-03
 0.463766E-04 0.527505E-05 0.111514E-04 0.200196E-03
 0.461135E-04 0.488046E-05 0.108705E-04 0.198699E-03
 0.457666E-04 0.442567E-05 0.108860E-04 0.197007E-03
 0.453374E-04 0.397102E-05 0.113445E-04 0.195173E-03
 0.448974E-04 0.360634E-05 0.116111E-04 0.193120E-03
 0.444418E-04 0.331352E-05 0.116962E-04 0.191197E-03
 0.439188E-04 0.311567E-05 0.116144E-04 0.189106E-03
 0.433035E-04 0.312308E-05 0.113683E-04 0.186563E-03
 0.425833E-04 0.319420E-05 0.112159E-04 0.183761E-03
 0.416898E-04 0.330131E-05 0.111437E-04 0.180498E-03
 0.407135E-04 0.346336E-05 0.110622E-04 0.177046E-03
 0.398341E-04 0.368664E-05 0.109629E-04 0.174120E-03
 0.392898E-04 0.394778E-05 0.108703E-04 0.172176E-03
 0.391813E-04 0.421563E-05 0.108017E-04 0.172349E-03
 0.394638E-04 0.446241E-05 0.107952E-04 0.172677E-03
 0.398644E-04 0.464031E-05 0.108354E-04 0.173544E-03
 0.403146E-04 0.469724E-05 0.108921E-04 0.174473E-03
 0.406699E-04 0.462570E-05 0.108990E-04 0.175242E-03
 0.409058E-04 0.443771E-05 0.108228E-04 0.175873E-03
 0.411356E-04 0.413312E-05 0.106453E-04 0.176611E-03
 0.412695E-04 0.378044E-05 0.104099E-04 0.176908E-03
 0.413818E-04 0.346524E-05 0.101797E-04 0.177610E-03
 0.415148E-04 0.318561E-05 0.100680E-04 0.178179E-03
 0.415271E-04 0.302384E-05 0.101675E-04 0.178523E-03
 0.414605E-04 0.302365E-05 0.101701E-04 0.178426E-03
 0.412326E-04 0.308372E-05 0.100428E-04 0.177531E-03
 0.409072E-04 0.313944E-05 0.987060E-05 0.176189E-03
 0.403886E-04 0.320082E-05 0.984657E-05 0.174340E-03
 0.396954E-04 0.324951E-05 0.984835E-05 0.171737E-03
 0.387474E-04 0.333066E-05 0.984013E-05 0.167961E-03
 0.376534E-04 0.348072E-05 0.983729E-05 0.163659E-03
 0.364842E-04 0.367103E-05 0.983842E-05 0.158789E-03
 0.356348E-04 0.389549E-05 0.986050E-05 0.154742E-03
 0.351991E-04 0.407186E-05 0.992364E-05 0.152113E-03
 0.350369E-04 0.415064E-05 0.100203E-04 0.150903E-03
 0.352078E-04 0.413325E-05 0.101219E-04 0.152156E-03
 0.356320E-04 0.400947E-05 0.101495E-04 0.153890E-03
 0.360681E-04 0.379435E-05 0.100978E-04 0.155021E-03
 0.364558E-04 0.350890E-05 0.995576E-05 0.156198E-03
 0.367223E-04 0.323167E-05 0.975238E-05 0.157403E-03
 0.370728E-04 0.302335E-05 0.951251E-05 0.158870E-03
 0.373359E-04 0.284904E-05 0.927054E-05 0.160055E-03
 0.374846E-04 0.270105E-05 0.902784E-05 0.160825E-03
 0.375610E-04 0.260014E-05 0.876016E-05 0.161163E-03
 0.375972E-04 0.254640E-05 0.857031E-05 0.161235E-03
 0.374996E-04 0.257176E-05 0.851291E-05 0.161066E-03
 0.371731E-04 0.265097E-05 0.856418E-05 0.160030E-03
 0.366776E-04 0.275797E-05 0.862910E-05 0.158256E-03
 0.359467E-04 0.286564E-05 0.868188E-05 0.155568E-03
 0.351123E-04 0.297717E-05 0.873795E-05 0.151923E-03
 0.341505E-04 0.310164E-05 0.879875E-05 0.147243E-03
 0.333534E-04 0.323967E-05 0.888002E-05 0.142710E-03
 0.328230E-04 0.333402E-05 0.899995E-05 0.139570E-03
 0.324357E-04 0.333862E-05 0.914501E-05 0.137306E-03
 0.323683E-04 0.326223E-05 0.925715E-05 0.136578E-03
 0.322947E-04 0.310024E-05 0.931024E-05 0.136116E-03
 0.323120E-04 0.285470E-05 0.928350E-05 0.136537E-03
 0.325131E-04 0.258602E-05 0.917188E-05 0.137899E-03
 0.327995E-04 0.236071E-05 0.898861E-05 0.139703E-03
 0.331542E-04 0.225790E-05 0.874548E-05 0.141609E-03
 0.335164E-04 0.218192E-05 0.846919E-05 0.143244E-03
 0.337627E-04 0.214956E-05 0.816782E-05 0.144565E-03
 0.339806E-04 0.215656E-05 0.783351E-05 0.145622E-03
 0.341059E-04 0.225883E-05 0.755482E-05 0.146204E-03
 0.341021E-04 0.238680E-05 0.746103E-05 0.146402E-03
 0.339041E-04 0.251256E-05 0.746871E-05 0.145674E-03
 0.335019E-04 0.265575E-05 0.752619E-05 0.144355E-03
 0.330532E-04 0.277196E-05 0.761513E-05 0.142393E-03
 0.324671E-04 0.286568E-05 0.769877E-05 0.139750E-03
 0.317792E-04 0.294344E-05 0.779275E-05 0.136160E-03
 0.312050E-04 0.296065E-05 0.789538E-05 0.132659E-03
 0.306866E-04 0.292961E-05 0.805487E-05 0.129273E-03
 0.304094E-04 0.285249E-05 0.820335E-05 0.127170E-03
 0.301942E-04 0.273339E-05 0.831978E-05 0.125758E-03
 0.300428E-04 0.255071E-05 0.837647E-05 0.124970E-03
 0.301114E-04 0.231416E-05 0.836511E-05 0.125264E-03
 0.301661E-04 0.209627E-05 0.827083E-05 0.125518E-03
 0.303879E-04 0.197763E-05 0.809325E-05 0.126799E-03
 0.306679E-04 0.189703E-05 0.786055E-05 0.128365E-03
 0.308332E-04 0.187032E-05 0.762164E-05 0.129462E-03
 0.311476E-04 0.186798E-05 0.738653E-05 0.131067E-03
 0.314265E-04 0.193868E-05 0.711075E-05 0.132524E-03
 0.315695E-04 0.205236E-05 0.689928E-05 0.133556E-03
 0.316323E-04 0.216075E-05 0.683761E-05 0.133930E-03
 0.315381E-04 0.231227E-05 0.681791E-05 0.133867E-03
 0.313013E-04 0.244040E-05 0.683864E-05 0.133349E-03
 0.309621E-04 0.254229E-05 0.686251E-05 0.132029E-03
 0.304178E-04 0.262234E-05 0.690711E-05 0.129815E-03
 0.299133E-04 0.263200E-05 0.697529E-05 0.126928E-03
 0.294416E-04 0.260051E-05 0.708582E-05 0.123906E-03
 0.290483E-04 0.253245E-05 0.721334E-05 0.121506E-03
 0.287978E-04 0.242114E-05 0.735184E-05 0.119640E-03
 0.285171E-04 0.226866E-05 0.746321E-05 0.118035E-03
 0.284534E-04 0.209057E-05 0.753358E-05 0.117323E-03
 0.284322E-04 0.190386E-05 0.753114E-05 0.117346E-03
 0.285563E-04 0.176538E-05 0.749068E-05 0.117837E-03
 0.286776E-04 0.171317E-05 0.738553E-05 0.118560E-03
 0.288650E-04 0.171148E-05 0.723097E-05 0.119523E-03
 0.291090E-04 0.174281E-05 0.702542E-05 0.120852E-03
 0.293247E-04 0.181888E-05 0.679240E-05 0.121919E-03
 0.294744E-04 0.190345E-05 0.652272E-05 0.123067E-03
 0.296214E-04 0.203601E-05 0.636342E-05 0.123957E-03
 0.296759E-04 0.216793E-05 0.628993E-05 0.124455E-03
 0.295507E-04 0.229371E-05 0.627180E-05 0.124498E-03
 0.292935E-04 0.239992E-05 0.626174E-05 0.123751E-03
 0.289662E-04 0.246937E-05 0.627505E-05 0.122713E-03
 0.285305E-04 0.249491E-05 0.630724E-05 0.120659E-03
 0.280762E-04 0.249340E-05 0.636939E-05 0.118007E-03
 0.276812E-04 0.244032E-05 0.646200E-05 0.115729E-03
 0.273750E-04 0.233171E-05 0.658470E-05 0.113669E-03
 0.271175E-04 0.218774E-05 0.670154E-05 0.112097E-03
 0.269324E-04 0.203603E-05 0.680715E-05 0.111187E-03
 0.267520E-04 0.187959E-05 0.688551E-05 0.110159E-03
 0.267652E-04 0.171438E-05 0.691750E-05 0.110060E-03
 0.268715E-04 0.161900E-05 0.688910E-05 0.110577E-03
 0.269826E-04 0.156809E-05 0.681610E-05 0.111132E-03
 0.271290E-04 0.154926E-05 0.667415E-05 0.112124E-03
 0.272890E-04 0.161148E-05 0.648886E-05 0.113070E-03
 0.275633E-04 0.169210E-05 0.624094E-05 0.114286E-03
 0.277056E-04 0.180237E-05 0.600921E-05 0.115270E-03
 0.278058E-04 0.193756E-05 0.587728E-05 0.116212E-03
 0.277775E-04 0.204317E-05 0.582357E-05 0.116556E-03
 0.277419E-04 0.216475E-05 0.579260E-05 0.116584E-03
 0.275614E-04 0.226501E-05 0.577313E-05 0.116090E-03
 0.272634E-04 0.230367E-05 0.578233E-05 0.114676E-03
 0.268461E-04 0.233756E-05 0.582596E-05 0.112575E-03
 0.264409E-04 0.232612E-05 0.588997E-05 0.110395E-03
 0.260291E-04 0.226117E-05 0.598299E-05 0.108350E-03
 0.256330E-04 0.217214E-05 0.608598E-05 0.106049E-03
 0.254123E-04 0.205027E-05 0.620987E-05 0.104654E-03
 0.252011E-04 0.189710E-05 0.630126E-05 0.103519E-03
 0.251726E-04 0.175823E-05 0.637293E-05 0.103085E-03
 0.251420E-04 0.163362E-05 0.640002E-05 0.102858E-03
 0.250918E-04 0.154997E-05 0.637488E-05 0.102849E-03
 0.252327E-04 0.152202E-05 0.629732E-05 0.103555E-03
 0.253627E-04 0.157009E-05 0.615994E-05 0.104349E-03
 0.254942E-04 0.165589E-05 0.596148E-05 0.105240E-03
 0.256443E-04 0.173741E-05 0.571872E-05 0.106080E-03
 0.258216E-04 0.185267E-05 0.552483E-05 0.107071E-03
 0.259141E-04 0.196865E-05 0.541106E-05 0.107968E-03
 0.259603E-04 0.209502E-05 0.534548E-05 0.108404E-03
 0.259120E-04 0.217110E-05 0.531302E-05 0.108430E-03
 0.257753E-04 0.220367E-05 0.528748E-05 0.107934E-03
 0.254402E-04 0.223032E-05 0.530009E-05 0.106779E-03
 0.251219E-04 0.221625E-05 0.533509E-05 0.104973E-03
 0.247031E-04 0.214803E-05 0.540267E-05 0.102731E-03
 0.243381E-04 0.204536E-05 0.547503E-05 0.100587E-03
 0.239898E-04 0.193436E-05 0.557871E-05 0.987802E-04
 0.237130E-04 0.181127E-05 0.568485E-05 0.972723E-04
 0.234584E-04 0.171003E-05 0.579059E-05 0.959664E-04
 0.233717E-04 0.162200E-05 0.585730E-05 0.953305E-04
 0.232499E-04 0.157318E-05 0.587894E-05 0.949402E-04
 0.232618E-04 0.152722E-05 0.585089E-05 0.951239E-04
 0.233811E-04 0.156433E-05 0.576412E-05 0.954779E-04
 0.234823E-04 0.161393E-05 0.562601E-05 0.962080E-04
 0.235193E-04 0.166702E-05 0.542209E-05 0.966744E-04
 0.236168E-04 0.174101E-05 0.520334E-05 0.973609E-04
 0.236892E-04 0.183358E-05 0.504879E-05 0.979863E-04
 0.237885E-04 0.194660E-05 0.493873E-05 0.988605E-04
 0.237856E-04 0.204070E-05 0.486341E-05 0.990736E-04
 0.237110E-04 0.208919E-05 0.482335E-05 0.989230E-04
 0.235739E-04 0.213341E-05 0.479916E-05 0.984133E-04
 0.232944E-04 0.214096E-05 0.480399E-05 0.973696E-04
 0.229484E-04 0.210975E-05 0.482892E-05 0.955568E-04
 0.224964E-04 0.204564E-05 0.488849E-05 0.933520E-04
 0.221784E-04 0.194831E-05 0.496862E-05 0.915520E-04
 0.218427E-04 0.183148E-05 0.507301E-05 0.897645E-04
 0.215826E-04 0.170328E-05 0.517881E-05 0.883934E-04
 0.213873E-04 0.158054E-05 0.527710E-05 0.875472E-04
 0.213400E-04 0.148883E-05 0.532587E-05 0.870330E-04
 0.212144E-04 0.141362E-05 0.534795E-05 0.865072E-04
 0.212243E-04 0.139353E-05 0.531099E-05 0.866151E-04
 0.212045E-04 0.141202E-05 0.522646E-05 0.868452E-04
 0.213748E-04 0.144430E-05 0.507333E-05 0.876459E-04
 0.213923E-04 0.151904E-05 0.488126E-05 0.880394E-04
 0.215914E-04 0.160422E-05 0.470089E-05 0.892608E-04
 0.216873E-04 0.169261E-05 0.458446E-05 0.899518E-04
 0.217755E-04 0.180862E-05 0.448121E-05 0.904285E-04
 0.217403E-04 0.190700E-05 0.442213E-05 0.904280E-04
 0.217007E-04 0.196183E-05 0.438090E-05 0.904165E-04
 0.214742E-04 0.197980E-05 0.436330E-05 0.896534E-04
 0.212108E-04 0.196214E-05 0.435231E-05 0.885427E-04
 0.209241E-04 0.191925E-05 0.437676E-05 0.870738E-04
 0.205543E-04 0.184430E-05 0.441999E-05 0.849598E-04
 0.202539E-04 0.177911E-05 0.449796E-05 0.834304E-04
 0.200270E-04 0.167161E-05 0.457882E-05 0.818788E-04
 0.197575E-04 0.157122E-05 0.466466E-05 0.806616E-04
 0.195970E-04 0.148000E-05 0.473556E-05 0.798714E-04
 0.194212E-04 0.142658E-05 0.477867E-05 0.791716E-04
 0.193887E-04 0.137147E-05 0.479019E-05 0.789342E-04
 0.192715E-04 0.139007E-05 0.475679E-05 0.787138E-04
 0.192953E-04 0.142731E-05 0.466103E-05 0.789048E-04
 0.193636E-04 0.147096E-05 0.452092E-05 0.792221E-04
 0.194190E-04 0.155954E-05 0.434120E-05 0.799921E-04
 0.194636E-04 0.166542E-05 0.420243E-05 0.802309E-04
 0.194787E-04 0.175676E-05 0.408567E-05 0.808333E-04
 0.195996E-04 0.182455E-05 0.399611E-05 0.813949E-04
 0.196139E-04 0.186970E-05 0.392434E-05 0.817071E-04
 0.195236E-04 0.190879E-05 0.388711E-05 0.816557E-04
 0.193443E-04 0.191018E-05 0.386869E-05 0.806543E-04
 0.190797E-04 0.187199E-05 0.387057E-05 0.792074E-04
 0.188020E-04 0.180870E-05 0.388915E-05 0.779323E-04
 0.184655E-04 0.172112E-05 0.394009E-05 0.761733E-04
 0.182111E-04 0.160717E-05 0.401646E-05 0.749418E-04
 0.178994E-04 0.150499E-05 0.409586E-05 0.731947E-04
 0.176811E-04 0.141702E-05 0.417497E-05 0.722846E-04
 0.175127E-04 0.134297E-05 0.423791E-05 0.714476E-04
 0.173634E-04 0.130411E-05 0.427045E-05 0.706381E-04
 0.173038E-04 0.129924E-05 0.426266E-05 0.704154E-04
 0.172556E-04 0.132934E-05 0.422610E-05 0.704209E-04
 0.171843E-04 0.137950E-05 0.413972E-05 0.703869E-04
 0.172765E-04 0.143870E-05 0.399962E-05 0.708341E-04
 0.173798E-04 0.150052E-05 0.383527E-05 0.715357E-04
 0.173847E-04 0.157376E-05 0.372415E-05 0.719164E-04
 0.174600E-04 0.166177E-05 0.363199E-05 0.726717E-04
 0.174569E-04 0.172710E-05 0.356002E-05 0.728219E-04
 0.174234E-04 0.177326E-05 0.349502E-05 0.726671E-04
 0.173571E-04 0.179210E-05 0.347047E-05 0.724219E-04
 0.172036E-04 0.176656E-05 0.345592E-05 0.717520E-04
 0.168992E-04 0.171968E-05 0.345468E-05 0.702914E-04
 0.166746E-04 0.163484E-05 0.346970E-05 0.688616E-04
 0.163480E-04 0.155536E-05 0.352157E-05 0.671939E-04
 0.161924E-04 0.145571E-05 0.357986E-05 0.661236E-04
 0.159754E-04 0.133648E-05 0.365295E-05 0.651864E-04
 0.157862E-04 0.123801E-05 0.371197E-05 0.641800E-04
 0.155845E-04 0.115909E-05 0.376158E-05 0.633548E-04
 0.154942E-04 0.109631E-05 0.378229E-05 0.630366E-04
 0.153934E-04 0.109323E-05 0.378127E-05 0.627781E-04
 0.154373E-04 0.113849E-05 0.372744E-05 0.631496E-04
 0.153348E-04 0.119018E-05 0.363219E-05 0.629039E-04
 0.153416E-04 0.127270E-05 0.350051E-05 0.629797E-04
 0.153582E-04 0.135953E-05 0.338619E-05 0.633057E-04
 0.154044E-04 0.145453E-05 0.330044E-05 0.638278E-04
 0.154247E-04 0.155977E-05 0.322166E-05 0.642314E-04
 0.154446E-04 0.163452E-05 0.316610E-05 0.644674E-04
 0.153890E-04 0.167636E-05 0.311552E-05 0.645151E-04
 0.152710E-04 0.168718E-05 0.307596E-05 0.639788E-04
 0.151580E-04 0.166274E-05 0.305817E-05 0.631836E-04
 0.149318E-04 0.159550E-05 0.306400E-05 0.618249E-04
 0.147633E-04 0.151183E-05 0.308481E-05 0.607032E-04
 0.144760E-04 0.141672E-05 0.312594E-05 0.594970E-04
 0.142808E-04 0.131285E-05 0.317876E-05 0.584271E-04
 0.141365E-04 0.120899E-05 0.323799E-05 0.576084E-04
 0.139731E-04 0.112192E-05 0.328074E-05 0.568462E-04
 0.138275E-04 0.108991E-05 0.332611E-05 0.562562E-04
 0.136441E-04 0.108568E-05 0.333690E-05 0.555583E-04
 0.135972E-04 0.108412E-05 0.332255E-05 0.552511E-04
 0.135744E-04 0.111731E-05 0.327216E-05 0.553783E-04
 0.135609E-04 0.119096E-05 0.317800E-05 0.557093E-04
 0.136042E-04 0.128001E-05 0.306290E-05 0.561561E-04
 0.135832E-04 0.135071E-05 0.297745E-05 0.562176E-04
 0.136527E-04 0.141406E-05 0.289310E-05 0.567034E-04
 0.136243E-04 0.148991E-05 0.282475E-05 0.569229E-04
 0.136109E-04 0.154746E-05 0.276652E-05 0.572654E-04
 0.135201E-04 0.156591E-05 0.272844E-05 0.569252E-04
 0.134184E-04 0.155595E-05 0.271281E-05 0.562075E-04
 0.132130E-04 0.151837E-05 0.271000E-05 0.551106E-04
 0.130528E-04 0.146111E-05 0.272407E-05 0.541413E-04
 0.128422E-04 0.136909E-05 0.275104E-05 0.530260E-04
 0.126877E-04 0.127279E-05 0.278699E-05 0.521035E-04
 0.125852E-04 0.117203E-05 0.282168E-05 0.514157E-04
 0.124174E-04 0.108522E-05 0.286474E-05 0.505029E-04
 0.122722E-04 0.985776E-06 0.290478E-05 0.499271E-04
 0.121369E-04 0.946575E-06 0.293813E-05 0.494973E-04
 0.120795E-04 0.958746E-06 0.294038E-05 0.492691E-04
 0.120317E-04 0.986981E-06 0.291824E-05 0.492397E-04
 0.119578E-04 0.103684E-05 0.285189E-05 0.491415E-04
 0.119570E-04 0.111046E-05 0.276323E-05 0.491878E-04
 0.119644E-04 0.119817E-05 0.268509E-05 0.494367E-04
 0.119952E-04 0.127160E-05 0.262175E-05 0.500396E-04
 0.120288E-04 0.134491E-05 0.256259E-05 0.503426E-04
 0.119673E-04 0.142077E-05 0.251931E-05 0.503160E-04
 0.119867E-04 0.146612E-05 0.248390E-05 0.504496E-04
 0.118939E-04 0.148354E-05 0.245420E-05 0.501006E-04
 0.117894E-04 0.145281E-05 0.243337E-05 0.494964E-04
 0.117180E-04 0.141220E-05 0.243470E-05 0.486993E-04
 0.115561E-04 0.134349E-05 0.244966E-05 0.478246E-04
 0.113605E-04 0.125144E-05 0.247664E-05 0.470513E-04
 0.112495E-04 0.113237E-05 0.250383E-05 0.462473E-04
 0.111045E-04 0.102218E-05 0.253595E-05 0.454750E-04
 0.109730E-04 0.935689E-06 0.257793E-05 0.448951E-04
 0.107757E-04 0.882530E-06 0.261045E-05 0.440438E-04
 0.106852E-04 0.889298E-06 0.262855E-05 0.436995E-04
 0.106378E-04 0.894714E-06 0.262491E-05 0.435314E-04
 0.105808E-04 0.914712E-06 0.258971E-05 0.433546E-04
 0.105817E-04 0.968162E-06 0.253670E-05 0.433721E-04
 0.105829E-04 0.103842E-05 0.246475E-05 0.437050E-04
 0.106231E-04 0.111168E-05 0.239203E-05 0.441453E-04
 0.106109E-04 0.118427E-05 0.232996E-05 0.443712E-04
 0.106216E-04 0.125406E-05 0.227653E-05 0.447151E-04
 0.105413E-04 0.131801E-05 0.222669E-05 0.447684E-04
 0.105405E-04 0.134985E-05 0.218996E-05 0.447546E-04
 0.104873E-04 0.135451E-05 0.217156E-05 0.442716E-04
 0.103100E-04 0.134523E-05 0.218498E-05 0.436058E-04
 0.101593E-04 0.130186E-05 0.219726E-05 0.427499E-04
 0.100879E-04 0.121865E-05 0.221157E-05 0.418830E-04
 0.992091E-05 0.112024E-05 0.223354E-05 0.409950E-04
 0.975264E-05 0.102843E-05 0.225968E-05 0.401442E-04
 0.959954E-05 0.935650E-06 0.229084E-05 0.394949E-04
 0.955778E-05 0.863340E-06 0.231923E-05 0.392084E-04
 0.943138E-05 0.813823E-06 0.234144E-05 0.387873E-04
 0.943446E-05 0.793336E-06 0.236596E-05 0.386101E-04
 0.939932E-05 0.794183E-06 0.235206E-05 0.386027E-04
 0.938369E-05 0.853421E-06 0.230946E-05 0.387584E-04
 0.936031E-05 0.914725E-06 0.223985E-05 0.388245E-04
 0.933931E-05 0.984452E-06 0.218842E-05 0.390128E-04
 0.924634E-05 0.104352E-05 0.213034E-05 0.390261E-04
 0.929574E-05 0.110559E-05 0.207249E-05 0.393007E-04
 0.930965E-05 0.116443E-05 0.202181E-05 0.396487E-04
 0.933601E-05 0.121217E-05 0.198416E-05 0.398618E-04
 0.927908E-05 0.123614E-05 0.197472E-05 0.396083E-04
 0.916488E-05 0.124434E-05 0.196410E-05 0.391827E-04
 0.905399E-05 0.121395E-05 0.197574E-05 0.385127E-04
 0.895577E-05 0.115202E-05 0.198626E-05 0.378736E-04
 0.882252E-05 0.106228E-05 0.200404E-05 0.369185E-04
 0.873102E-05 0.960124E-06 0.202385E-05 0.362766E-04
 0.863953E-05 0.872478E-06 0.205579E-05 0.357734E-04
 0.852248E-05 0.810433E-06 0.208261E-05 0.352307E-04
 0.845163E-05 0.743236E-06 0.211657E-05 0.349102E-04
 0.839459E-05 0.701386E-06 0.215065E-05 0.346007E-04
 0.833207E-05 0.702975E-06 0.216483E-05 0.343275E-04
 0.828370E-05 0.721821E-06 0.214025E-05 0.344005E-04
 0.827982E-05 0.771034E-06 0.208806E-05 0.345107E-04
 0.826705E-05 0.827769E-06 0.203307E-05 0.344905E-04
 0.828769E-05 0.888516E-06 0.197289E-05 0.347586E-04
 0.828690E-05 0.954071E-06 0.191788E-05 0.349956E-04
 0.825883E-05 0.101518E-05 0.186297E-05 0.353294E-04
 0.830743E-05 0.107178E-05 0.182508E-05 0.357146E-04
 0.828519E-05 0.112165E-05 0.179842E-05 0.356829E-04
 0.824777E-05 0.114785E-05 0.179245E-05 0.355856E-04
 0.810824E-05 0.114038E-05 0.179087E-05 0.349873E-04
 0.799781E-05 0.110536E-05 0.180091E-05 0.343702E-04
 0.790289E-05 0.105025E-05 0.181838E-05 0.334734E-04
 0.781391E-05 0.971923E-06 0.184447E-05 0.331011E-04
 0.779120E-05 0.886238E-06 0.186477E-05 0.326322E-04
 0.771637E-05 0.799401E-06 0.189189E-05 0.320569E-04
 0.761050E-05 0.735700E-06 0.192780E-05 0.316368E-04
 0.753668E-05 0.687057E-06 0.197372E-05 0.310881E-04
 0.749402E-05 0.667947E-06 0.199784E-05 0.312148E-04
 0.749345E-05 0.687640E-06 0.199711E-05 0.311496E-04
 0.746139E-05 0.702750E-06 0.195624E-05 0.309324E-04
 0.748364E-05 0.732773E-06 0.190708E-05 0.311248E-04
 0.741473E-05 0.780516E-06 0.185334E-05 0.311606E-04
 0.741017E-05 0.832192E-06 0.179247E-05 0.313686E-04
 0.735963E-05 0.905176E-06 0.173862E-05 0.314765E-04
 0.735678E-05 0.947503E-06 0.168447E-05 0.316235E-04
 0.731388E-05 0.986491E-06 0.165683E-05 0.317539E-04
 0.732734E-05 0.101698E-05 0.163919E-05 0.318342E-04
 0.725901E-05 0.103373E-05 0.162480E-05 0.316405E-04
 0.713283E-05 0.101645E-05 0.162396E-05 0.309563E-04
 0.708069E-05 0.976704E-06 0.163491E-05 0.306647E-04
 0.702536E-05 0.919016E-06 0.165619E-05 0.301408E-04
 0.694300E-05 0.841528E-06 0.167048E-05 0.297689E-04
 0.687420E-05 0.762054E-06 0.168668E-05 0.291155E-04
 0.682150E-05 0.693056E-06 0.171432E-05 0.286825E-04
 0.676651E-05 0.631593E-06 0.177597E-05 0.282449E-04
 0.668882E-05 0.594829E-06 0.182082E-05 0.279410E-04
 0.666703E-05 0.584619E-06 0.183879E-05 0.278625E-04
 0.670422E-05 0.593955E-06 0.181292E-05 0.279166E-04
 0.672122E-05 0.619555E-06 0.177980E-05 0.280769E-04
 0.661512E-05 0.662119E-06 0.174351E-05 0.279061E-04
 0.656116E-05 0.702975E-06 0.171059E-05 0.279300E-04
 0.658899E-05 0.740786E-06 0.166899E-05 0.280599E-04
 0.656047E-05 0.785005E-06 0.161454E-05 0.283092E-04
 0.657040E-05 0.837211E-06 0.156228E-05 0.285172E-04
 0.658649E-05 0.884742E-06 0.152426E-05 0.288368E-04
 0.654998E-05 0.900025E-06 0.151585E-05 0.288662E-04
