 0.212015E-02 0.193319E-02 0.139578E-02 0.103496E-01
 0.268837E-02 0.236379E-02 0.938068E-03 0.119877E-01
 0.262747E-02 0.227475E-02 0.115816E-02 0.114042E-01
 0.210614E-02 0.189743E-02 0.122182E-02 0.927357E-02
 0.235425E-02 0.212589E-02 0.944552E-03 0.997708E-02
 0.246071E-02 0.221519E-02 0.779203E-03 0.102527E-01
 0.223877E-02 0.206643E-02 0.970685E-03 0.960234E-02
 0.214479E-02 0.207623E-02 0.999527E-03 0.931995E-02
 0.239121E-02 0.227747E-02 0.845108E-03 0.100767E-01
 0.242295E-02 0.232837E-02 0.909728E-03 0.100993E-01
 0.228447E-02 0.225421E-02 0.965916E-03 0.948798E-02
 0.232551E-02 0.228782E-02 0.891921E-03 0.948839E-02
 0.236176E-02 0.230378E-02 0.837735E-03 0.940396E-02
 0.228468E-02 0.226050E-02 0.868625E-03 0.897031E-02
 0.228311E-02 0.226465E-02 0.843767E-03 0.878712E-02
 0.235024E-02 0.228931E-02 0.788580E-03 0.880393E-02
 0.239411E-02 0.228780E-02 0.798953E-03 0.867273E-02
 0.239822E-02 0.225484E-02 0.800706E-03 0.837155E-02
 0.241669E-02 0.222771E-02 0.766367E-03 0.813092E-02
 0.244693E-02 0.222492E-02 0.723949E-03 0.800821E-02
 0.248594E-02 0.222673E-02 0.693668E-03 0.792678E-02
 0.255170E-02 0.223289E-02 0.639222E-03 0.789281E-02
 0.264032E-02 0.223660E-02 0.588812E-03 0.788949E-02
 0.272389E-02 0.223708E-02 0.533754E-03 0.787049E-02
 0.278723E-02 0.223247E-02 0.465121E-03 0.785315E-02
 0.282275E-02 0.221917E-02 0.385878E-03 0.780660E-02
 0.283205E-02 0.219865E-02 0.318537E-03 0.770433E-02
 0.281561E-02 0.216771E-02 0.290886E-03 0.755157E-02
 0.276780E-02 0.211572E-02 0.345867E-03 0.731599E-02
 0.268954E-02 0.204425E-02 0.411363E-03 0.697380E-02
 0.258603E-02 0.196256E-02 0.466790E-03 0.655048E-02
 0.246567E-02 0.187907E-02 0.507137E-03 0.607422E-02
 0.233450E-02 0.179911E-02 0.538302E-03 0.562552E-02
 0.220690E-02 0.172898E-02 0.559977E-03 0.525124E-02
 0.212141E-02 0.167581E-02 0.570989E-03 0.496502E-02
 0.209421E-02 0.164410E-02 0.570238E-03 0.479185E-02
 0.211796E-02 0.163641E-02 0.562122E-03 0.474804E-02
 0.214802E-02 0.163649E-02 0.546343E-03 0.479832E-02
 0.217348E-02 0.163097E-02 0.525723E-03 0.485472E-02
 0.218618E-02 0.161515E-02 0.501585E-03 0.488225E-02
 0.218359E-02 0.158722E-02 0.474681E-03 0.486490E-02
 0.216658E-02 0.154729E-02 0.445039E-03 0.480054E-02
 0.214012E-02 0.149697E-02 0.414620E-03 0.469923E-02
 0.210963E-02 0.143863E-02 0.384482E-03 0.457497E-02
 0.207465E-02 0.137445E-02 0.357522E-03 0.442809E-02
 0.203624E-02 0.130580E-02 0.336716E-03 0.426514E-02
 0.199972E-02 0.123734E-02 0.318035E-03 0.410078E-02
 0.196828E-02 0.117345E-02 0.299887E-03 0.395098E-02
 0.194575E-02 0.111836E-02 0.281736E-03 0.383438E-02
 0.192928E-02 0.107491E-02 0.263418E-03 0.374241E-02
 0.190748E-02 0.104249E-02 0.244588E-03 0.363812E-02
 0.188229E-02 0.100964E-02 0.225336E-03 0.352595E-02
 0.185479E-02 0.976659E-03 0.205993E-03 0.340884E-02
 0.182588E-02 0.944145E-03 0.187166E-03 0.329131E-02
 0.179690E-02 0.912784E-03 0.169346E-03 0.317680E-02
 0.176799E-02 0.882730E-03 0.153033E-03 0.306711E-02
 0.173980E-02 0.854151E-03 0.139221E-03 0.296276E-02
 0.171280E-02 0.827249E-03 0.129391E-03 0.286485E-02
 0.168726E-02 0.802340E-03 0.125768E-03 0.277399E-02
 0.166361E-02 0.779980E-03 0.125806E-03 0.269066E-02
 0.164223E-02 0.760081E-03 0.127298E-03 0.261596E-02
 0.162369E-02 0.742991E-03 0.129390E-03 0.255296E-02
 0.160782E-02 0.728823E-03 0.131507E-03 0.250280E-02
 0.159408E-02 0.716861E-03 0.133264E-03 0.246401E-02
 0.158136E-02 0.705911E-03 0.134462E-03 0.243336E-02
 0.156865E-02 0.695737E-03 0.135034E-03 0.240778E-02
 0.155574E-02 0.686030E-03 0.135029E-03 0.238598E-02
 0.154188E-02 0.676089E-03 0.134468E-03 0.236670E-02
 0.152631E-02 0.665464E-03 0.133375E-03 0.234887E-02
 0.150887E-02 0.653878E-03 0.131842E-03 0.233172E-02
 0.148902E-02 0.641215E-03 0.129956E-03 0.231343E-02
 0.146654E-02 0.627112E-03 0.127881E-03 0.229291E-02
 0.144160E-02 0.611796E-03 0.125722E-03 0.226973E-02
 0.141376E-02 0.594957E-03 0.123438E-03 0.224365E-02
 0.138320E-02 0.576095E-03 0.121149E-03 0.221461E-02
 0.135016E-02 0.555129E-03 0.118893E-03 0.218278E-02
 0.131483E-02 0.532043E-03 0.116694E-03 0.214805E-02
 0.127725E-02 0.507032E-03 0.114616E-03 0.211036E-02
 0.123787E-02 0.480967E-03 0.112659E-03 0.207023E-02
 0.119733E-02 0.453833E-03 0.110793E-03 0.202850E-02
 0.115614E-02 0.426058E-03 0.109066E-03 0.198550E-02
 0.111497E-02 0.397855E-03 0.107516E-03 0.194165E-02
 0.107433E-02 0.369770E-03 0.106083E-03 0.189772E-02
 0.103510E-02 0.342665E-03 0.104781E-03 0.185459E-02
 0.998236E-03 0.316639E-03 0.103595E-03 0.181275E-02
 0.964326E-03 0.292155E-03 0.102506E-03 0.177309E-02
 0.933684E-03 0.269423E-03 0.101528E-03 0.173677E-02
 0.906254E-03 0.248716E-03 0.100674E-03 0.170406E-02
 0.882298E-03 0.230141E-03 0.998594E-04 0.167521E-02
 0.861851E-03 0.213774E-03 0.990891E-04 0.165014E-02
 0.844602E-03 0.199449E-03 0.983536E-04 0.162826E-02
 0.830538E-03 0.187443E-03 0.976699E-04 0.160939E-02
 0.819281E-03 0.177177E-03 0.970254E-04 0.159330E-02
 0.810157E-03 0.168452E-03 0.963907E-04 0.157937E-02
 0.802570E-03 0.161149E-03 0.957679E-04 0.156708E-02
 0.796125E-03 0.154413E-03 0.951335E-04 0.155618E-02
 0.790762E-03 0.148313E-03 0.944424E-04 0.154665E-02
 0.786288E-03 0.143030E-03 0.937067E-04 0.153831E-02
 0.782910E-03 0.138855E-03 0.928696E-04 0.153099E-02
 0.780473E-03 0.136329E-03 0.919357E-04 0.152480E-02
 0.778510E-03 0.135052E-03 0.908937E-04 0.151904E-02
 0.776545E-03 0.134434E-03 0.897536E-04 0.151274E-02
 0.774056E-03 0.134161E-03 0.885487E-04 0.150588E-02
 0.770935E-03 0.134042E-03 0.872681E-04 0.149842E-02
 0.767067E-03 0.133533E-03 0.859633E-04 0.149047E-02
 0.762760E-03 0.132554E-03 0.846098E-04 0.148202E-02
 0.758001E-03 0.131180E-03 0.832197E-04 0.147314E-02
 0.753117E-03 0.129544E-03 0.818322E-04 0.146402E-02
 0.748248E-03 0.128058E-03 0.804306E-04 0.145493E-02
 0.743444E-03 0.126646E-03 0.789951E-04 0.144593E-02
 0.738741E-03 0.125312E-03 0.775508E-04 0.143700E-02
 0.734232E-03 0.124045E-03 0.760704E-04 0.142822E-02
 0.729961E-03 0.122838E-03 0.746081E-04 0.141967E-02
 0.725805E-03 0.121683E-03 0.731870E-04 0.141118E-02
 0.721718E-03 0.120558E-03 0.717457E-04 0.140272E-02
 0.717650E-03 0.119443E-03 0.703259E-04 0.139444E-02
 0.713501E-03 0.118319E-03 0.688938E-04 0.138608E-02
 0.709162E-03 0.117146E-03 0.674602E-04 0.137737E-02
 0.704668E-03 0.115916E-03 0.659901E-04 0.136839E-02
 0.699916E-03 0.114633E-03 0.645478E-04 0.135932E-02
 0.694966E-03 0.113277E-03 0.630582E-04 0.135005E-02
 0.689744E-03 0.111905E-03 0.616172E-04 0.134073E-02
 0.684390E-03 0.110501E-03 0.601757E-04 0.133114E-02
 0.678971E-03 0.109068E-03 0.586841E-04 0.132159E-02
 0.673615E-03 0.107624E-03 0.573208E-04 0.131186E-02
 0.668186E-03 0.106226E-03 0.559580E-04 0.130228E-02
 0.662728E-03 0.104949E-03 0.546291E-04 0.129260E-02
 0.657236E-03 0.103702E-03 0.533429E-04 0.128290E-02
 0.651827E-03 0.102542E-03 0.521306E-04 0.127327E-02
 0.646484E-03 0.101415E-03 0.510198E-04 0.126381E-02
 0.641167E-03 0.100341E-03 0.499833E-04 0.125449E-02
 0.636000E-03 0.993156E-04 0.490652E-04 0.124528E-02
 0.631019E-03 0.982876E-04 0.482459E-04 0.123608E-02
 0.626197E-03 0.972641E-04 0.475844E-04 0.122738E-02
 0.621393E-03 0.963182E-04 0.471064E-04 0.121866E-02
 0.616482E-03 0.954243E-04 0.469013E-04 0.121015E-02
 0.611606E-03 0.945665E-04 0.468938E-04 0.120190E-02
 0.606796E-03 0.937265E-04 0.469594E-04 0.119355E-02
 0.601997E-03 0.928586E-04 0.470345E-04 0.118525E-02
 0.597355E-03 0.920008E-04 0.471256E-04 0.117689E-02
 0.592725E-03 0.912031E-04 0.472095E-04 0.116860E-02
 0.588087E-03 0.904205E-04 0.472778E-04 0.116014E-02
 0.583555E-03 0.896404E-04 0.473673E-04 0.115158E-02
 0.579020E-03 0.888862E-04 0.474492E-04 0.114323E-02
 0.574469E-03 0.882931E-04 0.474841E-04 0.113486E-02
 0.569821E-03 0.877107E-04 0.474559E-04 0.112683E-02
 0.565317E-03 0.871217E-04 0.473942E-04 0.111851E-02
 0.560900E-03 0.865320E-04 0.473624E-04 0.111017E-02
 0.556526E-03 0.859588E-04 0.473567E-04 0.110201E-02
 0.552174E-03 0.853943E-04 0.473144E-04 0.109375E-02
 0.547781E-03 0.847891E-04 0.472554E-04 0.108538E-02
 0.543420E-03 0.841595E-04 0.471598E-04 0.107701E-02
 0.538978E-03 0.835514E-04 0.470110E-04 0.106840E-02
 0.534646E-03 0.830005E-04 0.468489E-04 0.105985E-02
 0.530318E-03 0.824470E-04 0.466546E-04 0.105187E-02
 0.526020E-03 0.819673E-04 0.464547E-04 0.104395E-02
 0.521795E-03 0.814952E-04 0.462374E-04 0.103609E-02
 0.517655E-03 0.810246E-04 0.460122E-04 0.102821E-02
 0.513610E-03 0.805190E-04 0.457594E-04 0.102044E-02
 0.509507E-03 0.799944E-04 0.454821E-04 0.101249E-02
 0.505331E-03 0.794225E-04 0.452788E-04 0.100442E-02
 0.501204E-03 0.788360E-04 0.450975E-04 0.996486E-03
 0.497067E-03 0.782464E-04 0.449047E-04 0.988465E-03
 0.492933E-03 0.776657E-04 0.446987E-04 0.980483E-03
 0.488658E-03 0.770438E-04 0.444644E-04 0.972465E-03
 0.484559E-03 0.763706E-04 0.442457E-04 0.964753E-03
 0.480655E-03 0.757226E-04 0.440458E-04 0.957073E-03
 0.476807E-03 0.750820E-04 0.438451E-04 0.949451E-03
 0.472908E-03 0.744169E-04 0.436747E-04 0.941968E-03
 0.468970E-03 0.737327E-04 0.435202E-04 0.934389E-03
 0.465013E-03 0.730464E-04 0.433751E-04 0.926804E-03
 0.461192E-03 0.723244E-04 0.432353E-04 0.919340E-03
 0.457396E-03 0.715558E-04 0.430896E-04 0.911825E-03
 0.453622E-03 0.707931E-04 0.429615E-04 0.904423E-03
 0.449792E-03 0.700259E-04 0.428829E-04 0.896875E-03
 0.445960E-03 0.692470E-04 0.428153E-04 0.889481E-03
 0.442349E-03 0.684488E-04 0.427297E-04 0.882046E-03
 0.438760E-03 0.676330E-04 0.426562E-04 0.874540E-03
 0.435173E-03 0.668176E-04 0.425575E-04 0.867271E-03
 0.431461E-03 0.660080E-04 0.424625E-04 0.859831E-03
 0.427695E-03 0.651800E-04 0.423858E-04 0.852252E-03
 0.423909E-03 0.643612E-04 0.423039E-04 0.844781E-03
 0.420114E-03 0.635492E-04 0.422058E-04 0.837208E-03
 0.416316E-03 0.627153E-04 0.420969E-04 0.829673E-03
 0.412555E-03 0.618538E-04 0.419865E-04 0.822133E-03
 0.408810E-03 0.609859E-04 0.418944E-04 0.814536E-03
 0.405069E-03 0.601206E-04 0.418062E-04 0.807028E-03
 0.401345E-03 0.592745E-04 0.417097E-04 0.799619E-03
 0.397600E-03 0.584272E-04 0.416052E-04 0.791963E-03
 0.393891E-03 0.575892E-04 0.415048E-04 0.784294E-03
 0.390146E-03 0.567848E-04 0.414381E-04 0.776755E-03
 0.386362E-03 0.559682E-04 0.414094E-04 0.769370E-03
 0.382506E-03 0.551671E-04 0.413686E-04 0.762132E-03
 0.378802E-03 0.543886E-04 0.413256E-04 0.754958E-03
 0.375211E-03 0.536686E-04 0.412782E-04 0.747788E-03
 0.371636E-03 0.529794E-04 0.412503E-04 0.740636E-03
 0.368108E-03 0.522991E-04 0.412364E-04 0.733581E-03
 0.364647E-03 0.516512E-04 0.412143E-04 0.726708E-03
 0.361125E-03 0.510290E-04 0.411736E-04 0.719960E-03
 0.357536E-03 0.504314E-04 0.411228E-04 0.713034E-03
 0.354012E-03 0.498423E-04 0.410558E-04 0.706244E-03
 0.350479E-03 0.492663E-04 0.410067E-04 0.699480E-03
 0.347109E-03 0.487190E-04 0.409548E-04 0.692786E-03
 0.343806E-03 0.481760E-04 0.408916E-04 0.686447E-03
 0.340641E-03 0.476831E-04 0.408154E-04 0.680264E-03
 0.337494E-03 0.472016E-04 0.407293E-04 0.674277E-03
 0.334281E-03 0.467395E-04 0.406383E-04 0.668133E-03
 0.331082E-03 0.463139E-04 0.405482E-04 0.662139E-03
 0.327926E-03 0.458979E-04 0.404901E-04 0.656118E-03
 0.324823E-03 0.454912E-04 0.404235E-04 0.650091E-03
 0.321738E-03 0.451054E-04 0.403472E-04 0.644092E-03
 0.318807E-03 0.447676E-04 0.402553E-04 0.638237E-03
 0.315945E-03 0.444401E-04 0.401477E-04 0.632656E-03
 0.313051E-03 0.441232E-04 0.400278E-04 0.627108E-03
 0.310072E-03 0.438189E-04 0.398861E-04 0.621312E-03
 0.307123E-03 0.435440E-04 0.397415E-04 0.615566E-03
 0.304278E-03 0.432667E-04 0.395882E-04 0.610079E-03
 0.301536E-03 0.429857E-04 0.394334E-04 0.604790E-03
 0.298900E-03 0.427203E-04 0.392731E-04 0.599593E-03
 0.296280E-03 0.424867E-04 0.390910E-04 0.594310E-03
 0.293642E-03 0.422513E-04 0.388956E-04 0.589262E-03
 0.291033E-03 0.420224E-04 0.386784E-04 0.584221E-03
 0.288458E-03 0.417750E-04 0.384415E-04 0.579175E-03
 0.285884E-03 0.415238E-04 0.381909E-04 0.574069E-03
 0.283282E-03 0.412760E-04 0.379343E-04 0.569024E-03
 0.280735E-03 0.410287E-04 0.376883E-04 0.564087E-03
 0.278283E-03 0.407909E-04 0.374358E-04 0.559188E-03
 0.275858E-03 0.405576E-04 0.372225E-04 0.554459E-03
 0.273428E-03 0.403241E-04 0.370004E-04 0.549712E-03
 0.271053E-03 0.400923E-04 0.367640E-04 0.545010E-03
 0.268695E-03 0.398510E-04 0.365046E-04 0.540330E-03
 0.266257E-03 0.396169E-04 0.362275E-04 0.535568E-03
 0.263860E-03 0.393862E-04 0.359450E-04 0.530797E-03
 0.261576E-03 0.391540E-04 0.356534E-04 0.526302E-03
 0.259317E-03 0.389156E-04 0.353428E-04 0.521901E-03
 0.257063E-03 0.386794E-04 0.350295E-04 0.517598E-03
 0.254928E-03 0.384415E-04 0.347163E-04 0.513357E-03
 0.252855E-03 0.382001E-04 0.343952E-04 0.509284E-03
 0.250778E-03 0.380015E-04 0.340582E-04 0.505343E-03
 0.248670E-03 0.377961E-04 0.337148E-04 0.501446E-03
 0.246561E-03 0.375636E-04 0.333705E-04 0.497556E-03
 0.244502E-03 0.373157E-04 0.330141E-04 0.493681E-03
 0.242423E-03 0.370600E-04 0.326572E-04 0.489828E-03
 0.240338E-03 0.368057E-04 0.322892E-04 0.486027E-03
 0.238328E-03 0.365434E-04 0.319386E-04 0.482274E-03
 0.236387E-03 0.362788E-04 0.315840E-04 0.478517E-03
 0.234442E-03 0.360225E-04 0.312233E-04 0.474829E-03
 0.232510E-03 0.357609E-04 0.308526E-04 0.471134E-03
 0.230597E-03 0.354776E-04 0.304708E-04 0.467418E-03
 0.228662E-03 0.351785E-04 0.300947E-04 0.463698E-03
 0.226711E-03 0.348703E-04 0.297270E-04 0.459961E-03
 0.224799E-03 0.345452E-04 0.293659E-04 0.456262E-03
 0.222949E-03 0.342065E-04 0.289917E-04 0.452639E-03
 0.221157E-03 0.338563E-04 0.286029E-04 0.449143E-03
 0.219339E-03 0.334983E-04 0.282086E-04 0.445648E-03
 0.217517E-03 0.331273E-04 0.278058E-04 0.442214E-03
 0.215802E-03 0.327395E-04 0.274035E-04 0.439029E-03
 0.214147E-03 0.323509E-04 0.269972E-04 0.435893E-03
 0.212607E-03 0.319512E-04 0.265829E-04 0.432884E-03
 0.211144E-03 0.315539E-04 0.261608E-04 0.430054E-03
 0.209690E-03 0.311552E-04 0.257364E-04 0.427209E-03
 0.208231E-03 0.307685E-04 0.253212E-04 0.424330E-03
 0.206766E-03 0.303968E-04 0.249081E-04 0.421481E-03
 0.205261E-03 0.300255E-04 0.244997E-04 0.418545E-03
 0.203793E-03 0.296617E-04 0.240933E-04 0.415566E-03
 0.202322E-03 0.292982E-04 0.236855E-04 0.412599E-03
 0.200855E-03 0.289376E-04 0.232957E-04 0.409636E-03
 0.199369E-03 0.285671E-04 0.229199E-04 0.406634E-03
 0.197867E-03 0.281967E-04 0.225449E-04 0.403541E-03
 0.196344E-03 0.278295E-04 0.221793E-04 0.400391E-03
 0.194816E-03 0.274512E-04 0.218195E-04 0.397184E-03
 0.193303E-03 0.270683E-04 0.214761E-04 0.393994E-03
 0.191780E-03 0.266883E-04 0.211389E-04 0.390801E-03
 0.190269E-03 0.263048E-04 0.207986E-04 0.387607E-03
 0.188734E-03 0.259153E-04 0.204616E-04 0.384353E-03
 0.187208E-03 0.255270E-04 0.201431E-04 0.381057E-03
 0.185666E-03 0.251382E-04 0.198282E-04 0.377828E-03
 0.184091E-03 0.247522E-04 0.195248E-04 0.374587E-03
 0.182514E-03 0.243656E-04 0.192458E-04 0.371307E-03
 0.180959E-03 0.239885E-04 0.189860E-04 0.367992E-03
 0.179423E-03 0.236073E-04 0.187308E-04 0.364671E-03
 0.177896E-03 0.232225E-04 0.184749E-04 0.361291E-03
 0.176411E-03 0.228355E-04 0.182270E-04 0.358023E-03
 0.174912E-03 0.224497E-04 0.179895E-04 0.354784E-03
 0.173435E-03 0.220866E-04 0.177656E-04 0.351590E-03
 0.172014E-03 0.217402E-04 0.175467E-04 0.348513E-03
 0.170675E-03 0.214027E-04 0.173279E-04 0.345521E-03
 0.169331E-03 0.210814E-04 0.171093E-04 0.342620E-03
 0.167993E-03 0.207585E-04 0.168907E-04 0.339691E-03
 0.166654E-03 0.204409E-04 0.166817E-04 0.336763E-03
 0.165340E-03 0.201388E-04 0.164805E-04 0.333920E-03
 0.164080E-03 0.198539E-04 0.162876E-04 0.331183E-03
 0.162870E-03 0.195724E-04 0.160962E-04 0.328532E-03
 0.161698E-03 0.192971E-04 0.159036E-04 0.326035E-03
 0.160498E-03 0.190299E-04 0.157165E-04 0.323513E-03
 0.159300E-03 0.187814E-04 0.155293E-04 0.320994E-03
 0.158103E-03 0.185407E-04 0.153480E-04 0.318490E-03
 0.156908E-03 0.183083E-04 0.151781E-04 0.316045E-03
 0.155688E-03 0.180808E-04 0.150099E-04 0.313619E-03
 0.154461E-03 0.178701E-04 0.148415E-04 0.311194E-03
 0.153256E-03 0.176663E-04 0.146722E-04 0.308787E-03
 0.152096E-03 0.174641E-04 0.145013E-04 0.306448E-03
 0.150958E-03 0.172685E-04 0.143302E-04 0.304144E-03
 0.149819E-03 0.170755E-04 0.141639E-04 0.301830E-03
 0.148691E-03 0.168893E-04 0.140021E-04 0.299518E-03
 0.147565E-03 0.167101E-04 0.138429E-04 0.297222E-03
 0.146466E-03 0.165382E-04 0.136883E-04 0.294944E-03
 0.145362E-03 0.163769E-04 0.135337E-04 0.292652E-03
 0.144246E-03 0.162280E-04 0.133777E-04 0.290389E-03
 0.143155E-03 0.160874E-04 0.132234E-04 0.288162E-03
 0.142126E-03 0.159491E-04 0.130729E-04 0.286038E-03
 0.141133E-03 0.158145E-04 0.129270E-04 0.283946E-03
 0.140175E-03 0.156838E-04 0.127895E-04 0.281965E-03
 0.139218E-03 0.155548E-04 0.126532E-04 0.280047E-03
 0.138304E-03 0.154292E-04 0.125289E-04 0.278245E-03
 0.137451E-03 0.153087E-04 0.124082E-04 0.276475E-03
 0.136590E-03 0.151883E-04 0.122831E-04 0.274683E-03
 0.135718E-03 0.150700E-04 0.121560E-04 0.272905E-03
 0.134822E-03 0.149556E-04 0.120324E-04 0.271134E-03
 0.133940E-03 0.148365E-04 0.119112E-04 0.269381E-03
 0.133068E-03 0.147140E-04 0.117923E-04 0.267632E-03
 0.132223E-03 0.145840E-04 0.116763E-04 0.265960E-03
 0.131404E-03 0.144546E-04 0.115598E-04 0.264335E-03
 0.130592E-03 0.143261E-04 0.114442E-04 0.262706E-03
 0.129792E-03 0.142117E-04 0.113263E-04 0.261086E-03
 0.128995E-03 0.140995E-04 0.112117E-04 0.259515E-03
 0.128196E-03 0.139859E-04 0.111007E-04 0.257952E-03
 0.127406E-03 0.138753E-04 0.109927E-04 0.256409E-03
 0.126609E-03 0.137590E-04 0.108873E-04 0.254868E-03
 0.125815E-03 0.136366E-04 0.107816E-04 0.253324E-03
 0.125029E-03 0.135111E-04 0.106757E-04 0.251808E-03
 0.124253E-03 0.133915E-04 0.105754E-04 0.250320E-03
 0.123496E-03 0.132726E-04 0.104755E-04 0.248822E-03
 0.122748E-03 0.131510E-04 0.103812E-04 0.247314E-03
 0.121995E-03 0.130301E-04 0.102901E-04 0.245818E-03
 0.121253E-03 0.129061E-04 0.102004E-04 0.244369E-03
 0.120517E-03 0.127860E-04 0.101105E-04 0.242942E-03
 0.119803E-03 0.126697E-04 0.100203E-04 0.241522E-03
 0.119096E-03 0.125484E-04 0.993031E-05 0.240115E-03
 0.118402E-03 0.124300E-04 0.984139E-05 0.238708E-03
 0.117707E-03 0.123082E-04 0.976188E-05 0.237312E-03
 0.117016E-03 0.121902E-04 0.968453E-05 0.235941E-03
 0.116334E-03 0.120749E-04 0.960576E-05 0.234573E-03
 0.115671E-03 0.119576E-04 0.952785E-05 0.233253E-03
 0.115025E-03 0.118383E-04 0.944955E-05 0.231912E-03
 0.114381E-03 0.117230E-04 0.937092E-05 0.230611E-03
 0.113734E-03 0.116087E-04 0.929535E-05 0.229362E-03
 0.113101E-03 0.114946E-04 0.922754E-05 0.228101E-03
 0.112464E-03 0.113831E-04 0.916014E-05 0.226833E-03
 0.111824E-03 0.112715E-04 0.909367E-05 0.225571E-03
 0.111190E-03 0.111628E-04 0.902693E-05 0.224314E-03
 0.110542E-03 0.110580E-04 0.896104E-05 0.223057E-03
 0.109892E-03 0.109559E-04 0.889665E-05 0.221822E-03
 0.109237E-03 0.108524E-04 0.883558E-05 0.220559E-03
 0.108575E-03 0.107521E-04 0.877740E-05 0.219279E-03
 0.107905E-03 0.106491E-04 0.871985E-05 0.217973E-03
 0.107246E-03 0.105500E-04 0.866456E-05 0.216672E-03
 0.106589E-03 0.104511E-04 0.860954E-05 0.215362E-03
 0.105921E-03 0.103540E-04 0.855283E-05 0.214072E-03
 0.105255E-03 0.102595E-04 0.849475E-05 0.212773E-03
 0.104582E-03 0.101648E-04 0.843788E-05 0.211456E-03
 0.103904E-03 0.100718E-04 0.838250E-05 0.210111E-03
 0.103231E-03 0.997939E-05 0.832928E-05 0.208786E-03
 0.102556E-03 0.989014E-05 0.827540E-05 0.207471E-03
 0.101895E-03 0.980072E-05 0.822212E-05 0.206144E-03
 0.101233E-03 0.971366E-05 0.816922E-05 0.204804E-03
 0.100571E-03 0.962754E-05 0.811578E-05 0.203468E-03
 0.999204E-04 0.954242E-05 0.806130E-05 0.202133E-03
 0.992656E-04 0.945951E-05 0.800525E-05 0.200817E-03
 0.986019E-04 0.937793E-05 0.794905E-05 0.199492E-03
 0.979589E-04 0.929501E-05 0.789431E-05 0.198176E-03
 0.973191E-04 0.921200E-05 0.784180E-05 0.196843E-03
 0.966711E-04 0.913392E-05 0.778845E-05 0.195495E-03
 0.960256E-04 0.905576E-05 0.773346E-05 0.194159E-03
 0.953703E-04 0.897654E-05 0.767967E-05 0.192797E-03
 0.947116E-04 0.890105E-05 0.762567E-05 0.191433E-03
 0.940454E-04 0.882402E-05 0.757162E-05 0.190059E-03
 0.933805E-04 0.874894E-05 0.751795E-05 0.188683E-03
 0.927126E-04 0.867501E-05 0.746352E-05 0.187307E-03
 0.920460E-04 0.860450E-05 0.740839E-05 0.185937E-03
 0.913806E-04 0.853270E-05 0.735275E-05 0.184603E-03
 0.907159E-04 0.845607E-05 0.729660E-05 0.183285E-03
 0.900668E-04 0.838326E-05 0.723949E-05 0.181955E-03
 0.894247E-04 0.830898E-05 0.718069E-05 0.180632E-03
 0.887991E-04 0.823565E-05 0.712165E-05 0.179330E-03
 0.881859E-04 0.815925E-05 0.706237E-05 0.178064E-03
 0.875949E-04 0.808692E-05 0.700379E-05 0.176812E-03
 0.870319E-04 0.801630E-05 0.694416E-05 0.175603E-03
 0.864798E-04 0.794737E-05 0.688419E-05 0.174427E-03
 0.859479E-04 0.787832E-05 0.682467E-05 0.173291E-03
 0.854247E-04 0.780988E-05 0.676480E-05 0.172231E-03
 0.849305E-04 0.773934E-05 0.670523E-05 0.171172E-03
 0.844532E-04 0.767004E-05 0.664514E-05 0.170162E-03
 0.839949E-04 0.759911E-05 0.658333E-05 0.169202E-03
 0.835452E-04 0.753362E-05 0.652171E-05 0.168269E-03
 0.831000E-04 0.746835E-05 0.646078E-05 0.167351E-03
 0.826538E-04 0.740068E-05 0.639994E-05 0.166430E-03
 0.822210E-04 0.733474E-05 0.633962E-05 0.165528E-03
 0.817994E-04 0.726853E-05 0.627998E-05 0.164646E-03
 0.813836E-04 0.720437E-05 0.622086E-05 0.163845E-03
 0.809781E-04 0.713765E-05 0.616121E-05 0.163061E-03
 0.805883E-04 0.707152E-05 0.610295E-05 0.162271E-03
 0.802098E-04 0.700601E-05 0.604375E-05 0.161488E-03
 0.798495E-04 0.694638E-05 0.598359E-05 0.160747E-03
 0.794990E-04 0.688461E-05 0.592551E-05 0.160040E-03
 0.791585E-04 0.682805E-05 0.586833E-05 0.159352E-03
 0.788221E-04 0.677620E-05 0.580983E-05 0.158684E-03
 0.784971E-04 0.672469E-05 0.575093E-05 0.158033E-03
 0.781776E-04 0.667955E-05 0.569139E-05 0.157412E-03
 0.778761E-04 0.664133E-05 0.563511E-05 0.156827E-03
 0.775823E-04 0.660526E-05 0.558095E-05 0.156265E-03
 0.772939E-04 0.657205E-05 0.552853E-05 0.155683E-03
 0.770009E-04 0.654120E-05 0.547715E-05 0.155100E-03
 0.767037E-04 0.651461E-05 0.542587E-05 0.154511E-03
 0.764260E-04 0.648668E-05 0.537478E-05 0.153950E-03
 0.761556E-04 0.646013E-05 0.532677E-05 0.153424E-03
 0.758797E-04 0.643425E-05 0.528217E-05 0.152885E-03
 0.755869E-04 0.640595E-05 0.523929E-05 0.152306E-03
 0.752950E-04 0.637916E-05 0.519534E-05 0.151757E-03
 0.750125E-04 0.635297E-05 0.515222E-05 0.151250E-03
 0.747534E-04 0.632506E-05 0.511237E-05 0.150767E-03
 0.745135E-04 0.629740E-05 0.507346E-05 0.150268E-03
 0.742850E-04 0.627370E-05 0.503444E-05 0.149816E-03
 0.740612E-04 0.624805E-05 0.499496E-05 0.149372E-03
 0.738402E-04 0.622516E-05 0.495988E-05 0.148924E-03
 0.736315E-04 0.620095E-05 0.492704E-05 0.148517E-03
 0.734169E-04 0.618189E-05 0.489421E-05 0.148136E-03
 0.732091E-04 0.616071E-05 0.486364E-05 0.147729E-03
 0.730035E-04 0.614153E-05 0.483324E-05 0.147318E-03
 0.728020E-04 0.612533E-05 0.480264E-05 0.146909E-03
 0.725858E-04 0.610783E-05 0.477460E-05 0.146484E-03
 0.723577E-04 0.609216E-05 0.474692E-05 0.146032E-03
 0.721235E-04 0.607545E-05 0.471994E-05 0.145598E-03
 0.718832E-04 0.606128E-05 0.469392E-05 0.145140E-03
 0.716453E-04 0.604761E-05 0.466809E-05 0.144665E-03
 0.714090E-04 0.603071E-05 0.464296E-05 0.144198E-03
 0.711695E-04 0.601383E-05 0.461893E-05 0.143713E-03
 0.709248E-04 0.599775E-05 0.459420E-05 0.143238E-03
 0.706845E-04 0.598347E-05 0.457018E-05 0.142800E-03
 0.704723E-04 0.596969E-05 0.454638E-05 0.142382E-03
 0.702929E-04 0.595725E-05 0.452288E-05 0.142001E-03
 0.700997E-04 0.594441E-05 0.449925E-05 0.141610E-03
 0.699060E-04 0.593281E-05 0.447458E-05 0.141215E-03
 0.697172E-04 0.592298E-05 0.444960E-05 0.140862E-03
 0.695425E-04 0.591000E-05 0.442488E-05 0.140508E-03
 0.693596E-04 0.589585E-05 0.440066E-05 0.140141E-03
 0.691703E-04 0.588241E-05 0.437598E-05 0.139770E-03
 0.689755E-04 0.587247E-05 0.435102E-05 0.139392E-03
 0.687721E-04 0.585886E-05 0.432655E-05 0.138988E-03
 0.685677E-04 0.584553E-05 0.430172E-05 0.138578E-03
 0.683550E-04 0.583176E-05 0.427795E-05 0.138161E-03
 0.681443E-04 0.581815E-05 0.425410E-05 0.137732E-03
 0.679313E-04 0.580789E-05 0.423000E-05 0.137324E-03
 0.677386E-04 0.579356E-05 0.420632E-05 0.136905E-03
 0.675495E-04 0.578239E-05 0.418322E-05 0.136526E-03
 0.673677E-04 0.577076E-05 0.416055E-05 0.136167E-03
 0.671951E-04 0.575995E-05 0.413777E-05 0.135820E-03
 0.670290E-04 0.574836E-05 0.411600E-05 0.135472E-03
 0.668740E-04 0.573506E-05 0.409397E-05 0.135135E-03
 0.667142E-04 0.572167E-05 0.407062E-05 0.134797E-03
 0.665462E-04 0.570814E-05 0.404658E-05 0.134447E-03
 0.663699E-04 0.569779E-05 0.402291E-05 0.134088E-03
 0.661942E-04 0.568498E-05 0.399890E-05 0.133715E-03
 0.660272E-04 0.567267E-05 0.397546E-05 0.133356E-03
 0.658624E-04 0.566044E-05 0.395002E-05 0.133005E-03
 0.656944E-04 0.564759E-05 0.392405E-05 0.132654E-03
 0.655305E-04 0.563242E-05 0.389933E-05 0.132296E-03
 0.653693E-04 0.561781E-05 0.387394E-05 0.131929E-03
 0.652031E-04 0.560373E-05 0.384760E-05 0.131579E-03
 0.650370E-04 0.558886E-05 0.382155E-05 0.131227E-03
 0.648685E-04 0.557554E-05 0.379654E-05 0.130872E-03
 0.646957E-04 0.556077E-05 0.377036E-05 0.130502E-03
 0.645291E-04 0.554567E-05 0.374365E-05 0.130137E-03
 0.643695E-04 0.553417E-05 0.371756E-05 0.129810E-03
 0.642284E-04 0.551942E-05 0.369275E-05 0.129490E-03
 0.640991E-04 0.550586E-05 0.366738E-05 0.129197E-03
 0.639701E-04 0.548906E-05 0.364257E-05 0.128912E-03
 0.638470E-04 0.547377E-05 0.361732E-05 0.128627E-03
 0.637196E-04 0.545647E-05 0.359226E-05 0.128342E-03
 0.635922E-04 0.544066E-05 0.356663E-05 0.128054E-03
 0.634639E-04 0.542453E-05 0.354029E-05 0.127759E-03
 0.633363E-04 0.540856E-05 0.351446E-05 0.127463E-03
 0.632100E-04 0.539090E-05 0.348892E-05 0.127164E-03
 0.630831E-04 0.537295E-05 0.346278E-05 0.126878E-03
 0.629474E-04 0.535531E-05 0.343635E-05 0.126605E-03
 0.628122E-04 0.533682E-05 0.340968E-05 0.126323E-03
 0.626837E-04 0.532096E-05 0.338340E-05 0.126050E-03
 0.625498E-04 0.530594E-05 0.335596E-05 0.125781E-03
 0.624132E-04 0.528781E-05 0.332762E-05 0.125505E-03
 0.622661E-04 0.526757E-05 0.330089E-05 0.125211E-03
 0.621183E-04 0.524922E-05 0.327425E-05 0.124920E-03
 0.619649E-04 0.523141E-05 0.324555E-05 0.124601E-03
 0.618019E-04 0.521375E-05 0.321704E-05 0.124280E-03
 0.616357E-04 0.519536E-05 0.318981E-05 0.123929E-03
 0.614591E-04 0.517445E-05 0.316218E-05 0.123567E-03
 0.612754E-04 0.515298E-05 0.313410E-05 0.123191E-03
 0.610865E-04 0.513083E-05 0.310804E-05 0.122812E-03
 0.608890E-04 0.510891E-05 0.308210E-05 0.122423E-03
 0.606974E-04 0.508778E-05 0.305548E-05 0.122026E-03
 0.605035E-04 0.506709E-05 0.302883E-05 0.121621E-03
 0.603050E-04 0.504719E-05 0.300269E-05 0.121223E-03
 0.601006E-04 0.502969E-05 0.297668E-05 0.120804E-03
 0.598885E-04 0.500708E-05 0.295040E-05 0.120378E-03
 0.596713E-04 0.498627E-05 0.292514E-05 0.119939E-03
 0.594477E-04 0.496589E-05 0.289906E-05 0.119481E-03
 0.592112E-04 0.494389E-05 0.287253E-05 0.119004E-03
 0.589630E-04 0.491819E-05 0.284691E-05 0.118490E-03
 0.587034E-04 0.489493E-05 0.282105E-05 0.117973E-03
 0.584426E-04 0.487191E-05 0.279523E-05 0.117440E-03
 0.581661E-04 0.484671E-05 0.276888E-05 0.116895E-03
 0.578889E-04 0.482078E-05 0.274291E-05 0.116342E-03
 0.576237E-04 0.479696E-05 0.271825E-05 0.115786E-03
 0.573733E-04 0.477467E-05 0.269403E-05 0.115265E-03
 0.571279E-04 0.474981E-05 0.266835E-05 0.114769E-03
 0.568787E-04 0.472695E-05 0.264165E-05 0.114261E-03
 0.566233E-04 0.470333E-05 0.261559E-05 0.113741E-03
 0.563649E-04 0.468111E-05 0.259039E-05 0.113219E-03
 0.560979E-04 0.465801E-05 0.256502E-05 0.112677E-03
 0.558171E-04 0.463280E-05 0.253985E-05 0.112110E-03
 0.555288E-04 0.460825E-05 0.251477E-05 0.111521E-03
 0.552426E-04 0.458327E-05 0.248942E-05 0.110939E-03
 0.549389E-04 0.455918E-05 0.246346E-05 0.110330E-03
 0.546186E-04 0.453237E-05 0.243867E-05 0.109679E-03
 0.542823E-04 0.450556E-05 0.241462E-05 0.109012E-03
 0.539517E-04 0.447616E-05 0.238980E-05 0.108334E-03
 0.536377E-04 0.445192E-05 0.236499E-05 0.107694E-03
 0.533249E-04 0.442968E-05 0.234003E-05 0.107069E-03
 0.530210E-04 0.440459E-05 0.231570E-05 0.106452E-03
 0.527039E-04 0.438105E-05 0.229113E-05 0.105811E-03
 0.523840E-04 0.435706E-05 0.226804E-05 0.105158E-03
 0.520506E-04 0.433401E-05 0.224658E-05 0.104481E-03
 0.517110E-04 0.431146E-05 0.222523E-05 0.103786E-03
 0.513559E-04 0.428532E-05 0.220512E-05 0.103065E-03
 0.509824E-04 0.425978E-05 0.218532E-05 0.102314E-03
 0.505959E-04 0.423080E-05 0.216597E-05 0.101539E-03
 0.502024E-04 0.420261E-05 0.214558E-05 0.100744E-03
 0.497984E-04 0.417441E-05 0.212400E-05 0.999338E-04
 0.493916E-04 0.414554E-05 0.210261E-05 0.991146E-04
 0.490258E-04 0.411784E-05 0.208305E-05 0.983585E-04
 0.486484E-04 0.408961E-05 0.206299E-05 0.975863E-04
 0.482601E-04 0.406315E-05 0.204133E-05 0.968131E-04
 0.478649E-04 0.403619E-05 0.201937E-05 0.960166E-04
 0.474533E-04 0.400795E-05 0.199832E-05 0.951769E-04
 0.470367E-04 0.397936E-05 0.197704E-05 0.943390E-04
 0.466070E-04 0.395012E-05 0.195426E-05 0.934747E-04
 0.461707E-04 0.392273E-05 0.193129E-05 0.925977E-04
 0.457204E-04 0.389226E-05 0.190873E-05 0.916963E-04
 0.452687E-04 0.386128E-05 0.188664E-05 0.907915E-04
 0.448109E-04 0.382952E-05 0.186424E-05 0.898713E-04
 0.443513E-04 0.379797E-05 0.184243E-05 0.889432E-04
 0.438912E-04 0.376516E-05 0.182184E-05 0.880046E-04
 0.434450E-04 0.373337E-05 0.180245E-05 0.871081E-04
 0.429999E-04 0.370153E-05 0.178348E-05 0.862099E-04
 0.425363E-04 0.366829E-05 0.176407E-05 0.852840E-04
 0.420717E-04 0.363451E-05 0.174512E-05 0.843356E-04
 0.415986E-04 0.359843E-05 0.172806E-05 0.833897E-04
 0.411191E-04 0.356456E-05 0.171012E-05 0.824273E-04
 0.406379E-04 0.353053E-05 0.169070E-05 0.814481E-04
 0.401492E-04 0.349748E-05 0.167157E-05 0.804591E-04
 0.396434E-04 0.346198E-05 0.165323E-05 0.794479E-04
 0.391328E-04 0.342481E-05 0.163523E-05 0.784197E-04
 0.386170E-04 0.338969E-05 0.161707E-05 0.773826E-04
 0.380996E-04 0.335079E-05 0.159821E-05 0.763446E-04
 0.375897E-04 0.331324E-05 0.157909E-05 0.753220E-04
 0.370853E-04 0.327494E-05 0.155948E-05 0.743141E-04
 0.365893E-04 0.323627E-05 0.154158E-05 0.733125E-04
 0.360939E-04 0.319662E-05 0.152224E-05 0.723130E-04
 0.355929E-04 0.316037E-05 0.150295E-05 0.713126E-04
 0.350870E-04 0.312085E-05 0.148382E-05 0.702795E-04
 0.345746E-04 0.308206E-05 0.146640E-05 0.692477E-04
 0.340564E-04 0.304314E-05 0.144947E-05 0.682102E-04
 0.335412E-04 0.300291E-05 0.143205E-05 0.671813E-04
 0.330226E-04 0.296426E-05 0.141449E-05 0.661447E-04
 0.325040E-04 0.292450E-05 0.139773E-05 0.651005E-04
 0.319838E-04 0.288389E-05 0.138216E-05 0.640510E-04
 0.314601E-04 0.284404E-05 0.136487E-05 0.629951E-04
 0.309383E-04 0.280444E-05 0.134765E-05 0.619522E-04
 0.304187E-04 0.276316E-05 0.133272E-05 0.609084E-04
 0.299060E-04 0.272075E-05 0.131771E-05 0.598772E-04
 0.293905E-04 0.268039E-05 0.130240E-05 0.588473E-04
 0.288785E-04 0.263931E-05 0.128745E-05 0.578344E-04
 0.283737E-04 0.259661E-05 0.127333E-05 0.568216E-04
 0.278781E-04 0.255397E-05 0.125989E-05 0.558156E-04
 0.273805E-04 0.251513E-05 0.124648E-05 0.548171E-04
 0.268842E-04 0.247530E-05 0.123364E-05 0.538345E-04
 0.263890E-04 0.243623E-05 0.122147E-05 0.528328E-04
 0.258886E-04 0.239353E-05 0.120928E-05 0.518267E-04
 0.253926E-04 0.235097E-05 0.119747E-05 0.508307E-04
 0.249002E-04 0.230870E-05 0.118538E-05 0.498309E-04
 0.244057E-04 0.226782E-05 0.117357E-05 0.488471E-04
 0.239190E-04 0.222747E-05 0.116174E-05 0.478735E-04
 0.234401E-04 0.218611E-05 0.114946E-05 0.469249E-04
 0.229764E-04 0.214607E-05 0.113743E-05 0.459928E-04
 0.225166E-04 0.210607E-05 0.112689E-05 0.450695E-04
 0.220605E-04 0.206683E-05 0.111708E-05 0.441588E-04
 0.216124E-04 0.202830E-05 0.110691E-05 0.432533E-04
 0.211693E-04 0.199360E-05 0.109618E-05 0.423680E-04
 0.207257E-04 0.195624E-05 0.108527E-05 0.414745E-04
 0.202862E-04 0.191828E-05 0.107495E-05 0.405964E-04
 0.198575E-04 0.188274E-05 0.106436E-05 0.397315E-04
 0.194317E-04 0.184733E-05 0.105348E-05 0.388720E-04
 0.190096E-04 0.181379E-05 0.104232E-05 0.380450E-04
 0.186018E-04 0.177610E-05 0.103089E-05 0.372302E-04
 0.182075E-04 0.173954E-05 0.102048E-05 0.364312E-04
 0.178192E-04 0.170355E-05 0.100975E-05 0.356546E-04
 0.174316E-04 0.167014E-05 0.998856E-06 0.348819E-04
 0.170540E-04 0.163476E-05 0.986822E-06 0.341158E-04
 0.166858E-04 0.160113E-05 0.974163E-06 0.333895E-04
 0.163223E-04 0.157008E-05 0.962507E-06 0.326673E-04
 0.159702E-04 0.153801E-05 0.951621E-06 0.319664E-04
 0.156227E-04 0.150567E-05 0.941274E-06 0.312645E-04
 0.152786E-04 0.147668E-05 0.928625E-06 0.305673E-04
 0.149370E-04 0.144613E-05 0.916273E-06 0.298955E-04
 0.146066E-04 0.141511E-05 0.905865E-06 0.292305E-04
 0.142858E-04 0.138590E-05 0.895492E-06 0.285909E-04
 0.139763E-04 0.135979E-05 0.883685E-06 0.279730E-04
 0.136709E-04 0.133202E-05 0.872260E-06 0.273616E-04
 0.133742E-04 0.130107E-05 0.860558E-06 0.267641E-04
 0.130809E-04 0.127311E-05 0.849003E-06 0.261780E-04
 0.128011E-04 0.124504E-05 0.836635E-06 0.256200E-04
 0.125329E-04 0.121953E-05 0.825300E-06 0.250909E-04
 0.122722E-04 0.119460E-05 0.814319E-06 0.245660E-04
 0.120162E-04 0.117267E-05 0.801881E-06 0.240532E-04
 0.117676E-04 0.114934E-05 0.789418E-06 0.235512E-04
 0.115185E-04 0.112459E-05 0.777483E-06 0.230636E-04
 0.112860E-04 0.110191E-05 0.765913E-06 0.225860E-04
 0.110645E-04 0.108160E-05 0.753582E-06 0.221437E-04
 0.108443E-04 0.106181E-05 0.742006E-06 0.217070E-04
 0.106340E-04 0.104010E-05 0.730490E-06 0.212745E-04
 0.104353E-04 0.102274E-05 0.719885E-06 0.208732E-04
 0.102400E-04 0.100823E-05 0.709025E-06 0.204915E-04
 0.100493E-04 0.991225E-06 0.697845E-06 0.201106E-04
 0.986243E-05 0.972893E-06 0.687728E-06 0.197386E-04
 0.968343E-05 0.953667E-06 0.677697E-06 0.193786E-04
 0.951280E-05 0.936397E-06 0.666152E-06 0.190335E-04
 0.934731E-05 0.921025E-06 0.655136E-06 0.187182E-04
 0.920165E-05 0.905333E-06 0.645095E-06 0.184185E-04
 0.906534E-05 0.889336E-06 0.634673E-06 0.181414E-04
 0.893601E-05 0.876487E-06 0.624069E-06 0.178735E-04
 0.881214E-05 0.866437E-06 0.613408E-06 0.176358E-04
 0.868987E-05 0.857057E-06 0.602559E-06 0.174019E-04
 0.857263E-05 0.845357E-06 0.592136E-06 0.171638E-04
 0.845601E-05 0.833563E-06 0.582243E-06 0.169350E-04
 0.834277E-05 0.821557E-06 0.572365E-06 0.167062E-04
 0.823510E-05 0.810315E-06 0.562273E-06 0.164902E-04
 0.813355E-05 0.802302E-06 0.553223E-06 0.162827E-04
 0.804955E-05 0.793322E-06 0.543613E-06 0.161213E-04
 0.798017E-05 0.783207E-06 0.534203E-06 0.159764E-04
 0.791760E-05 0.779055E-06 0.525189E-06 0.158531E-04
 0.785820E-05 0.771871E-06 0.515935E-06 0.157309E-04
 0.779947E-05 0.764919E-06 0.507231E-06 0.156093E-04
 0.775566E-05 0.758614E-06 0.498984E-06 0.155224E-04
 0.772750E-05 0.753539E-06 0.490390E-06 0.154594E-04
 0.770807E-05 0.750070E-06 0.480122E-06 0.154146E-04
 0.768942E-05 0.746798E-06 0.470886E-06 0.153762E-04
 0.767101E-05 0.743010E-06 0.463208E-06 0.153469E-04
 0.765441E-05 0.742203E-06 0.455355E-06 0.153136E-04
 0.763670E-05 0.742108E-06 0.446988E-06 0.152865E-04
 0.761234E-05 0.739890E-06 0.438465E-06 0.152439E-04
 0.758722E-05 0.734662E-06 0.431131E-06 0.151753E-04
 0.755807E-05 0.731906E-06 0.423428E-06 0.151274E-04
 0.753383E-05 0.729383E-06 0.416245E-06 0.150847E-04
 0.750597E-05 0.726380E-06 0.409919E-06 0.150312E-04
 0.747019E-05 0.722075E-06 0.403495E-06 0.149559E-04
 0.743157E-05 0.716621E-06 0.395348E-06 0.148736E-04
 0.738662E-05 0.711182E-06 0.388641E-06 0.147827E-04
 0.734192E-05 0.706274E-06 0.381716E-06 0.146899E-04
 0.729075E-05 0.700820E-06 0.374814E-06 0.145902E-04
 0.723660E-05 0.694465E-06 0.368372E-06 0.144811E-04
 0.717789E-05 0.689345E-06 0.361969E-06 0.143650E-04
 0.712265E-05 0.684881E-06 0.355175E-06 0.142541E-04
 0.706109E-05 0.679253E-06 0.348909E-06 0.141394E-04
 0.699844E-05 0.672897E-06 0.342824E-06 0.140111E-04
 0.693406E-05 0.667436E-06 0.336475E-06 0.138879E-04
 0.686589E-05 0.660186E-06 0.331441E-06 0.137565E-04
 0.680009E-05 0.653031E-06 0.327074E-06 0.136257E-04
 0.672938E-05 0.645469E-06 0.322631E-06 0.134814E-04
 0.666211E-05 0.637739E-06 0.316914E-06 0.133360E-04
 0.658918E-05 0.630438E-06 0.311380E-06 0.131968E-04
 0.651545E-05 0.625486E-06 0.306903E-06 0.130483E-04
 0.644013E-05 0.620229E-06 0.301856E-06 0.129007E-04
 0.636425E-05 0.614303E-06 0.296042E-06 0.127511E-04
 0.628386E-05 0.605701E-06 0.290384E-06 0.125835E-04
 0.620279E-05 0.597854E-06 0.285925E-06 0.124200E-04
 0.612233E-05 0.590736E-06 0.281293E-06 0.122636E-04
 0.604047E-05 0.584133E-06 0.277304E-06 0.120873E-04
 0.595937E-05 0.577741E-06 0.273113E-06 0.119342E-04
 0.587827E-05 0.569626E-06 0.268553E-06 0.117638E-04
 0.579992E-05 0.561380E-06 0.264937E-06 0.116103E-04
 0.571969E-05 0.552567E-06 0.261862E-06 0.114483E-04
 0.563858E-05 0.545637E-06 0.257675E-06 0.112785E-04
 0.555257E-05 0.538198E-06 0.253409E-06 0.111272E-04
 0.546822E-05 0.528564E-06 0.249713E-06 0.109505E-04
 0.538198E-05 0.519830E-06 0.246286E-06 0.107720E-04
 0.529501E-05 0.511861E-06 0.242973E-06 0.106003E-04
 0.521114E-05 0.503906E-06 0.238147E-06 0.104427E-04
 0.512568E-05 0.495253E-06 0.233805E-06 0.102731E-04
 0.504140E-05 0.487683E-06 0.230619E-06 0.100995E-04
 0.495404E-05 0.477481E-06 0.227240E-06 0.992180E-05
 0.487091E-05 0.469875E-06 0.223589E-06 0.975979E-05
 0.479379E-05 0.463054E-06 0.220801E-06 0.959516E-05
 0.471380E-05 0.458480E-06 0.217745E-06 0.944783E-05
 0.463441E-05 0.450598E-06 0.214849E-06 0.928305E-05
 0.455194E-05 0.443341E-06 0.212846E-06 0.911482E-05
 0.447173E-05 0.436447E-06 0.211334E-06 0.896453E-05
 0.439550E-05 0.429634E-06 0.209066E-06 0.880665E-05
 0.431472E-05 0.423140E-06 0.206195E-06 0.864389E-05
 0.423308E-05 0.414625E-06 0.203614E-06 0.847976E-05
 0.415576E-05 0.404227E-06 0.201105E-06 0.831325E-05
 0.407565E-05 0.396323E-06 0.198167E-06 0.815962E-05
 0.399772E-05 0.390825E-06 0.195139E-06 0.800629E-05
 0.392295E-05 0.384986E-06 0.192785E-06 0.785725E-05
 0.384701E-05 0.377169E-06 0.190857E-06 0.770251E-05
 0.377840E-05 0.371272E-06 0.188810E-06 0.756600E-05
 0.370708E-05 0.367200E-06 0.186824E-06 0.742561E-05
 0.363080E-05 0.359252E-06 0.184782E-06 0.727996E-05
