 0.122950E-01 0.225807E-02 0.633148E-02 0.570242E-01
 0.116584E-01 0.270236E-02 0.672582E-02 0.543183E-01
 0.158974E-01 0.321847E-02 0.512962E-02 0.742107E-01
 0.160998E-01 0.341316E-02 0.567140E-02 0.753541E-01
 0.150004E-01 0.349983E-02 0.635344E-02 0.703683E-01
 0.166308E-01 0.361068E-02 0.554566E-02 0.779804E-01
 0.176230E-01 0.379368E-02 0.478169E-02 0.824239E-01
 0.163449E-01 0.388192E-02 0.519244E-02 0.761390E-01
 0.166765E-01 0.408119E-02 0.487707E-02 0.781061E-01
 0.176357E-01 0.421568E-02 0.396497E-02 0.825193E-01
 0.172840E-01 0.429312E-02 0.361194E-02 0.809439E-01
 0.161808E-01 0.430878E-02 0.339416E-02 0.763929E-01
 0.148708E-01 0.424383E-02 0.331708E-02 0.705780E-01
 0.126089E-01 0.410572E-02 0.349595E-02 0.601122E-01
 0.120310E-01 0.400990E-02 0.364154E-02 0.572130E-01
 0.121448E-01 0.400587E-02 0.339076E-02 0.585521E-01
 0.119836E-01 0.392031E-02 0.318132E-02 0.576025E-01
 0.122499E-01 0.382017E-02 0.324495E-02 0.583291E-01
 0.128386E-01 0.378449E-02 0.303472E-02 0.613323E-01
 0.129850E-01 0.375783E-02 0.285077E-02 0.620834E-01
 0.131574E-01 0.366135E-02 0.288044E-02 0.626213E-01
 0.137127E-01 0.357612E-02 0.273180E-02 0.645995E-01
 0.137032E-01 0.354147E-02 0.264316E-02 0.643746E-01
 0.131991E-01 0.347546E-02 0.269937E-02 0.620996E-01
 0.126900E-01 0.341803E-02 0.276561E-02 0.594422E-01
 0.122186E-01 0.338567E-02 0.282829E-02 0.570345E-01
 0.119650E-01 0.337918E-02 0.284059E-02 0.555989E-01
 0.118747E-01 0.340596E-02 0.278318E-02 0.549985E-01
 0.119248E-01 0.346544E-02 0.268321E-02 0.554207E-01
 0.120922E-01 0.352528E-02 0.265669E-02 0.566493E-01
 0.122035E-01 0.355415E-02 0.265214E-02 0.572799E-01
 0.121765E-01 0.358875E-02 0.259652E-02 0.572238E-01
 0.121553E-01 0.364256E-02 0.251903E-02 0.573002E-01
 0.121703E-01 0.368326E-02 0.247589E-02 0.574729E-01
 0.121580E-01 0.370090E-02 0.242474E-02 0.574787E-01
 0.119614E-01 0.369441E-02 0.237311E-02 0.567488E-01
 0.115334E-01 0.365777E-02 0.235586E-02 0.549876E-01
 0.110831E-01 0.360045E-02 0.234436E-02 0.529972E-01
 0.108893E-01 0.354563E-02 0.229602E-02 0.520958E-01
 0.108176E-01 0.351683E-02 0.222016E-02 0.518549E-01
 0.106497E-01 0.347419E-02 0.213853E-02 0.511740E-01
 0.103752E-01 0.340765E-02 0.206990E-02 0.500746E-01
 0.100761E-01 0.332369E-02 0.203779E-02 0.488365E-01
 0.984229E-02 0.323491E-02 0.201434E-02 0.479454E-01
 0.973182E-02 0.314854E-02 0.197919E-02 0.474694E-01
 0.984864E-02 0.305428E-02 0.193500E-02 0.471927E-01
 0.999099E-02 0.294981E-02 0.189118E-02 0.474345E-01
 0.100533E-01 0.283039E-02 0.186504E-02 0.476146E-01
 0.100694E-01 0.269965E-02 0.188884E-02 0.474438E-01
 0.994806E-02 0.258322E-02 0.192561E-02 0.467286E-01
 0.973139E-02 0.252300E-02 0.194297E-02 0.459361E-01
 0.974536E-02 0.246508E-02 0.193037E-02 0.459111E-01
 0.987289E-02 0.241546E-02 0.188993E-02 0.466443E-01
 0.996908E-02 0.240816E-02 0.184997E-02 0.474403E-01
 0.993936E-02 0.240688E-02 0.181619E-02 0.475959E-01
 0.975896E-02 0.239679E-02 0.176975E-02 0.468639E-01
 0.942064E-02 0.237008E-02 0.171212E-02 0.452768E-01
 0.901784E-02 0.233135E-02 0.167169E-02 0.430845E-01
 0.869000E-02 0.228402E-02 0.163191E-02 0.413844E-01
 0.828049E-02 0.222745E-02 0.159422E-02 0.393415E-01
 0.787802E-02 0.216552E-02 0.156964E-02 0.370276E-01
 0.756450E-02 0.212498E-02 0.157954E-02 0.350069E-01
 0.719424E-02 0.207320E-02 0.159732E-02 0.328931E-01
 0.673247E-02 0.201084E-02 0.160839E-02 0.307466E-01
 0.641679E-02 0.196541E-02 0.160081E-02 0.292107E-01
 0.627612E-02 0.193047E-02 0.156535E-02 0.283860E-01
 0.628434E-02 0.191018E-02 0.150386E-02 0.282458E-01
 0.630314E-02 0.189272E-02 0.143129E-02 0.283350E-01
 0.622537E-02 0.189801E-02 0.135743E-02 0.279588E-01
 0.610268E-02 0.191885E-02 0.129147E-02 0.273154E-01
 0.595155E-02 0.192655E-02 0.124319E-02 0.265257E-01
 0.572600E-02 0.190557E-02 0.124295E-02 0.256216E-01
 0.546283E-02 0.186195E-02 0.124635E-02 0.245207E-01
 0.516803E-02 0.182859E-02 0.125902E-02 0.232571E-01
 0.486828E-02 0.183176E-02 0.127366E-02 0.220320E-01
 0.474785E-02 0.183890E-02 0.126615E-02 0.213005E-01
 0.479409E-02 0.184201E-02 0.123999E-02 0.216149E-01
 0.485256E-02 0.183161E-02 0.119739E-02 0.220311E-01
 0.481752E-02 0.184189E-02 0.114064E-02 0.219859E-01
 0.467746E-02 0.185354E-02 0.107296E-02 0.213518E-01
 0.447822E-02 0.184843E-02 0.102090E-02 0.202954E-01
 0.430805E-02 0.182902E-02 0.979787E-03 0.192312E-01
 0.421877E-02 0.180313E-02 0.935534E-03 0.185877E-01
 0.414402E-02 0.178258E-02 0.900393E-03 0.182567E-01
 0.411115E-02 0.176721E-02 0.872156E-03 0.181973E-01
 0.415207E-02 0.174975E-02 0.849338E-03 0.185143E-01
 0.422158E-02 0.173236E-02 0.843077E-03 0.190560E-01
 0.424788E-02 0.171360E-02 0.852261E-03 0.193590E-01
 0.419711E-02 0.169360E-02 0.866006E-03 0.192864E-01
 0.407510E-02 0.167532E-02 0.878530E-03 0.188791E-01
 0.390130E-02 0.165459E-02 0.888171E-03 0.182174E-01
 0.369585E-02 0.163278E-02 0.910724E-03 0.174186E-01
 0.350939E-02 0.161202E-02 0.936216E-03 0.167980E-01
 0.350977E-02 0.159406E-02 0.937386E-03 0.167249E-01
 0.365665E-02 0.157957E-02 0.908334E-03 0.172838E-01
 0.385860E-02 0.156408E-02 0.853935E-03 0.182695E-01
 0.405666E-02 0.155367E-02 0.783330E-03 0.192372E-01
 0.420994E-02 0.155196E-02 0.719644E-03 0.199566E-01
 0.428193E-02 0.154534E-02 0.668694E-03 0.203086E-01
 0.427842E-02 0.153406E-02 0.633341E-03 0.202766E-01
 0.419747E-02 0.151853E-02 0.641339E-03 0.199160E-01
 0.405135E-02 0.149866E-02 0.674692E-03 0.192956E-01
 0.386863E-02 0.147478E-02 0.708979E-03 0.184938E-01
 0.369841E-02 0.144739E-02 0.737199E-03 0.177535E-01
 0.361330E-02 0.141709E-02 0.753995E-03 0.175145E-01
 0.359089E-02 0.138453E-02 0.756022E-03 0.174966E-01
 0.357770E-02 0.135048E-02 0.742281E-03 0.174578E-01
 0.355319E-02 0.132577E-02 0.715094E-03 0.173864E-01
 0.352134E-02 0.131382E-02 0.676826E-03 0.172741E-01
 0.348910E-02 0.130305E-02 0.633378E-03 0.171187E-01
 0.343943E-02 0.128895E-02 0.586936E-03 0.168269E-01
 0.335684E-02 0.127075E-02 0.553034E-03 0.164315E-01
 0.324145E-02 0.125070E-02 0.530635E-03 0.158948E-01
 0.309073E-02 0.122703E-02 0.525324E-03 0.152242E-01
 0.293192E-02 0.119855E-02 0.553187E-03 0.145183E-01
 0.279928E-02 0.116604E-02 0.590203E-03 0.138807E-01
 0.268400E-02 0.113184E-02 0.621497E-03 0.132603E-01
 0.257547E-02 0.109803E-02 0.640943E-03 0.127296E-01
 0.249230E-02 0.106626E-02 0.645115E-03 0.124778E-01
 0.252131E-02 0.103690E-02 0.632586E-03 0.124083E-01
 0.264733E-02 0.100986E-02 0.604048E-03 0.126343E-01
 0.280172E-02 0.984115E-03 0.561143E-03 0.131476E-01
 0.294106E-02 0.958731E-03 0.507421E-03 0.136980E-01
 0.304984E-02 0.933620E-03 0.452454E-03 0.141643E-01
 0.311958E-02 0.908486E-03 0.413363E-03 0.144721E-01
 0.314588E-02 0.883276E-03 0.387551E-03 0.146014E-01
 0.313176E-02 0.857715E-03 0.373412E-03 0.145672E-01
 0.308343E-02 0.831665E-03 0.372695E-03 0.144115E-01
 0.301480E-02 0.805441E-03 0.398068E-03 0.142150E-01
 0.294602E-02 0.778386E-03 0.433338E-03 0.140371E-01
 0.288317E-02 0.749971E-03 0.466466E-03 0.138893E-01
 0.282780E-02 0.720768E-03 0.492468E-03 0.137953E-01
 0.278869E-02 0.694039E-03 0.509931E-03 0.137041E-01
 0.276486E-02 0.678454E-03 0.517068E-03 0.135736E-01
 0.276266E-02 0.670835E-03 0.513568E-03 0.134211E-01
 0.278552E-02 0.664917E-03 0.500505E-03 0.133453E-01
 0.281239E-02 0.660282E-03 0.479530E-03 0.133461E-01
 0.282840E-02 0.656407E-03 0.453938E-03 0.133613E-01
 0.282506E-02 0.652427E-03 0.432235E-03 0.133240E-01
 0.279903E-02 0.646692E-03 0.420745E-03 0.132022E-01
 0.275290E-02 0.638664E-03 0.416314E-03 0.130145E-01
 0.269501E-02 0.628527E-03 0.417879E-03 0.127643E-01
 0.262492E-02 0.616843E-03 0.431254E-03 0.124645E-01
 0.254809E-02 0.604425E-03 0.448061E-03 0.121402E-01
 0.247893E-02 0.592423E-03 0.460379E-03 0.118261E-01
 0.243044E-02 0.581563E-03 0.465314E-03 0.115958E-01
 0.239775E-02 0.570809E-03 0.461573E-03 0.113908E-01
 0.236721E-02 0.559626E-03 0.449835E-03 0.111745E-01
 0.233849E-02 0.548049E-03 0.430371E-03 0.109379E-01
 0.231030E-02 0.536573E-03 0.404066E-03 0.107059E-01
 0.228378E-02 0.527233E-03 0.371995E-03 0.104853E-01
 0.225773E-02 0.518748E-03 0.336082E-03 0.102731E-01
 0.222557E-02 0.509614E-03 0.302917E-03 0.100587E-01
 0.218428E-02 0.499162E-03 0.284390E-03 0.981836E-02
 0.213219E-02 0.488066E-03 0.283088E-03 0.954285E-02
 0.207139E-02 0.476908E-03 0.306370E-03 0.923816E-02
 0.200614E-02 0.465421E-03 0.332714E-03 0.892682E-02
 0.194742E-02 0.454399E-03 0.354760E-03 0.862275E-02
 0.190212E-02 0.445800E-03 0.370403E-03 0.835623E-02
 0.187774E-02 0.440972E-03 0.378853E-03 0.818128E-02
 0.187054E-02 0.437769E-03 0.380648E-03 0.809473E-02
 0.187141E-02 0.435094E-03 0.376558E-03 0.805778E-02
 0.187179E-02 0.432466E-03 0.365446E-03 0.803447E-02
 0.186533E-02 0.429720E-03 0.348351E-03 0.798816E-02
 0.184809E-02 0.426703E-03 0.327125E-03 0.789338E-02
 0.181754E-02 0.423760E-03 0.305115E-03 0.773616E-02
 0.178417E-02 0.421682E-03 0.289317E-03 0.756049E-02
 0.174659E-02 0.421187E-03 0.280826E-03 0.736387E-02
 0.170379E-02 0.420419E-03 0.280274E-03 0.713836E-02
 0.165503E-02 0.418798E-03 0.285836E-03 0.689049E-02
 0.160310E-02 0.416357E-03 0.291895E-03 0.662331E-02
 0.155457E-02 0.413231E-03 0.294983E-03 0.634466E-02
 0.151510E-02 0.409704E-03 0.294063E-03 0.609182E-02
 0.149035E-02 0.406622E-03 0.289252E-03 0.591810E-02
 0.148054E-02 0.405057E-03 0.280625E-03 0.588809E-02
 0.148108E-02 0.404213E-03 0.268414E-03 0.596755E-02
 0.148878E-02 0.403133E-03 0.252906E-03 0.606240E-02
 0.149577E-02 0.401802E-03 0.235246E-03 0.613942E-02
 0.149722E-02 0.400212E-03 0.222199E-03 0.618310E-02
 0.149201E-02 0.398340E-03 0.214561E-03 0.617261E-02
 0.147870E-02 0.396175E-03 0.210039E-03 0.610728E-02
 0.145813E-02 0.393518E-03 0.208546E-03 0.597764E-02
 0.142930E-02 0.390299E-03 0.209280E-03 0.578819E-02
 0.139388E-02 0.386385E-03 0.211315E-03 0.554990E-02
 0.135876E-02 0.381719E-03 0.214404E-03 0.530996E-02
 0.133252E-02 0.376427E-03 0.217978E-03 0.509145E-02
 0.132343E-02 0.370535E-03 0.221515E-03 0.494498E-02
 0.131915E-02 0.364206E-03 0.224801E-03 0.491637E-02
 0.131683E-02 0.357518E-03 0.227715E-03 0.491530E-02
 0.131586E-02 0.350480E-03 0.229778E-03 0.492188E-02
 0.131506E-02 0.343128E-03 0.231166E-03 0.492938E-02
 0.131406E-02 0.335632E-03 0.230939E-03 0.493662E-02
 0.131237E-02 0.328097E-03 0.228369E-03 0.493995E-02
 0.130997E-02 0.320422E-03 0.223132E-03 0.493848E-02
 0.130719E-02 0.312385E-03 0.215395E-03 0.493311E-02
 0.130466E-02 0.303823E-03 0.205226E-03 0.491949E-02
 0.130280E-02 0.294538E-03 0.194859E-03 0.490294E-02
 0.130379E-02 0.284564E-03 0.189676E-03 0.489269E-02
 0.130938E-02 0.274162E-03 0.188196E-03 0.491601E-02
 0.132166E-02 0.263558E-03 0.188486E-03 0.499008E-02
 0.133771E-02 0.252529E-03 0.189266E-03 0.511060E-02
 0.135561E-02 0.241032E-03 0.188151E-03 0.523596E-02
 0.137435E-02 0.229301E-03 0.184891E-03 0.535989E-02
 0.139266E-02 0.217764E-03 0.179567E-03 0.547604E-02
 0.140935E-02 0.207026E-03 0.172569E-03 0.557972E-02
 0.142387E-02 0.197684E-03 0.164644E-03 0.566624E-02
 0.143561E-02 0.189739E-03 0.156858E-03 0.573478E-02
 0.144431E-02 0.183767E-03 0.150857E-03 0.578335E-02
 0.145014E-02 0.180237E-03 0.149697E-03 0.581065E-02
 0.145319E-02 0.177871E-03 0.151169E-03 0.581936E-02
 0.145354E-02 0.176167E-03 0.154482E-03 0.581937E-02
 0.145131E-02 0.174980E-03 0.159260E-03 0.580983E-02
 0.144861E-02 0.174625E-03 0.164771E-03 0.579492E-02
 0.144704E-02 0.175016E-03 0.170432E-03 0.578404E-02
 0.144530E-02 0.175526E-03 0.175904E-03 0.577390E-02
 0.144201E-02 0.176134E-03 0.180818E-03 0.575880E-02
 0.143697E-02 0.177168E-03 0.184875E-03 0.573688E-02
 0.143051E-02 0.178686E-03 0.187832E-03 0.570605E-02
 0.142261E-02 0.180701E-03 0.189192E-03 0.566873E-02
 0.141310E-02 0.183225E-03 0.188428E-03 0.562423E-02
 0.140199E-02 0.186068E-03 0.185579E-03 0.557271E-02
 0.138939E-02 0.189227E-03 0.181257E-03 0.551403E-02
 0.137471E-02 0.192649E-03 0.177121E-03 0.544890E-02
 0.135813E-02 0.196062E-03 0.172947E-03 0.537575E-02
 0.133967E-02 0.199421E-03 0.168510E-03 0.529493E-02
 0.131922E-02 0.202692E-03 0.163798E-03 0.520713E-02
 0.129834E-02 0.205859E-03 0.158702E-03 0.511388E-02
 0.127704E-02 0.209013E-03 0.153266E-03 0.502496E-02
 0.125690E-02 0.212076E-03 0.147673E-03 0.494195E-02
 0.123781E-02 0.215570E-03 0.142204E-03 0.486676E-02
 0.122090E-02 0.219472E-03 0.136918E-03 0.479861E-02
 0.120708E-02 0.223420E-03 0.132003E-03 0.474118E-02
 0.119755E-02 0.227013E-03 0.127401E-03 0.469246E-02
 0.119274E-02 0.230302E-03 0.122885E-03 0.466241E-02
 0.119155E-02 0.233106E-03 0.117828E-03 0.464842E-02
 0.119153E-02 0.235554E-03 0.112324E-03 0.464208E-02
 0.119076E-02 0.237466E-03 0.106835E-03 0.463379E-02
 0.118836E-02 0.238964E-03 0.102810E-03 0.461797E-02
 0.118341E-02 0.239887E-03 0.100592E-03 0.459186E-02
 0.117585E-02 0.240383E-03 0.100105E-03 0.455275E-02
 0.116616E-02 0.240234E-03 0.100994E-03 0.449841E-02
 0.115420E-02 0.239499E-03 0.103069E-03 0.443010E-02
 0.114098E-02 0.238089E-03 0.106178E-03 0.435097E-02
 0.112711E-02 0.236062E-03 0.110571E-03 0.427063E-02
 0.111414E-02 0.233481E-03 0.116001E-03 0.419324E-02
 0.110362E-02 0.230443E-03 0.121213E-03 0.413271E-02
 0.109780E-02 0.227042E-03 0.125800E-03 0.409843E-02
 0.109812E-02 0.223394E-03 0.129221E-03 0.409851E-02
 0.110466E-02 0.219627E-03 0.131201E-03 0.413235E-02
 0.111184E-02 0.215833E-03 0.131614E-03 0.417334E-02
 0.111851E-02 0.212551E-03 0.130384E-03 0.421363E-02
 0.112455E-02 0.210265E-03 0.127494E-03 0.424974E-02
 0.112913E-02 0.208993E-03 0.123747E-03 0.428096E-02
 0.113218E-02 0.208178E-03 0.120414E-03 0.430536E-02
 0.113304E-02 0.207328E-03 0.117370E-03 0.432065E-02
 0.113142E-02 0.206241E-03 0.114570E-03 0.432395E-02
 0.112718E-02 0.204746E-03 0.112021E-03 0.431641E-02
 0.112076E-02 0.202747E-03 0.109697E-03 0.429682E-02
 0.111130E-02 0.200192E-03 0.107613E-03 0.426383E-02
 0.110120E-02 0.197120E-03 0.105822E-03 0.422159E-02
 0.108938E-02 0.193582E-03 0.104289E-03 0.417547E-02
 0.107736E-02 0.189734E-03 0.103046E-03 0.412729E-02
 0.106606E-02 0.185777E-03 0.102238E-03 0.408279E-02
 0.105547E-02 0.181866E-03 0.101878E-03 0.404372E-02
 0.104643E-02 0.178047E-03 0.101757E-03 0.401190E-02
 0.103910E-02 0.174323E-03 0.101942E-03 0.398815E-02
 0.103304E-02 0.170738E-03 0.102505E-03 0.397171E-02
 0.102843E-02 0.167231E-03 0.103628E-03 0.396253E-02
 0.102518E-02 0.163690E-03 0.105483E-03 0.395842E-02
 0.102262E-02 0.160011E-03 0.108206E-03 0.395921E-02
 0.102147E-02 0.156100E-03 0.111518E-03 0.396590E-02
 0.102090E-02 0.151906E-03 0.115270E-03 0.397416E-02
 0.102058E-02 0.147549E-03 0.118610E-03 0.398607E-02
 0.102110E-02 0.143253E-03 0.121330E-03 0.400025E-02
 0.102192E-02 0.139210E-03 0.123294E-03 0.401600E-02
 0.102317E-02 0.135676E-03 0.124356E-03 0.403590E-02
 0.102599E-02 0.132964E-03 0.124433E-03 0.406159E-02
 0.103026E-02 0.131097E-03 0.123448E-03 0.409444E-02
 0.103642E-02 0.130031E-03 0.121338E-03 0.413846E-02
 0.104573E-02 0.129820E-03 0.118119E-03 0.420010E-02
 0.105942E-02 0.130407E-03 0.113817E-03 0.428400E-02
 0.107607E-02 0.131656E-03 0.108513E-03 0.436738E-02
 0.109062E-02 0.133491E-03 0.102324E-03 0.444047E-02
 0.110241E-02 0.135762E-03 0.953782E-04 0.449980E-02
 0.111083E-02 0.138379E-03 0.887516E-04 0.454276E-02
 0.111590E-02 0.141289E-03 0.829730E-04 0.456833E-02
 0.111739E-02 0.144447E-03 0.779252E-04 0.457516E-02
 0.111503E-02 0.147728E-03 0.734525E-04 0.456510E-02
 0.110978E-02 0.151154E-03 0.695245E-04 0.453816E-02
 0.110151E-02 0.154626E-03 0.662010E-04 0.449548E-02
 0.109037E-02 0.158116E-03 0.634000E-04 0.443947E-02
 0.107722E-02 0.161604E-03 0.611115E-04 0.437405E-02
 0.106261E-02 0.165058E-03 0.593260E-04 0.429848E-02
 0.104585E-02 0.168436E-03 0.580277E-04 0.421766E-02
 0.102794E-02 0.171682E-03 0.573503E-04 0.413185E-02
 0.100886E-02 0.174786E-03 0.576291E-04 0.404125E-02
 0.988843E-03 0.177669E-03 0.587891E-04 0.394781E-02
 0.968368E-03 0.180280E-03 0.608820E-04 0.385090E-02
 0.947864E-03 0.182599E-03 0.639920E-04 0.375367E-02
 0.927887E-03 0.184591E-03 0.684767E-04 0.366074E-02
 0.908657E-03 0.186275E-03 0.735736E-04 0.357654E-02
 0.890374E-03 0.187683E-03 0.781002E-04 0.349815E-02
 0.873334E-03 0.188878E-03 0.819002E-04 0.342749E-02
 0.857422E-03 0.190010E-03 0.849509E-04 0.336274E-02
 0.843173E-03 0.191346E-03 0.872278E-04 0.330421E-02
 0.830283E-03 0.192606E-03 0.887076E-04 0.325345E-02
 0.819050E-03 0.193403E-03 0.893710E-04 0.321074E-02
 0.809926E-03 0.193712E-03 0.893180E-04 0.317687E-02
 0.802794E-03 0.193519E-03 0.884727E-04 0.315361E-02
 0.798476E-03 0.192817E-03 0.867255E-04 0.314151E-02
 0.797076E-03 0.191602E-03 0.840929E-04 0.314146E-02
 0.798050E-03 0.189854E-03 0.807043E-04 0.315399E-02
 0.801247E-03 0.187616E-03 0.774944E-04 0.317919E-02
 0.806202E-03 0.184859E-03 0.745162E-04 0.321629E-02
 0.812551E-03 0.181645E-03 0.718240E-04 0.326422E-02
 0.820104E-03 0.177968E-03 0.694476E-04 0.331741E-02
 0.829108E-03 0.173861E-03 0.673283E-04 0.337271E-02
 0.837587E-03 0.169371E-03 0.654852E-04 0.342791E-02
 0.845017E-03 0.164590E-03 0.639239E-04 0.348050E-02
 0.851296E-03 0.159576E-03 0.626596E-04 0.352865E-02
 0.856011E-03 0.154425E-03 0.617168E-04 0.357153E-02
 0.859563E-03 0.149293E-03 0.610960E-04 0.360575E-02
 0.861609E-03 0.144718E-03 0.607986E-04 0.363088E-02
 0.862272E-03 0.140913E-03 0.607850E-04 0.364628E-02
 0.861564E-03 0.137919E-03 0.610125E-04 0.365518E-02
 0.859605E-03 0.135868E-03 0.614416E-04 0.365824E-02
 0.856501E-03 0.134792E-03 0.620228E-04 0.365595E-02
 0.852362E-03 0.134294E-03 0.626981E-04 0.364856E-02
 0.847421E-03 0.133793E-03 0.634351E-04 0.363742E-02
 0.842018E-03 0.133224E-03 0.642160E-04 0.362169E-02
 0.835685E-03 0.132584E-03 0.650701E-04 0.360233E-02
 0.829411E-03 0.131876E-03 0.662012E-04 0.358187E-02
 0.822946E-03 0.131062E-03 0.678060E-04 0.356107E-02
 0.816207E-03 0.130149E-03 0.696097E-04 0.354009E-02
 0.810027E-03 0.129128E-03 0.709995E-04 0.352103E-02
 0.804440E-03 0.128009E-03 0.717806E-04 0.350742E-02
 0.799224E-03 0.126802E-03 0.719510E-04 0.350035E-02
 0.794746E-03 0.125513E-03 0.715113E-04 0.349987E-02
 0.791828E-03 0.124363E-03 0.704670E-04 0.350706E-02
 0.789936E-03 0.125108E-03 0.688406E-04 0.352345E-02
 0.789135E-03 0.127427E-03 0.666499E-04 0.354905E-02
 0.790305E-03 0.131010E-03 0.639823E-04 0.356729E-02
 0.792300E-03 0.135739E-03 0.611716E-04 0.357456E-02
 0.792688E-03 0.141535E-03 0.588260E-04 0.357216E-02
 0.790658E-03 0.148358E-03 0.567543E-04 0.355650E-02
 0.785692E-03 0.155095E-03 0.549323E-04 0.352680E-02
 0.777837E-03 0.161736E-03 0.533889E-04 0.348271E-02
 0.767109E-03 0.168174E-03 0.521614E-04 0.342407E-02
 0.753587E-03 0.174463E-03 0.512742E-04 0.335115E-02
 0.737370E-03 0.180477E-03 0.507339E-04 0.326471E-02
 0.718664E-03 0.186233E-03 0.505761E-04 0.316757E-02
 0.697798E-03 0.191706E-03 0.508101E-04 0.306314E-02
 0.674979E-03 0.196867E-03 0.514355E-04 0.295211E-02
 0.650635E-03 0.201697E-03 0.524225E-04 0.283654E-02
 0.625217E-03 0.206216E-03 0.537105E-04 0.272024E-02
 0.599407E-03 0.210418E-03 0.551644E-04 0.260656E-02
 0.573839E-03 0.214306E-03 0.566482E-04 0.249869E-02
 0.549552E-03 0.217917E-03 0.580454E-04 0.239912E-02
 0.527706E-03 0.221152E-03 0.592537E-04 0.231062E-02
 0.510615E-03 0.224013E-03 0.602102E-04 0.223532E-02
 0.497867E-03 0.226508E-03 0.608543E-04 0.217083E-02
 0.488825E-03 0.228604E-03 0.611536E-04 0.211218E-02
 0.482316E-03 0.230329E-03 0.610743E-04 0.206889E-02
 0.477277E-03 0.231658E-03 0.606054E-04 0.203308E-02
 0.472974E-03 0.232604E-03 0.597526E-04 0.200275E-02
 0.468679E-03 0.233154E-03 0.585691E-04 0.197582E-02
 0.464278E-03 0.233350E-03 0.570913E-04 0.195172E-02
 0.459508E-03 0.233164E-03 0.553420E-04 0.192998E-02
 0.454404E-03 0.232647E-03 0.533569E-04 0.191034E-02
 0.448915E-03 0.231818E-03 0.511951E-04 0.189286E-02
 0.443155E-03 0.230723E-03 0.489949E-04 0.187762E-02
 0.437479E-03 0.229453E-03 0.471515E-04 0.186513E-02
 0.431851E-03 0.228154E-03 0.457042E-04 0.185571E-02
 0.426432E-03 0.227099E-03 0.446098E-04 0.184886E-02
 0.421361E-03 0.226336E-03 0.438859E-04 0.184334E-02
 0.416739E-03 0.225755E-03 0.434182E-04 0.183943E-02
 0.412373E-03 0.225241E-03 0.431379E-04 0.183742E-02
 0.408424E-03 0.224703E-03 0.430111E-04 0.183899E-02
 0.405248E-03 0.224092E-03 0.430263E-04 0.184710E-02
 0.403352E-03 0.223348E-03 0.431622E-04 0.187101E-02
 0.404895E-03 0.222428E-03 0.434058E-04 0.190801E-02
 0.408263E-03 0.221317E-03 0.437407E-04 0.194312E-02
 0.410892E-03 0.219995E-03 0.441542E-04 0.197329E-02
 0.412387E-03 0.218453E-03 0.446189E-04 0.199746E-02
 0.412948E-03 0.216684E-03 0.451300E-04 0.201449E-02
 0.412560E-03 0.214698E-03 0.456505E-04 0.202440E-02
 0.411222E-03 0.212495E-03 0.461838E-04 0.202695E-02
 0.409376E-03 0.210079E-03 0.466898E-04 0.202217E-02
 0.407067E-03 0.207464E-03 0.471191E-04 0.201063E-02
 0.404881E-03 0.204650E-03 0.474602E-04 0.199530E-02
 0.403218E-03 0.201663E-03 0.476633E-04 0.198072E-02
 0.402814E-03 0.198519E-03 0.476834E-04 0.197028E-02
 0.405300E-03 0.195225E-03 0.474915E-04 0.196984E-02
 0.411425E-03 0.191816E-03 0.470320E-04 0.199269E-02
 0.419954E-03 0.188311E-03 0.462859E-04 0.203739E-02
 0.430203E-03 0.184760E-03 0.452715E-04 0.209170E-02
 0.441582E-03 0.181180E-03 0.440475E-04 0.214301E-02
 0.452721E-03 0.177657E-03 0.426431E-04 0.219118E-02
 0.463278E-03 0.174261E-03 0.411136E-04 0.223585E-02
 0.473407E-03 0.171099E-03 0.395502E-04 0.227765E-02
 0.482950E-03 0.168357E-03 0.380991E-04 0.231602E-02
 0.491933E-03 0.165870E-03 0.370202E-04 0.235072E-02
 0.500521E-03 0.163445E-03 0.363039E-04 0.238165E-02
 0.508565E-03 0.160959E-03 0.358507E-04 0.240934E-02
 0.516109E-03 0.158384E-03 0.356255E-04 0.243435E-02
 0.523110E-03 0.155696E-03 0.355979E-04 0.246121E-02
 0.529444E-03 0.152907E-03 0.357273E-04 0.248865E-02
 0.535186E-03 0.149991E-03 0.359530E-04 0.251597E-02
 0.540361E-03 0.146978E-03 0.362423E-04 0.254173E-02
 0.544824E-03 0.143866E-03 0.365885E-04 0.256610E-02
 0.548526E-03 0.140674E-03 0.369562E-04 0.258862E-02
 0.551520E-03 0.137437E-03 0.373342E-04 0.260967E-02
 0.554041E-03 0.134199E-03 0.377012E-04 0.262902E-02
 0.555804E-03 0.131060E-03 0.380332E-04 0.264618E-02
 0.556815E-03 0.128189E-03 0.383253E-04 0.266084E-02
 0.557211E-03 0.125665E-03 0.385573E-04 0.267248E-02
 0.557216E-03 0.124036E-03 0.387075E-04 0.267971E-02
 0.556640E-03 0.123838E-03 0.387724E-04 0.268336E-02
 0.555444E-03 0.123748E-03 0.387317E-04 0.268303E-02
 0.553748E-03 0.123446E-03 0.385698E-04 0.267846E-02
 0.551600E-03 0.122940E-03 0.382766E-04 0.266982E-02
 0.548677E-03 0.122234E-03 0.378756E-04 0.265731E-02
 0.544996E-03 0.121338E-03 0.373371E-04 0.264152E-02
 0.540679E-03 0.120308E-03 0.366595E-04 0.262232E-02
 0.535844E-03 0.119854E-03 0.358407E-04 0.259960E-02
 0.530437E-03 0.119751E-03 0.348658E-04 0.257404E-02
 0.524585E-03 0.119889E-03 0.337473E-04 0.254564E-02
 0.518088E-03 0.119933E-03 0.324684E-04 0.251405E-02
 0.511000E-03 0.119802E-03 0.310226E-04 0.247959E-02
 0.503324E-03 0.119465E-03 0.294043E-04 0.244228E-02
 0.495134E-03 0.118944E-03 0.276744E-04 0.240236E-02
 0.486456E-03 0.118215E-03 0.263152E-04 0.236005E-02
 0.477326E-03 0.117320E-03 0.254033E-04 0.231546E-02
 0.467778E-03 0.116233E-03 0.247921E-04 0.226890E-02
 0.457830E-03 0.114966E-03 0.244381E-04 0.222041E-02
 0.447574E-03 0.113531E-03 0.243107E-04 0.217013E-02
 0.437134E-03 0.111936E-03 0.243811E-04 0.211829E-02
 0.426505E-03 0.110190E-03 0.246201E-04 0.206503E-02
 0.415785E-03 0.108300E-03 0.249939E-04 0.201131E-02
 0.405058E-03 0.106275E-03 0.254691E-04 0.195775E-02
 0.394340E-03 0.104139E-03 0.260200E-04 0.190452E-02
 0.383893E-03 0.101890E-03 0.266068E-04 0.185190E-02
 0.373746E-03 0.995512E-04 0.272024E-04 0.180159E-02
 0.363701E-03 0.971373E-04 0.277772E-04 0.175384E-02
 0.353776E-03 0.947861E-04 0.283156E-04 0.170790E-02
 0.344140E-03 0.927823E-04 0.287909E-04 0.166288E-02
 0.335200E-03 0.913948E-04 0.291828E-04 0.161848E-02
 0.326906E-03 0.904795E-04 0.294720E-04 0.157406E-02
 0.319116E-03 0.896246E-04 0.296448E-04 0.152937E-02
 0.311765E-03 0.887950E-04 0.296939E-04 0.148450E-02
 0.304869E-03 0.880618E-04 0.296063E-04 0.143899E-02
 0.298323E-03 0.875385E-04 0.293765E-04 0.139364E-02
 0.292166E-03 0.871986E-04 0.290084E-04 0.135042E-02
 0.286260E-03 0.869770E-04 0.285076E-04 0.130957E-02
 0.280621E-03 0.868517E-04 0.279441E-04 0.127085E-02
 0.275173E-03 0.867672E-04 0.273943E-04 0.123370E-02
 0.269864E-03 0.867066E-04 0.269232E-04 0.119811E-02
 0.264724E-03 0.866463E-04 0.265450E-04 0.116354E-02
 0.259754E-03 0.865971E-04 0.262556E-04 0.113013E-02
 0.254896E-03 0.865781E-04 0.260465E-04 0.109724E-02
 0.250329E-03 0.866441E-04 0.259187E-04 0.106469E-02
 0.245917E-03 0.867685E-04 0.258771E-04 0.103292E-02
 0.241745E-03 0.868240E-04 0.259176E-04 0.100106E-02
 0.237850E-03 0.867772E-04 0.260442E-04 0.969147E-03
 0.234262E-03 0.866118E-04 0.262499E-04 0.937128E-03
 0.230976E-03 0.863250E-04 0.265269E-04 0.905410E-03
 0.227963E-03 0.859084E-04 0.268726E-04 0.873688E-03
 0.225290E-03 0.853795E-04 0.272729E-04 0.842374E-03
 0.222946E-03 0.847301E-04 0.277225E-04 0.815948E-03
 0.220967E-03 0.839488E-04 0.282018E-04 0.795574E-03
 0.219329E-03 0.830537E-04 0.286932E-04 0.779137E-03
 0.218047E-03 0.820610E-04 0.291806E-04 0.766190E-03
 0.217080E-03 0.809631E-04 0.296422E-04 0.756161E-03
 0.216550E-03 0.797726E-04 0.300650E-04 0.748938E-03
 0.216322E-03 0.784959E-04 0.304318E-04 0.744338E-03
 0.216433E-03 0.771390E-04 0.307196E-04 0.741870E-03
 0.216892E-03 0.757041E-04 0.309122E-04 0.741623E-03
 0.217733E-03 0.742066E-04 0.310023E-04 0.743232E-03
 0.218842E-03 0.726399E-04 0.309918E-04 0.746794E-03
 0.220246E-03 0.710260E-04 0.308461E-04 0.752085E-03
 0.221844E-03 0.693703E-04 0.305834E-04 0.758918E-03
 0.223670E-03 0.676860E-04 0.301909E-04 0.767314E-03
 0.225724E-03 0.659848E-04 0.296637E-04 0.777542E-03
 0.227956E-03 0.642961E-04 0.290072E-04 0.789048E-03
 0.230384E-03 0.626233E-04 0.282215E-04 0.801679E-03
 0.232977E-03 0.609374E-04 0.273093E-04 0.815274E-03
 0.235665E-03 0.592473E-04 0.263622E-04 0.829767E-03
 0.238423E-03 0.575557E-04 0.255152E-04 0.844976E-03
 0.241194E-03 0.558484E-04 0.248378E-04 0.860676E-03
 0.243984E-03 0.541276E-04 0.242890E-04 0.876433E-03
 0.246771E-03 0.524107E-04 0.238506E-04 0.892081E-03
 0.249588E-03 0.507132E-04 0.234932E-04 0.907725E-03
 0.252255E-03 0.490038E-04 0.232246E-04 0.923098E-03
 0.254915E-03 0.473383E-04 0.230361E-04 0.938164E-03
 0.257620E-03 0.457431E-04 0.229069E-04 0.952794E-03
 0.260407E-03 0.442176E-04 0.228197E-04 0.967140E-03
 0.263414E-03 0.427735E-04 0.227785E-04 0.981771E-03
 0.266947E-03 0.413930E-04 0.227733E-04 0.998174E-03
 0.270516E-03 0.400956E-04 0.228025E-04 0.101718E-02
 0.273981E-03 0.388671E-04 0.228579E-04 0.103593E-02
 0.277241E-03 0.377454E-04 0.229245E-04 0.105371E-02
 0.280346E-03 0.367882E-04 0.229973E-04 0.107025E-02
 0.283200E-03 0.360549E-04 0.230656E-04 0.108564E-02
 0.285820E-03 0.355244E-04 0.231221E-04 0.109974E-02
 0.288217E-03 0.351576E-04 0.231535E-04 0.111215E-02
 0.290228E-03 0.349080E-04 0.231538E-04 0.112309E-02
 0.292029E-03 0.347554E-04 0.231122E-04 0.113237E-02
 0.293560E-03 0.346910E-04 0.230306E-04 0.114023E-02
 0.294724E-03 0.347127E-04 0.229079E-04 0.114660E-02
 0.295666E-03 0.348091E-04 0.227532E-04 0.115130E-02
 0.296226E-03 0.349837E-04 0.225822E-04 0.115467E-02
 0.296552E-03 0.352315E-04 0.223656E-04 0.115627E-02
 0.296487E-03 0.355463E-04 0.220898E-04 0.115645E-02
 0.296085E-03 0.359373E-04 0.217539E-04 0.115483E-02
 0.295382E-03 0.363885E-04 0.213530E-04 0.115157E-02
 0.294277E-03 0.369040E-04 0.208927E-04 0.114666E-02
 0.292852E-03 0.374813E-04 0.203720E-04 0.114003E-02
 0.291037E-03 0.381186E-04 0.198047E-04 0.113169E-02
 0.288897E-03 0.388038E-04 0.192515E-04 0.112178E-02
 0.286371E-03 0.395315E-04 0.187635E-04 0.111029E-02
 0.283507E-03 0.402944E-04 0.183853E-04 0.109708E-02
 0.280308E-03 0.410766E-04 0.181503E-04 0.108248E-02
 0.276829E-03 0.418764E-04 0.180537E-04 0.106656E-02
 0.272997E-03 0.426920E-04 0.180565E-04 0.104918E-02
 0.268897E-03 0.435020E-04 0.181458E-04 0.103084E-02
 0.264566E-03 0.442978E-04 0.183047E-04 0.101143E-02
 0.260039E-03 0.450751E-04 0.185207E-04 0.991337E-03
 0.255402E-03 0.458225E-04 0.187763E-04 0.970450E-03
 0.250746E-03 0.465349E-04 0.190570E-04 0.949238E-03
 0.246227E-03 0.472046E-04 0.193423E-04 0.927635E-03
 0.241946E-03 0.478295E-04 0.196141E-04 0.905893E-03
 0.237919E-03 0.483905E-04 0.198616E-04 0.884669E-03
 0.234132E-03 0.488936E-04 0.200731E-04 0.865596E-03
 0.230676E-03 0.493331E-04 0.202381E-04 0.848486E-03
 0.227599E-03 0.496969E-04 0.203460E-04 0.833231E-03
 0.224892E-03 0.499939E-04 0.203897E-04 0.819982E-03
 0.222567E-03 0.502147E-04 0.203696E-04 0.808689E-03
 0.220668E-03 0.503595E-04 0.202832E-04 0.799538E-03
 0.219104E-03 0.504132E-04 0.201169E-04 0.792309E-03
 0.217787E-03 0.503873E-04 0.198963E-04 0.786923E-03
 0.216800E-03 0.502754E-04 0.195956E-04 0.783730E-03
 0.216043E-03 0.500930E-04 0.192281E-04 0.782001E-03
 0.215532E-03 0.498193E-04 0.187994E-04 0.781679E-03
 0.215157E-03 0.494697E-04 0.183184E-04 0.782508E-03
 0.214976E-03 0.490459E-04 0.177913E-04 0.784284E-03
 0.214946E-03 0.485410E-04 0.172221E-04 0.786782E-03
 0.214958E-03 0.479704E-04 0.166230E-04 0.790091E-03
 0.215142E-03 0.473286E-04 0.160982E-04 0.793754E-03
 0.215335E-03 0.466226E-04 0.156815E-04 0.797728E-03
 0.215597E-03 0.458644E-04 0.153520E-04 0.801771E-03
 0.215797E-03 0.450589E-04 0.151190E-04 0.805865E-03
 0.216158E-03 0.442568E-04 0.149708E-04 0.809644E-03
 0.216257E-03 0.434693E-04 0.148927E-04 0.813609E-03
 0.216511E-03 0.426761E-04 0.148724E-04 0.816944E-03
 0.216545E-03 0.418838E-04 0.149070E-04 0.820632E-03
 0.216564E-03 0.410854E-04 0.149872E-04 0.823286E-03
 0.216399E-03 0.402857E-04 0.151023E-04 0.825809E-03
 0.216059E-03 0.395005E-04 0.152435E-04 0.827536E-03
 0.215670E-03 0.387418E-04 0.154097E-04 0.828511E-03
 0.215039E-03 0.380246E-04 0.155855E-04 0.828402E-03
 0.214242E-03 0.373779E-04 0.157730E-04 0.827593E-03
 0.213252E-03 0.368201E-04 0.159652E-04 0.825437E-03
 0.212081E-03 0.363666E-04 0.161533E-04 0.822447E-03
 0.210761E-03 0.360251E-04 0.163320E-04 0.818244E-03
 0.209295E-03 0.358053E-04 0.164956E-04 0.813327E-03
 0.207730E-03 0.356732E-04 0.166511E-04 0.807755E-03
 0.206051E-03 0.356288E-04 0.167883E-04 0.801695E-03
 0.204302E-03 0.356482E-04 0.169011E-04 0.795314E-03
 0.202575E-03 0.357266E-04 0.169884E-04 0.788914E-03
 0.200772E-03 0.358498E-04 0.170449E-04 0.782581E-03
 0.199055E-03 0.360066E-04 0.170670E-04 0.776689E-03
 0.197354E-03 0.361946E-04 0.170525E-04 0.771506E-03
 0.195739E-03 0.364208E-04 0.169987E-04 0.767130E-03
 0.194211E-03 0.367088E-04 0.169072E-04 0.763983E-03
 0.192785E-03 0.370500E-04 0.167748E-04 0.762631E-03
 0.191556E-03 0.373997E-04 0.165998E-04 0.762296E-03
 0.190569E-03 0.377479E-04 0.163840E-04 0.762849E-03
 0.189801E-03 0.380754E-04 0.161282E-04 0.764231E-03
 0.189249E-03 0.383805E-04 0.158382E-04 0.766558E-03
 0.188923E-03 0.386606E-04 0.155484E-04 0.769276E-03
 0.188731E-03 0.389181E-04 0.152750E-04 0.772907E-03
 0.188795E-03 0.391490E-04 0.150329E-04 0.777245E-03
 0.188976E-03 0.393531E-04 0.148134E-04 0.781972E-03
 0.189376E-03 0.395293E-04 0.146154E-04 0.786995E-03
 0.189888E-03 0.396847E-04 0.144301E-04 0.792322E-03
 0.190417E-03 0.398283E-04 0.142563E-04 0.797945E-03
 0.190996E-03 0.399848E-04 0.140947E-04 0.803901E-03
 0.191619E-03 0.401348E-04 0.139476E-04 0.810064E-03
 0.192249E-03 0.402579E-04 0.138137E-04 0.816173E-03
 0.192882E-03 0.403713E-04 0.136914E-04 0.822510E-03
 0.193532E-03 0.404945E-04 0.135795E-04 0.828771E-03
 0.194132E-03 0.406110E-04 0.134761E-04 0.834968E-03
 0.194725E-03 0.407222E-04 0.133800E-04 0.841043E-03
 0.195263E-03 0.408135E-04 0.132859E-04 0.846943E-03
 0.195699E-03 0.408826E-04 0.131969E-04 0.852408E-03
 0.196074E-03 0.409341E-04 0.131128E-04 0.857626E-03
 0.196357E-03 0.409614E-04 0.130318E-04 0.862354E-03
 0.196552E-03 0.409765E-04 0.129545E-04 0.866522E-03
 0.196606E-03 0.409731E-04 0.128822E-04 0.870037E-03
 0.196525E-03 0.409536E-04 0.128069E-04 0.872916E-03
 0.196307E-03 0.409127E-04 0.127332E-04 0.875073E-03
 0.195869E-03 0.408523E-04 0.126529E-04 0.876535E-03
 0.195284E-03 0.407810E-04 0.125644E-04 0.876976E-03
 0.194593E-03 0.406944E-04 0.124795E-04 0.876844E-03
 0.193688E-03 0.405915E-04 0.123895E-04 0.875839E-03
 0.192632E-03 0.404748E-04 0.123021E-04 0.874030E-03
 0.191400E-03 0.403462E-04 0.122191E-04 0.871422E-03
 0.190185E-03 0.401990E-04 0.121437E-04 0.868090E-03
 0.188835E-03 0.400454E-04 0.120955E-04 0.864216E-03
 0.187494E-03 0.398840E-04 0.120803E-04 0.859761E-03
 0.186148E-03 0.397145E-04 0.120867E-04 0.854671E-03
 0.184716E-03 0.395490E-04 0.121123E-04 0.849004E-03
 0.183255E-03 0.393889E-04 0.121555E-04 0.843087E-03
 0.181783E-03 0.392374E-04 0.122089E-04 0.836969E-03
 0.180217E-03 0.391080E-04 0.122676E-04 0.830698E-03
 0.178584E-03 0.390204E-04 0.123285E-04 0.824076E-03
 0.176999E-03 0.390249E-04 0.123918E-04 0.817187E-03
 0.175311E-03 0.391252E-04 0.124500E-04 0.810340E-03
 0.173490E-03 0.393162E-04 0.124990E-04 0.803227E-03
 0.171705E-03 0.396014E-04 0.125412E-04 0.795686E-03
 0.169882E-03 0.399721E-04 0.125774E-04 0.787814E-03
 0.167942E-03 0.404521E-04 0.126051E-04 0.779704E-03
 0.165980E-03 0.410281E-04 0.126133E-04 0.771044E-03
 0.164013E-03 0.417109E-04 0.125962E-04 0.761803E-03
 0.162022E-03 0.425063E-04 0.125555E-04 0.752193E-03
 0.159998E-03 0.434271E-04 0.124952E-04 0.742028E-03
 0.157889E-03 0.443353E-04 0.124123E-04 0.731243E-03
 0.155705E-03 0.451989E-04 0.123037E-04 0.719958E-03
 0.153326E-03 0.460166E-04 0.121646E-04 0.708167E-03
 0.150814E-03 0.467782E-04 0.119997E-04 0.695810E-03
 0.148227E-03 0.474926E-04 0.118122E-04 0.682868E-03
 0.145513E-03 0.481447E-04 0.116054E-04 0.669620E-03
 0.142711E-03 0.487438E-04 0.113804E-04 0.655944E-03
 0.139852E-03 0.492854E-04 0.111445E-04 0.641929E-03
 0.136987E-03 0.497637E-04 0.109016E-04 0.627844E-03
 0.134146E-03 0.501849E-04 0.106544E-04 0.613938E-03
 0.131349E-03 0.505437E-04 0.104069E-04 0.599972E-03
 0.128604E-03 0.508355E-04 0.101591E-04 0.586241E-03
 0.125797E-03 0.510666E-04 0.992289E-05 0.572319E-03
 0.122957E-03 0.512337E-04 0.969419E-05 0.558085E-03
 0.120043E-03 0.513380E-04 0.949555E-05 0.543413E-03
 0.116959E-03 0.513830E-04 0.932167E-05 0.528260E-03
 0.113844E-03 0.513610E-04 0.916161E-05 0.512540E-03
 0.110634E-03 0.512755E-04 0.899855E-05 0.496379E-03
 0.107247E-03 0.511363E-04 0.882945E-05 0.479512E-03
 0.103806E-03 0.509427E-04 0.867279E-05 0.462017E-03
 0.100338E-03 0.506920E-04 0.856095E-05 0.444173E-03
 0.968284E-04 0.503914E-04 0.850318E-05 0.425756E-03
 0.933145E-04 0.500513E-04 0.849194E-05 0.407508E-03
 0.898085E-04 0.496703E-04 0.851591E-05 0.389401E-03
 0.864180E-04 0.492673E-04 0.856858E-05 0.371774E-03
 0.831035E-04 0.488473E-04 0.864037E-05 0.355095E-03
 0.800295E-04 0.484381E-04 0.872277E-05 0.339616E-03
 0.772474E-04 0.480386E-04 0.881628E-05 0.325998E-03
 0.749526E-04 0.476525E-04 0.891682E-05 0.315305E-03
 0.733793E-04 0.472854E-04 0.902586E-05 0.308854E-03
 0.722613E-04 0.469308E-04 0.914796E-05 0.305760E-03
 0.715955E-04 0.465917E-04 0.928400E-05 0.305527E-03
 0.713989E-04 0.462595E-04 0.942078E-05 0.306090E-03
 0.716967E-04 0.459417E-04 0.955743E-05 0.306723E-03
 0.722401E-04 0.456307E-04 0.969067E-05 0.307050E-03
 0.730838E-04 0.453283E-04 0.981680E-05 0.307089E-03
 0.740973E-04 0.450262E-04 0.993454E-05 0.306736E-03
 0.752390E-04 0.447324E-04 0.100457E-04 0.305994E-03
 0.765119E-04 0.444328E-04 0.101499E-04 0.306555E-03
 0.778571E-04 0.441258E-04 0.102406E-04 0.310138E-03
 0.793212E-04 0.437960E-04 0.103189E-04 0.316159E-03
 0.808512E-04 0.434356E-04 0.103853E-04 0.323482E-03
 0.824521E-04 0.430481E-04 0.104344E-04 0.331841E-03
 0.840918E-04 0.426257E-04 0.104708E-04 0.340841E-03
 0.858122E-04 0.421615E-04 0.105001E-04 0.350605E-03
 0.875927E-04 0.416730E-04 0.105196E-04 0.360797E-03
 0.893968E-04 0.411514E-04 0.105351E-04 0.371229E-03
 0.912737E-04 0.405973E-04 0.105399E-04 0.382007E-03
 0.931695E-04 0.400121E-04 0.105269E-04 0.393202E-03
 0.951304E-04 0.394019E-04 0.104892E-04 0.404759E-03
 0.971175E-04 0.387692E-04 0.104254E-04 0.416906E-03
 0.991510E-04 0.381062E-04 0.103340E-04 0.429943E-03
 0.101187E-03 0.374306E-04 0.102336E-04 0.444040E-03
 0.103353E-03 0.367307E-04 0.101226E-04 0.458464E-03
 0.105602E-03 0.360217E-04 0.999930E-05 0.472514E-03
 0.107856E-03 0.352965E-04 0.986234E-05 0.486114E-03
 0.110099E-03 0.345719E-04 0.971665E-05 0.499068E-03
 0.112209E-03 0.338349E-04 0.956497E-05 0.511392E-03
 0.114205E-03 0.331009E-04 0.941284E-05 0.523155E-03
 0.116068E-03 0.323753E-04 0.926193E-05 0.534261E-03
 0.117828E-03 0.316601E-04 0.911522E-05 0.544679E-03
 0.119440E-03 0.310008E-04 0.897825E-05 0.554337E-03
 0.120938E-03 0.304170E-04 0.884864E-05 0.563285E-03
 0.122246E-03 0.298949E-04 0.873022E-05 0.571489E-03
 0.123488E-03 0.294104E-04 0.862417E-05 0.579143E-03
 0.124540E-03 0.289573E-04 0.853078E-05 0.586042E-03
 0.125474E-03 0.285311E-04 0.844957E-05 0.592132E-03
 0.126286E-03 0.281361E-04 0.838500E-05 0.597615E-03
 0.126932E-03 0.277787E-04 0.833036E-05 0.602435E-03
 0.127506E-03 0.274735E-04 0.828222E-05 0.606480E-03
 0.127915E-03 0.272670E-04 0.824123E-05 0.609775E-03
 0.128215E-03 0.272842E-04 0.820135E-05 0.612295E-03
 0.128382E-03 0.273489E-04 0.815636E-05 0.614137E-03
 0.128404E-03 0.273880E-04 0.810534E-05 0.615331E-03
 0.128359E-03 0.274010E-04 0.805310E-05 0.615968E-03
 0.128194E-03 0.273807E-04 0.800088E-05 0.615948E-03
 0.127867E-03 0.273354E-04 0.795982E-05 0.615247E-03
 0.127429E-03 0.272597E-04 0.793239E-05 0.613907E-03
 0.126939E-03 0.271584E-04 0.791070E-05 0.611865E-03
 0.126349E-03 0.270317E-04 0.789358E-05 0.609370E-03
 0.125664E-03 0.268759E-04 0.787914E-05 0.606288E-03
 0.124879E-03 0.266920E-04 0.786612E-05 0.602627E-03
 0.124032E-03 0.264860E-04 0.785601E-05 0.598561E-03
 0.123083E-03 0.262500E-04 0.784053E-05 0.593842E-03
 0.122082E-03 0.259910E-04 0.782613E-05 0.588710E-03
 0.120973E-03 0.257091E-04 0.781029E-05 0.583027E-03
 0.119839E-03 0.254451E-04 0.779051E-05 0.577027E-03
 0.118652E-03 0.252202E-04 0.776547E-05 0.570632E-03
 0.117324E-03 0.250312E-04 0.773942E-05 0.564061E-03
 0.116016E-03 0.248837E-04 0.771096E-05 0.557056E-03
 0.114634E-03 0.247637E-04 0.768351E-05 0.549932E-03
 0.113155E-03 0.246373E-04 0.765797E-05 0.542343E-03
 0.111617E-03 0.244878E-04 0.763835E-05 0.534505E-03
 0.109963E-03 0.243134E-04 0.761292E-05 0.526437E-03
 0.108287E-03 0.241104E-04 0.758476E-05 0.517990E-03
 0.106470E-03 0.238703E-04 0.755449E-05 0.509167E-03
 0.104587E-03 0.236011E-04 0.752181E-05 0.500145E-03
 0.102667E-03 0.233049E-04 0.749041E-05 0.490837E-03
 0.100691E-03 0.229839E-04 0.746123E-05 0.481211E-03
 0.986457E-04 0.226351E-04 0.743640E-05 0.471366E-03
 0.965202E-04 0.222656E-04 0.741871E-05 0.461389E-03
 0.943522E-04 0.218844E-04 0.741035E-05 0.450965E-03
 0.921437E-04 0.214927E-04 0.740541E-05 0.440368E-03
 0.898731E-04 0.210992E-04 0.740896E-05 0.429527E-03
 0.875508E-04 0.207184E-04 0.741204E-05 0.418473E-03
 0.852029E-04 0.203944E-04 0.740893E-05 0.407269E-03
 0.828740E-04 0.201482E-04 0.739435E-05 0.395819E-03
 0.805288E-04 0.200087E-04 0.736592E-05 0.384291E-03
 0.781814E-04 0.200070E-04 0.731654E-05 0.372759E-03
 0.758372E-04 0.200977E-04 0.724441E-05 0.361284E-03
 0.736278E-04 0.202355E-04 0.714320E-05 0.350346E-03
 0.715490E-04 0.204049E-04 0.701026E-05 0.339898E-03
 0.695569E-04 0.205975E-04 0.684705E-05 0.329747E-03
 0.676807E-04 0.207772E-04 0.665377E-05 0.319631E-03
 0.659000E-04 0.209419E-04 0.642631E-05 0.309606E-03
 0.642215E-04 0.210867E-04 0.617208E-05 0.299534E-03
 0.626243E-04 0.212091E-04 0.594497E-05 0.289449E-03
 0.610631E-04 0.213035E-04 0.577018E-05 0.279330E-03
 0.596812E-04 0.213695E-04 0.564104E-05 0.269176E-03
 0.584757E-04 0.214041E-04 0.554573E-05 0.259383E-03
 0.574257E-04 0.214101E-04 0.547533E-05 0.250014E-03
 0.565671E-04 0.213854E-04 0.542774E-05 0.241055E-03
 0.558312E-04 0.213252E-04 0.539739E-05 0.232421E-03
 0.552546E-04 0.212357E-04 0.537954E-05 0.224245E-03
 0.548389E-04 0.211140E-04 0.537010E-05 0.216330E-03
 0.545250E-04 0.209667E-04 0.537060E-05 0.208793E-03
 0.543557E-04 0.207907E-04 0.538341E-05 0.201751E-03
 0.543099E-04 0.205873E-04 0.540700E-05 0.197068E-03
 0.543326E-04 0.203543E-04 0.543764E-05 0.193929E-03
 0.544275E-04 0.200950E-04 0.547726E-05 0.191957E-03
 0.546245E-04 0.198134E-04 0.553029E-05 0.190858E-03
 0.547969E-04 0.195047E-04 0.559542E-05 0.190335E-03
 0.550180E-04 0.191841E-04 0.567378E-05 0.190278E-03
 0.552897E-04 0.188435E-04 0.576483E-05 0.190644E-03
 0.555824E-04 0.184839E-04 0.587130E-05 0.191359E-03
 0.558823E-04 0.181149E-04 0.599298E-05 0.192214E-03
 0.561917E-04 0.177390E-04 0.612268E-05 0.193202E-03
 0.565279E-04 0.173476E-04 0.625157E-05 0.194277E-03
 0.568503E-04 0.169481E-04 0.637403E-05 0.195521E-03
 0.573046E-04 0.165418E-04 0.647603E-05 0.196918E-03
 0.577639E-04 0.161362E-04 0.655662E-05 0.198533E-03
 0.582904E-04 0.157319E-04 0.660407E-05 0.200484E-03
 0.588625E-04 0.153305E-04 0.661698E-05 0.203062E-03
 0.595471E-04 0.149343E-04 0.659057E-05 0.206080E-03
 0.602805E-04 0.145413E-04 0.652984E-05 0.209590E-03
 0.610929E-04 0.141676E-04 0.645703E-05 0.213300E-03
 0.619011E-04 0.137982E-04 0.637454E-05 0.217384E-03
 0.627771E-04 0.134636E-04 0.628291E-05 0.221564E-03
 0.636746E-04 0.131269E-04 0.618710E-05 0.225974E-03
 0.645795E-04 0.128103E-04 0.609310E-05 0.230501E-03
 0.654734E-04 0.125011E-04 0.599929E-05 0.234903E-03
 0.663018E-04 0.122140E-04 0.591249E-05 0.239416E-03
 0.671913E-04 0.119539E-04 0.583006E-05 0.243799E-03
 0.679867E-04 0.117163E-04 0.575521E-05 0.247924E-03
 0.687861E-04 0.114996E-04 0.568457E-05 0.251945E-03
 0.695032E-04 0.112946E-04 0.561986E-05 0.255742E-03
 0.702056E-04 0.111023E-04 0.556361E-05 0.259459E-03
 0.708384E-04 0.109249E-04 0.551011E-05 0.262779E-03
 0.713995E-04 0.107570E-04 0.546428E-05 0.265867E-03
 0.719148E-04 0.105993E-04 0.542369E-05 0.268610E-03
 0.723365E-04 0.104521E-04 0.539270E-05 0.270984E-03
 0.726922E-04 0.103124E-04 0.537193E-05 0.273011E-03
 0.729716E-04 0.101839E-04 0.535731E-05 0.274742E-03
 0.731607E-04 0.100726E-04 0.534649E-05 0.276176E-03
 0.732916E-04 0.996764E-05 0.533632E-05 0.277159E-03
 0.733639E-04 0.987971E-05 0.532418E-05 0.277766E-03
 0.733516E-04 0.981085E-05 0.530891E-05 0.277994E-03
 0.732281E-04 0.976234E-05 0.528724E-05 0.277947E-03
 0.730337E-04 0.972235E-05 0.525255E-05 0.277552E-03
 0.728415E-04 0.969684E-05 0.520738E-05 0.276861E-03
 0.725765E-04 0.968258E-05 0.514679E-05 0.275978E-03
 0.722210E-04 0.968406E-05 0.506410E-05 0.274823E-03
 0.717471E-04 0.969414E-05 0.497305E-05 0.273374E-03
 0.712772E-04 0.972534E-05 0.488911E-05 0.271694E-03
 0.707997E-04 0.975948E-05 0.481205E-05 0.269989E-03
 0.702623E-04 0.980297E-05 0.474269E-05 0.267995E-03
 0.697111E-04 0.985824E-05 0.467935E-05 0.265818E-03
 0.691308E-04 0.992386E-05 0.462539E-05 0.263389E-03
 0.684892E-04 0.100063E-04 0.458358E-05 0.260783E-03
 0.678427E-04 0.100959E-04 0.457051E-05 0.257994E-03
 0.671718E-04 0.101947E-04 0.458646E-05 0.255064E-03
 0.664485E-04 0.103037E-04 0.461686E-05 0.251906E-03
 0.657001E-04 0.104237E-04 0.465668E-05 0.248750E-03
 0.649821E-04 0.105425E-04 0.470568E-05 0.245485E-03
 0.642676E-04 0.106736E-04 0.476342E-05 0.242269E-03
 0.636077E-04 0.108096E-04 0.482566E-05 0.239043E-03
 0.629949E-04 0.109457E-04 0.489333E-05 0.235962E-03
 0.623687E-04 0.110890E-04 0.496915E-05 0.233153E-03
 0.618112E-04 0.112320E-04 0.504649E-05 0.230428E-03
 0.612818E-04 0.113686E-04 0.512808E-05 0.227830E-03
 0.607160E-04 0.115046E-04 0.521599E-05 0.225569E-03
 0.602035E-04 0.116339E-04 0.530568E-05 0.223249E-03
 0.597226E-04 0.117609E-04 0.539286E-05 0.220971E-03
 0.591977E-04 0.118840E-04 0.547649E-05 0.218830E-03
 0.587083E-04 0.120021E-04 0.555370E-05 0.216551E-03
 0.582275E-04 0.121109E-04 0.562168E-05 0.214361E-03
 0.577301E-04 0.122095E-04 0.568071E-05 0.212336E-03
 0.572703E-04 0.122953E-04 0.571886E-05 0.210496E-03
 0.568354E-04 0.123710E-04 0.574149E-05 0.208724E-03
 0.563768E-04 0.124335E-04 0.574221E-05 0.207048E-03
 0.559445E-04 0.124797E-04 0.571605E-05 0.205429E-03
 0.555547E-04 0.125086E-04 0.566622E-05 0.204171E-03
 0.552000E-04 0.125289E-04 0.559289E-05 0.203023E-03
 0.548523E-04 0.125226E-04 0.549521E-05 0.202237E-03
 0.545678E-04 0.125124E-04 0.537235E-05 0.201652E-03
 0.542957E-04 0.124835E-04 0.522635E-05 0.201302E-03
 0.540456E-04 0.124418E-04 0.506557E-05 0.201127E-03
 0.538479E-04 0.123839E-04 0.492436E-05 0.200978E-03
 0.536238E-04 0.123117E-04 0.480272E-05 0.200915E-03
 0.533950E-04 0.122255E-04 0.468899E-05 0.200892E-03
 0.531657E-04 0.121215E-04 0.457983E-05 0.200797E-03
 0.529008E-04 0.120120E-04 0.447557E-05 0.200675E-03
 0.526156E-04 0.118927E-04 0.437621E-05 0.200437E-03
 0.523383E-04 0.117539E-04 0.427843E-05 0.200090E-03
 0.519775E-04 0.115990E-04 0.418472E-05 0.199487E-03
 0.515735E-04 0.114342E-04 0.409441E-05 0.198747E-03
 0.512137E-04 0.112432E-04 0.400900E-05 0.197820E-03
 0.508341E-04 0.110403E-04 0.392961E-05 0.196820E-03
 0.504691E-04 0.108278E-04 0.385618E-05 0.195919E-03
 0.499904E-04 0.106043E-04 0.379173E-05 0.194985E-03
 0.495897E-04 0.103793E-04 0.373118E-05 0.194057E-03
 0.491795E-04 0.101614E-04 0.368127E-05 0.193231E-03
 0.488099E-04 0.996506E-05 0.364282E-05 0.192570E-03
 0.484604E-04 0.978378E-05 0.361783E-05 0.192055E-03
 0.481282E-04 0.963803E-05 0.360284E-05 0.191679E-03
 0.478190E-04 0.953184E-05 0.359813E-05 0.191550E-03
 0.476673E-04 0.947121E-05 0.360376E-05 0.192008E-03
 0.475091E-04 0.947879E-05 0.362132E-05 0.193421E-03
 0.476374E-04 0.953943E-05 0.364841E-05 0.195768E-03
 0.480068E-04 0.963595E-05 0.367908E-05 0.198981E-03
 0.484832E-04 0.974360E-05 0.370810E-05 0.202269E-03
 0.489164E-04 0.986275E-05 0.372626E-05 0.205623E-03
 0.493921E-04 0.998984E-05 0.372982E-05 0.208754E-03
 0.498917E-04 0.101230E-04 0.371415E-05 0.211813E-03
 0.503602E-04 0.102590E-04 0.367576E-05 0.214779E-03
 0.508021E-04 0.103996E-04 0.363202E-05 0.217677E-03
 0.512033E-04 0.105427E-04 0.360311E-05 0.220255E-03
 0.515601E-04 0.106812E-04 0.358331E-05 0.222689E-03
 0.519312E-04 0.108142E-04 0.356717E-05 0.224750E-03
 0.521897E-04 0.109432E-04 0.355377E-05 0.226696E-03
 0.523937E-04 0.110605E-04 0.354536E-05 0.228339E-03
 0.525788E-04 0.111765E-04 0.354108E-05 0.229722E-03
 0.527620E-04 0.112792E-04 0.354426E-05 0.230892E-03
 0.528177E-04 0.113787E-04 0.355493E-05 0.232028E-03
 0.529224E-04 0.114724E-04 0.357151E-05 0.232931E-03
 0.529397E-04 0.115631E-04 0.359464E-05 0.233873E-03
 0.529770E-04 0.116509E-04 0.362124E-05 0.234820E-03
 0.529516E-04 0.117288E-04 0.364715E-05 0.235606E-03
 0.529280E-04 0.118005E-04 0.367372E-05 0.236529E-03
 0.528691E-04 0.118585E-04 0.370169E-05 0.237305E-03
 0.527988E-04 0.119181E-04 0.373009E-05 0.237945E-03
 0.526856E-04 0.119676E-04 0.375366E-05 0.238585E-03
 0.525933E-04 0.119975E-04 0.377374E-05 0.239307E-03
 0.524591E-04 0.120237E-04 0.379213E-05 0.239880E-03
 0.522879E-04 0.120403E-04 0.380894E-05 0.240294E-03
 0.521190E-04 0.120418E-04 0.382076E-05 0.240752E-03
 0.518585E-04 0.120395E-04 0.382519E-05 0.240862E-03
 0.516444E-04 0.120169E-04 0.382291E-05 0.240988E-03
 0.513919E-04 0.119822E-04 0.381238E-05 0.241170E-03
 0.511468E-04 0.119406E-04 0.379583E-05 0.241289E-03
 0.508515E-04 0.118866E-04 0.377426E-05 0.241163E-03
 0.505983E-04 0.118201E-04 0.374517E-05 0.240881E-03
 0.503074E-04 0.117524E-04 0.369997E-05 0.240388E-03
 0.500149E-04 0.116599E-04 0.363900E-05 0.239669E-03
 0.498201E-04 0.115619E-04 0.356256E-05 0.238758E-03
 0.496161E-04 0.114550E-04 0.346712E-05 0.237619E-03
 0.493427E-04 0.113395E-04 0.335365E-05 0.236162E-03
 0.490742E-04 0.112150E-04 0.322389E-05 0.234748E-03
 0.488011E-04 0.110776E-04 0.309572E-05 0.232973E-03
 0.484570E-04 0.109695E-04 0.299272E-05 0.231096E-03
 0.480940E-04 0.109060E-04 0.292007E-05 0.228934E-03
 0.477455E-04 0.108877E-04 0.286931E-05 0.226679E-03
 0.473393E-04 0.109040E-04 0.283808E-05 0.224341E-03
 0.469162E-04 0.109455E-04 0.282084E-05 0.221970E-03
 0.464389E-04 0.110161E-04 0.281929E-05 0.219364E-03
 0.459574E-04 0.111163E-04 0.283260E-05 0.216587E-03
 0.453641E-04 0.112420E-04 0.285946E-05 0.213727E-03
 0.448299E-04 0.113882E-04 0.289810E-05 0.210727E-03
 0.441966E-04 0.115556E-04 0.294564E-05 0.207597E-03
 0.435837E-04 0.117308E-04 0.300035E-05 0.204155E-03
 0.428937E-04 0.118982E-04 0.306353E-05 0.200608E-03
 0.421744E-04 0.120614E-04 0.313085E-05 0.196910E-03
 0.414644E-04 0.122095E-04 0.319800E-05 0.193118E-03
 0.407275E-04 0.123487E-04 0.326976E-05 0.189013E-03
 0.399363E-04 0.124692E-04 0.334038E-05 0.184715E-03
 0.391512E-04 0.125888E-04 0.340381E-05 0.180215E-03
 0.383881E-04 0.126866E-04 0.346172E-05 0.175746E-03
 0.376057E-04 0.127728E-04 0.351063E-05 0.171078E-03
 0.367712E-04 0.128566E-04 0.354347E-05 0.166251E-03
 0.359893E-04 0.129282E-04 0.356215E-05 0.161459E-03
 0.352022E-04 0.129781E-04 0.356362E-05 0.156710E-03
 0.344318E-04 0.130234E-04 0.355235E-05 0.152127E-03
 0.336491E-04 0.130548E-04 0.352267E-05 0.147385E-03
 0.328374E-04 0.130744E-04 0.347737E-05 0.142610E-03
 0.320728E-04 0.130790E-04 0.341718E-05 0.137932E-03
 0.312567E-04 0.130743E-04 0.335594E-05 0.133366E-03
 0.304253E-04 0.130568E-04 0.329655E-05 0.128683E-03
 0.295869E-04 0.130235E-04 0.323911E-05 0.124118E-03
 0.287732E-04 0.129888E-04 0.318308E-05 0.119492E-03
 0.279146E-04 0.129362E-04 0.313175E-05 0.114854E-03
 0.270829E-04 0.128745E-04 0.308421E-05 0.110295E-03
 0.262778E-04 0.128020E-04 0.303579E-05 0.105843E-03
 0.254530E-04 0.127217E-04 0.299207E-05 0.101376E-03
 0.246426E-04 0.126366E-04 0.294738E-05 0.970749E-04
 0.238525E-04 0.125355E-04 0.290425E-05 0.930457E-04
 0.231132E-04 0.124344E-04 0.286066E-05 0.896015E-04
 0.224815E-04 0.123337E-04 0.281675E-05 0.867295E-04
 0.220287E-04 0.122263E-04 0.277308E-05 0.847303E-04
 0.217217E-04 0.121176E-04 0.273372E-05 0.832660E-04
 0.214297E-04 0.120031E-04 0.269728E-05 0.817507E-04
 0.211139E-04 0.119020E-04 0.266227E-05 0.801666E-04
 0.208518E-04 0.117907E-04 0.262989E-05 0.784976E-04
 0.205221E-04 0.116855E-04 0.260078E-05 0.766981E-04
 0.202716E-04 0.115904E-04 0.257734E-05 0.748151E-04
 0.200085E-04 0.114977E-04 0.256193E-05 0.731148E-04
 0.197243E-04 0.114132E-04 0.254742E-05 0.718452E-04
 0.194959E-04 0.113322E-04 0.253547E-05 0.709457E-04
 0.192817E-04 0.112527E-04 0.252450E-05 0.706050E-04
 0.190980E-04 0.111758E-04 0.251193E-05 0.706826E-04
 0.190107E-04 0.111016E-04 0.249774E-05 0.711827E-04
 0.189690E-04 0.110199E-04 0.248061E-05 0.721363E-04
 0.190228E-04 0.109427E-04 0.245959E-05 0.735593E-04
 0.191684E-04 0.108536E-04 0.242691E-05 0.753165E-04
 0.194388E-04 0.107685E-04 0.238444E-05 0.773703E-04
 0.197188E-04 0.106672E-04 0.233039E-05 0.798480E-04
 0.200966E-04 0.105663E-04 0.226577E-05 0.824914E-04
 0.205575E-04 0.104602E-04 0.220018E-05 0.855577E-04
 0.210623E-04 0.103448E-04 0.215616E-05 0.888549E-04
 0.215961E-04 0.102231E-04 0.212557E-05 0.922316E-04
 0.222268E-04 0.100895E-04 0.210956E-05 0.953599E-04
 0.228881E-04 0.995188E-05 0.210377E-05 0.983297E-04
 0.235223E-04 0.981566E-05 0.210998E-05 0.101195E-03
 0.241594E-04 0.966365E-05 0.213595E-05 0.104172E-03
 0.248185E-04 0.950245E-05 0.216927E-05 0.107492E-03
 0.254145E-04 0.933995E-05 0.220689E-05 0.110647E-03
 0.260200E-04 0.916824E-05 0.224710E-05 0.113995E-03
 0.265471E-04 0.898967E-05 0.228840E-05 0.117367E-03
 0.271548E-04 0.880669E-05 0.232876E-05 0.120607E-03
 0.276855E-04 0.862752E-05 0.236877E-05 0.123781E-03
 0.281778E-04 0.843645E-05 0.240587E-05 0.126706E-03
 0.286509E-04 0.825773E-05 0.244073E-05 0.129549E-03
 0.290847E-04 0.807123E-05 0.247383E-05 0.132214E-03
 0.295313E-04 0.788243E-05 0.250648E-05 0.134868E-03
 0.299630E-04 0.769839E-05 0.253144E-05 0.137255E-03
 0.303619E-04 0.751898E-05 0.255468E-05 0.139587E-03
 0.307319E-04 0.733810E-05 0.257188E-05 0.141724E-03
 0.310407E-04 0.717476E-05 0.258604E-05 0.143754E-03
 0.312794E-04 0.702744E-05 0.259599E-05 0.145496E-03
 0.314958E-04 0.691221E-05 0.260223E-05 0.147106E-03
 0.317287E-04 0.684105E-05 0.260592E-05 0.148584E-03
 0.319167E-04 0.683575E-05 0.260661E-05 0.149907E-03
 0.320607E-04 0.684052E-05 0.260807E-05 0.151006E-03
 0.321977E-04 0.684943E-05 0.260247E-05 0.151960E-03
 0.322832E-04 0.685703E-05 0.258871E-05 0.152860E-03
 0.323796E-04 0.685984E-05 0.256426E-05 0.153522E-03
 0.323918E-04 0.685670E-05 0.252982E-05 0.153947E-03
 0.324172E-04 0.684236E-05 0.248161E-05 0.154195E-03
 0.323714E-04 0.682306E-05 0.241812E-05 0.154326E-03
 0.323290E-04 0.679464E-05 0.233875E-05 0.154277E-03
 0.322642E-04 0.676256E-05 0.224482E-05 0.154080E-03
 0.321335E-04 0.671733E-05 0.215337E-05 0.153808E-03
 0.320389E-04 0.667927E-05 0.207367E-05 0.153247E-03
 0.318246E-04 0.661726E-05 0.200474E-05 0.152657E-03
 0.316465E-04 0.655867E-05 0.194765E-05 0.151848E-03
 0.314342E-04 0.649125E-05 0.189712E-05 0.151080E-03
 0.312081E-04 0.641698E-05 0.185595E-05 0.150035E-03
 0.309603E-04 0.633470E-05 0.182567E-05 0.148888E-03
 0.306821E-04 0.625617E-05 0.180424E-05 0.147677E-03
 0.303982E-04 0.617486E-05 0.179429E-05 0.146257E-03
 0.300883E-04 0.608241E-05 0.179040E-05 0.144749E-03
 0.297635E-04 0.599002E-05 0.179136E-05 0.143194E-03
 0.293785E-04 0.589385E-05 0.179688E-05 0.141480E-03
 0.290017E-04 0.578634E-05 0.180619E-05 0.139866E-03
 0.286339E-04 0.568137E-05 0.181814E-05 0.137967E-03
 0.282403E-04 0.557752E-05 0.182815E-05 0.136043E-03
 0.278178E-04 0.546939E-05 0.184019E-05 0.134092E-03
 0.273927E-04 0.535956E-05 0.185488E-05 0.132034E-03
 0.269677E-04 0.525150E-05 0.186778E-05 0.129923E-03
 0.265122E-04 0.515994E-05 0.187662E-05 0.127742E-03
 0.260814E-04 0.508393E-05 0.187982E-05 0.125528E-03
 0.256634E-04 0.501182E-05 0.188140E-05 0.123440E-03
 0.252689E-04 0.493863E-05 0.187852E-05 0.121164E-03
 0.248885E-04 0.486770E-05 0.187524E-05 0.118961E-03
 0.244300E-04 0.479425E-05 0.186860E-05 0.116555E-03
 0.240356E-04 0.472665E-05 0.186063E-05 0.114140E-03
 0.236091E-04 0.465641E-05 0.185469E-05 0.111696E-03
 0.232585E-04 0.459279E-05 0.185325E-05 0.109176E-03
 0.228513E-04 0.452946E-05 0.184997E-05 0.106843E-03
 0.224307E-04 0.447741E-05 0.184566E-05 0.104440E-03
 0.220232E-04 0.442330E-05 0.184140E-05 0.102072E-03
 0.215843E-04 0.437865E-05 0.183732E-05 0.996526E-04
 0.211856E-04 0.435540E-05 0.183253E-05 0.972971E-04
 0.207259E-04 0.436635E-05 0.183015E-05 0.949117E-04
 0.202631E-04 0.440010E-05 0.182604E-05 0.924414E-04
 0.198189E-04 0.445160E-05 0.182251E-05 0.900244E-04
 0.193231E-04 0.450965E-05 0.182105E-05 0.876244E-04
 0.188871E-04 0.456931E-05 0.182231E-05 0.851968E-04
 0.184122E-04 0.461757E-05 0.182372E-05 0.828436E-04
 0.179998E-04 0.467095E-05 0.182445E-05 0.804903E-04
 0.175896E-04 0.471301E-05 0.182659E-05 0.781808E-04
 0.172189E-04 0.475868E-05 0.183234E-05 0.758161E-04
 0.168052E-04 0.480117E-05 0.184039E-05 0.735919E-04
 0.163984E-04 0.483444E-05 0.184779E-05 0.711735E-04
 0.160359E-04 0.486493E-05 0.185322E-05 0.689190E-04
 0.156892E-04 0.489028E-05 0.185862E-05 0.665437E-04
 0.153514E-04 0.490800E-05 0.186472E-05 0.644141E-04
 0.150982E-04 0.492605E-05 0.186594E-05 0.626197E-04
 0.148339E-04 0.494006E-05 0.186499E-05 0.608979E-04
 0.146112E-04 0.494261E-05 0.186215E-05 0.594515E-04
 0.144647E-04 0.494230E-05 0.185550E-05 0.582292E-04
 0.144085E-04 0.494685E-05 0.184545E-05 0.572172E-04
 0.143713E-04 0.493593E-05 0.182772E-05 0.563935E-04
 0.144404E-04 0.491864E-05 0.180618E-05 0.559150E-04
 0.144767E-04 0.490067E-05 0.177031E-05 0.554279E-04
 0.145231E-04 0.487636E-05 0.172654E-05 0.551358E-04
 0.145717E-04 0.485150E-05 0.167666E-05 0.549884E-04
 0.146938E-04 0.481353E-05 0.161476E-05 0.550279E-04
 0.149030E-04 0.477540E-05 0.154501E-05 0.552116E-04
 0.150207E-04 0.472884E-05 0.147701E-05 0.553649E-04
 0.152051E-04 0.468238E-05 0.142285E-05 0.556758E-04
 0.154258E-04 0.463155E-05 0.138329E-05 0.561483E-04
 0.156244E-04 0.457284E-05 0.134962E-05 0.564720E-04
 0.158584E-04 0.451268E-05 0.132111E-05 0.568724E-04
 0.160764E-04 0.445394E-05 0.129989E-05 0.573334E-04
 0.163019E-04 0.439165E-05 0.128652E-05 0.579858E-04
 0.165280E-04 0.432511E-05 0.128278E-05 0.585837E-04
 0.168008E-04 0.425707E-05 0.129091E-05 0.593665E-04
 0.170760E-04 0.418383E-05 0.130540E-05 0.603212E-04
 0.172872E-04 0.411273E-05 0.132115E-05 0.612643E-04
 0.174965E-04 0.403872E-05 0.133867E-05 0.623135E-04
 0.176601E-04 0.396808E-05 0.135704E-05 0.631831E-04
 0.178604E-04 0.389100E-05 0.137573E-05 0.641598E-04
 0.180377E-04 0.381766E-05 0.139418E-05 0.650919E-04
 0.182771E-04 0.373508E-05 0.141302E-05 0.660281E-04
 0.184402E-04 0.365762E-05 0.142877E-05 0.668339E-04
 0.185631E-04 0.358617E-05 0.144437E-05 0.674428E-04
 0.186981E-04 0.351150E-05 0.146218E-05 0.681007E-04
 0.188185E-04 0.344257E-05 0.147919E-05 0.686531E-04
 0.189099E-04 0.337823E-05 0.149355E-05 0.690622E-04
 0.189773E-04 0.330881E-05 0.150603E-05 0.694346E-04
 0.190418E-04 0.324537E-05 0.151856E-05 0.697776E-04
 0.190245E-04 0.318547E-05 0.152874E-05 0.700269E-04
 0.190062E-04 0.313439E-05 0.153893E-05 0.702280E-04
 0.190030E-04 0.309151E-05 0.154746E-05 0.703337E-04
 0.190083E-04 0.304981E-05 0.154697E-05 0.702565E-04
 0.189177E-04 0.301381E-05 0.154023E-05 0.701247E-04
 0.188620E-04 0.298344E-05 0.152833E-05 0.699764E-04
 0.188232E-04 0.296975E-05 0.150783E-05 0.696794E-04
 0.187275E-04 0.295204E-05 0.147938E-05 0.693409E-04
 0.186638E-04 0.295256E-05 0.144758E-05 0.689800E-04
 0.185941E-04 0.296575E-05 0.142309E-05 0.684323E-04
 0.184290E-04 0.297488E-05 0.140345E-05 0.679726E-04
 0.182889E-04 0.298579E-05 0.138398E-05 0.674070E-04
 0.182080E-04 0.300375E-05 0.136732E-05 0.669326E-04
 0.180689E-04 0.302429E-05 0.135732E-05 0.664161E-04
 0.179397E-04 0.304741E-05 0.134724E-05 0.658306E-04
 0.178262E-04 0.307392E-05 0.133701E-05 0.653412E-04
 0.177010E-04 0.309497E-05 0.132954E-05 0.647190E-04
 0.175699E-04 0.311270E-05 0.131908E-05 0.641721E-04
 0.174193E-04 0.313098E-05 0.131229E-05 0.637020E-04
 0.172846E-04 0.315181E-05 0.130636E-05 0.632630E-04
 0.171140E-04 0.316585E-05 0.130140E-05 0.628608E-04
 0.169904E-04 0.318293E-05 0.129655E-05 0.624163E-04
 0.168483E-04 0.319437E-05 0.128823E-05 0.621303E-04
 0.167341E-04 0.320167E-05 0.127928E-05 0.616546E-04
 0.166515E-04 0.320930E-05 0.127378E-05 0.613341E-04
 0.165837E-04 0.321980E-05 0.126614E-05 0.609791E-04
 0.164792E-04 0.322800E-05 0.125693E-05 0.607284E-04
 0.164172E-04 0.323116E-05 0.124781E-05 0.604465E-04
 0.163210E-04 0.323617E-05 0.123669E-05 0.602312E-04
 0.162244E-04 0.323544E-05 0.122601E-05 0.599433E-04
 0.161468E-04 0.323478E-05 0.120861E-05 0.597160E-04
 0.160454E-04 0.323099E-05 0.118949E-05 0.595810E-04
 0.160272E-04 0.322414E-05 0.116923E-05 0.593849E-04
 0.159711E-04 0.322169E-05 0.114990E-05 0.592596E-04
 0.158777E-04 0.321677E-05 0.112987E-05 0.591719E-04
 0.158329E-04 0.321569E-05 0.110375E-05 0.590006E-04
 0.157579E-04 0.320461E-05 0.108067E-05 0.587572E-04
 0.156675E-04 0.319183E-05 0.106520E-05 0.585722E-04
 0.155594E-04 0.317920E-05 0.105130E-05 0.583715E-04
 0.154119E-04 0.316729E-05 0.104331E-05 0.579904E-04
 0.152917E-04 0.315011E-05 0.103875E-05 0.577356E-04
 0.151468E-04 0.314052E-05 0.103525E-05 0.573086E-04
 0.150398E-04 0.313152E-05 0.103655E-05 0.569068E-04
 0.148652E-04 0.312398E-05 0.104145E-05 0.564348E-04
 0.147067E-04 0.310765E-05 0.105439E-05 0.558319E-04
 0.145452E-04 0.309137E-05 0.107478E-05 0.552295E-04
 0.143413E-04 0.307859E-05 0.109570E-05 0.546615E-04
 0.141467E-04 0.306277E-05 0.111970E-05 0.539016E-04
 0.138956E-04 0.304330E-05 0.114659E-05 0.530921E-04
 0.136867E-04 0.302854E-05 0.117223E-05 0.522785E-04
 0.135251E-04 0.300816E-05 0.119788E-05 0.515957E-04
 0.133766E-04 0.298235E-05 0.122539E-05 0.507972E-04
 0.131844E-04 0.296933E-05 0.125298E-05 0.503160E-04
 0.130830E-04 0.294847E-05 0.127779E-05 0.499174E-04
 0.129245E-04 0.293656E-05 0.130052E-05 0.497021E-04
 0.128740E-04 0.292120E-05 0.131889E-05 0.496704E-04
 0.128531E-04 0.291478E-05 0.133073E-05 0.497443E-04
 0.128620E-04 0.290653E-05 0.134106E-05 0.500272E-04
 0.128927E-04 0.289613E-05 0.134872E-05 0.504772E-04
 0.129210E-04 0.288942E-05 0.135167E-05 0.509106E-04
 0.129465E-04 0.288833E-05 0.135012E-05 0.514657E-04
 0.129738E-04 0.288629E-05 0.134273E-05 0.520365E-04
 0.130453E-04 0.289285E-05 0.133088E-05 0.526720E-04
 0.130856E-04 0.289557E-05 0.131285E-05 0.533102E-04
 0.131113E-04 0.290457E-05 0.129065E-05 0.539503E-04
 0.132003E-04 0.291772E-05 0.126144E-05 0.546243E-04
 0.133133E-04 0.292727E-05 0.122620E-05 0.553310E-04
 0.133894E-04 0.293750E-05 0.118609E-05 0.559357E-04
 0.134461E-04 0.295105E-05 0.114063E-05 0.566180E-04
 0.134319E-04 0.296302E-05 0.109985E-05 0.573063E-04
 0.135115E-04 0.297959E-05 0.106861E-05 0.579202E-04
 0.135680E-04 0.299408E-05 0.103891E-05 0.584836E-04
 0.136602E-04 0.300914E-05 0.101275E-05 0.589579E-04
 0.137268E-04 0.302568E-05 0.992840E-06 0.595392E-04
 0.137686E-04 0.304475E-05 0.977459E-06 0.599276E-04
 0.137894E-04 0.306385E-05 0.965515E-06 0.602913E-04
 0.137944E-04 0.308440E-05 0.954629E-06 0.607959E-04
 0.138096E-04 0.310460E-05 0.942716E-06 0.611812E-04
 0.138617E-04 0.312977E-05 0.934277E-06 0.614291E-04
 0.138700E-04 0.314761E-05 0.927074E-06 0.617037E-04
 0.138958E-04 0.316680E-05 0.921431E-06 0.619980E-04
 0.138288E-04 0.318090E-05 0.917564E-06 0.621702E-04
 0.138334E-04 0.319845E-05 0.916245E-06 0.623562E-04
 0.137843E-04 0.321256E-05 0.915143E-06 0.625242E-04
 0.137484E-04 0.323188E-05 0.914792E-06 0.627386E-04
 0.137661E-04 0.324984E-05 0.914214E-06 0.629310E-04
 0.137726E-04 0.326458E-05 0.914436E-06 0.631721E-04
 0.137386E-04 0.327414E-05 0.914503E-06 0.634150E-04
 0.137437E-04 0.328689E-05 0.912447E-06 0.636845E-04
 0.137408E-04 0.329326E-05 0.910419E-06 0.640096E-04
 0.137388E-04 0.331167E-05 0.906573E-06 0.643186E-04
 0.137752E-04 0.331683E-05 0.901427E-06 0.646731E-04
 0.138636E-04 0.331646E-05 0.895240E-06 0.649279E-04
 0.139103E-04 0.331485E-05 0.884667E-06 0.652627E-04
 0.139468E-04 0.331719E-05 0.871397E-06 0.654247E-04
 0.139597E-04 0.331702E-05 0.857862E-06 0.656102E-04
 0.139842E-04 0.331118E-05 0.843761E-06 0.657131E-04
 0.139797E-04 0.330623E-05 0.831849E-06 0.657980E-04
 0.139536E-04 0.330006E-05 0.823042E-06 0.657071E-04
 0.139430E-04 0.329171E-05 0.819452E-06 0.656484E-04
 0.139061E-04 0.328010E-05 0.819350E-06 0.654794E-04
 0.138910E-04 0.326887E-05 0.821303E-06 0.653485E-04
 0.138489E-04 0.325323E-05 0.824751E-06 0.651098E-04
 0.137732E-04 0.323628E-05 0.828780E-06 0.648173E-04
 0.136853E-04 0.321573E-05 0.834275E-06 0.645459E-04
 0.136121E-04 0.319529E-05 0.835227E-06 0.641276E-04
 0.135197E-04 0.317358E-05 0.839451E-06 0.638126E-04
 0.134268E-04 0.313927E-05 0.845452E-06 0.634728E-04
 0.133099E-04 0.311151E-05 0.848296E-06 0.630316E-04
 0.131648E-04 0.308925E-05 0.847779E-06 0.623787E-04
 0.129836E-04 0.306902E-05 0.846812E-06 0.618906E-04
 0.128432E-04 0.305545E-05 0.846209E-06 0.611417E-04
 0.127175E-04 0.305480E-05 0.844831E-06 0.604566E-04
 0.125654E-04 0.306144E-05 0.844086E-06 0.598147E-04
 0.123980E-04 0.307741E-05 0.839485E-06 0.591044E-04
 0.122513E-04 0.309743E-05 0.831562E-06 0.583853E-04
 0.120558E-04 0.312254E-05 0.825454E-06 0.575400E-04
 0.118631E-04 0.315519E-05 0.817522E-06 0.566892E-04
 0.116419E-04 0.319073E-05 0.808351E-06 0.556877E-04
 0.114168E-04 0.322722E-05 0.799094E-06 0.548548E-04
 0.111740E-04 0.325994E-05 0.790444E-06 0.538782E-04
 0.109896E-04 0.328708E-05 0.779053E-06 0.529612E-04
 0.107887E-04 0.331511E-05 0.763242E-06 0.518978E-04
 0.105824E-04 0.334663E-05 0.748761E-06 0.507981E-04
 0.103646E-04 0.337183E-05 0.734776E-06 0.496681E-04
 0.101678E-04 0.339328E-05 0.722409E-06 0.483384E-04
 0.990380E-05 0.340894E-05 0.707569E-06 0.471165E-04
 0.969788E-05 0.342804E-05 0.689761E-06 0.458502E-04
 0.940046E-05 0.344240E-05 0.668826E-06 0.444268E-04
 0.910202E-05 0.344968E-05 0.644830E-06 0.430355E-04
 0.886325E-05 0.345764E-05 0.629126E-06 0.416585E-04
 0.861124E-05 0.345442E-05 0.617375E-06 0.402544E-04
 0.837303E-05 0.345572E-05 0.611104E-06 0.388498E-04
 0.814110E-05 0.344934E-05 0.611778E-06 0.374980E-04
 0.784962E-05 0.344614E-05 0.609806E-06 0.361375E-04
 0.754695E-05 0.343703E-05 0.609569E-06 0.347940E-04
 0.729802E-05 0.342354E-05 0.613738E-06 0.335501E-04
 0.708526E-05 0.341440E-05 0.624155E-06 0.323444E-04
 0.693672E-05 0.339383E-05 0.633646E-06 0.311974E-04
 0.671323E-05 0.337883E-05 0.646695E-06 0.299797E-04
 0.651895E-05 0.335560E-05 0.660497E-06 0.287661E-04
 0.630926E-05 0.334737E-05 0.675640E-06 0.274951E-04
 0.607220E-05 0.332460E-05 0.690485E-06 0.263188E-04
 0.587609E-05 0.329914E-05 0.708266E-06 0.250469E-04
 0.573463E-05 0.327058E-05 0.726154E-06 0.237879E-04
 0.564381E-05 0.324263E-05 0.742055E-06 0.226101E-04
 0.550794E-05 0.321755E-05 0.755356E-06 0.216348E-04
 0.540880E-05 0.319126E-05 0.765520E-06 0.206715E-04
 0.537914E-05 0.315991E-05 0.778022E-06 0.198308E-04
 0.528057E-05 0.312767E-05 0.789251E-06 0.189175E-04
 0.515782E-05 0.309395E-05 0.799985E-06 0.182646E-04
 0.510956E-05 0.306114E-05 0.803805E-06 0.176103E-04
 0.505560E-05 0.303068E-05 0.804145E-06 0.172673E-04
 0.500141E-05 0.299535E-05 0.798439E-06 0.170074E-04
 0.493867E-05 0.296142E-05 0.791637E-06 0.168398E-04
 0.493673E-05 0.293382E-05 0.782574E-06 0.167617E-04
 0.494380E-05 0.290046E-05 0.775007E-06 0.167365E-04
 0.495304E-05 0.286703E-05 0.762750E-06 0.166846E-04
 0.499708E-05 0.283591E-05 0.751627E-06 0.168701E-04
 0.497597E-05 0.280317E-05 0.740851E-06 0.171203E-04
 0.497688E-05 0.277482E-05 0.730489E-06 0.173761E-04
 0.501293E-05 0.274701E-05 0.719345E-06 0.178082E-04
 0.504910E-05 0.271818E-05 0.709617E-06 0.182540E-04
 0.503986E-05 0.269107E-05 0.702485E-06 0.187224E-04
 0.511869E-05 0.265707E-05 0.697076E-06 0.192858E-04
 0.522581E-05 0.262067E-05 0.690417E-06 0.199272E-04
 0.533613E-05 0.259409E-05 0.682334E-06 0.206729E-04
 0.543846E-05 0.255956E-05 0.678246E-06 0.215109E-04
 0.557571E-05 0.251808E-05 0.671867E-06 0.223025E-04
 0.567530E-05 0.248215E-05 0.669118E-06 0.230794E-04
 0.579258E-05 0.244524E-05 0.669895E-06 0.237787E-04
 0.586959E-05 0.240833E-05 0.663707E-06 0.245661E-04
 0.601504E-05 0.236603E-05 0.659869E-06 0.252765E-04
 0.617042E-05 0.232264E-05 0.657051E-06 0.260860E-04
 0.628200E-05 0.228954E-05 0.649664E-06 0.268693E-04
 0.645940E-05 0.224564E-05 0.640155E-06 0.276641E-04
 0.662060E-05 0.220537E-05 0.633746E-06 0.284686E-04
